2021-02-20 23:02:17,522 - [INFO] - Number of GPU available: 2
2021-02-20 23:02:17,524 - [INFO] - => Training the resnet from scratch...
2021-02-20 23:02:23,414 - [INFO] - => Epoch: [   1/  20] | Training Loss:[1.6586e+00] | Training Accuracy: [0.3394]
2021-02-20 23:02:24,704 - [INFO] - => Epoch: [   1/  20] | Testing  Loss:[1.6791e+00] | Testing  Accuracy: [0.4017]
2021-02-20 23:02:24,755 - [INFO] - => Best parameters are updated
2021-02-20 23:02:30,766 - [INFO] - => Epoch: [   2/  20] | Training Loss:[1.2125e+00] | Training Accuracy: [0.4181]
2021-02-20 23:02:31,927 - [INFO] - => Epoch: [   2/  20] | Testing  Loss:[1.5712e+00] | Testing  Accuracy: [0.4394]
2021-02-20 23:02:31,982 - [INFO] - => Best parameters are updated
2021-02-20 23:02:37,880 - [INFO] - => Epoch: [   3/  20] | Training Loss:[1.5774e+00] | Training Accuracy: [0.4457]
2021-02-20 23:02:39,102 - [INFO] - => Epoch: [   3/  20] | Testing  Loss:[1.5174e+00] | Testing  Accuracy: [0.4540]
2021-02-20 23:02:39,141 - [INFO] - => Best parameters are updated
2021-02-20 23:02:45,111 - [INFO] - => Epoch: [   4/  20] | Training Loss:[1.3049e+00] | Training Accuracy: [0.4670]
2021-02-20 23:02:46,287 - [INFO] - => Epoch: [   4/  20] | Testing  Loss:[1.4332e+00] | Testing  Accuracy: [0.4750]
2021-02-20 23:02:46,336 - [INFO] - => Best parameters are updated
2021-02-20 23:02:52,275 - [INFO] - => Epoch: [   5/  20] | Training Loss:[1.5450e+00] | Training Accuracy: [0.4838]
2021-02-20 23:02:53,475 - [INFO] - => Epoch: [   5/  20] | Testing  Loss:[1.4354e+00] | Testing  Accuracy: [0.4796]
2021-02-20 23:02:53,529 - [INFO] - => Best parameters are updated
2021-02-20 23:02:59,525 - [INFO] - => Epoch: [   6/  20] | Training Loss:[2.1867e+00] | Training Accuracy: [0.4969]
2021-02-20 23:03:00,939 - [INFO] - => Epoch: [   6/  20] | Testing  Loss:[1.4097e+00] | Testing  Accuracy: [0.4862]
2021-02-20 23:03:00,986 - [INFO] - => Best parameters are updated
2021-02-20 23:03:06,787 - [INFO] - => Epoch: [   7/  20] | Training Loss:[1.6632e+00] | Training Accuracy: [0.5094]
2021-02-20 23:03:08,086 - [INFO] - => Epoch: [   7/  20] | Testing  Loss:[1.3459e+00] | Testing  Accuracy: [0.4956]
2021-02-20 23:03:08,135 - [INFO] - => Best parameters are updated
2021-02-20 23:03:14,001 - [INFO] - => Epoch: [   8/  20] | Training Loss:[1.3582e+00] | Training Accuracy: [0.5223]
2021-02-20 23:03:15,335 - [INFO] - => Epoch: [   8/  20] | Testing  Loss:[1.3307e+00] | Testing  Accuracy: [0.4997]
2021-02-20 23:03:15,376 - [INFO] - => Best parameters are updated
2021-02-20 23:03:21,213 - [INFO] - => Epoch: [   9/  20] | Training Loss:[1.3593e+00] | Training Accuracy: [0.5314]
2021-02-20 23:03:22,515 - [INFO] - => Epoch: [   9/  20] | Testing  Loss:[1.3537e+00] | Testing  Accuracy: [0.5018]
2021-02-20 23:03:22,591 - [INFO] - => Best parameters are updated
2021-02-20 23:03:28,597 - [INFO] - => Epoch: [  10/  20] | Training Loss:[1.3638e+00] | Training Accuracy: [0.5412]
2021-02-20 23:03:29,943 - [INFO] - => Epoch: [  10/  20] | Testing  Loss:[1.4232e+00] | Testing  Accuracy: [0.5070]
2021-02-20 23:03:29,989 - [INFO] - => Best parameters are updated
2021-02-20 23:03:36,019 - [INFO] - => Epoch: [  11/  20] | Training Loss:[1.2453e+00] | Training Accuracy: [0.5496]
2021-02-20 23:03:37,319 - [INFO] - => Epoch: [  11/  20] | Testing  Loss:[1.3472e+00] | Testing  Accuracy: [0.5095]
2021-02-20 23:03:37,372 - [INFO] - => Best parameters are updated
2021-02-20 23:03:43,365 - [INFO] - => Epoch: [  12/  20] | Training Loss:[1.4082e+00] | Training Accuracy: [0.5563]
2021-02-20 23:03:44,534 - [INFO] - => Epoch: [  12/  20] | Testing  Loss:[1.3102e+00] | Testing  Accuracy: [0.5168]
2021-02-20 23:03:44,589 - [INFO] - => Best parameters are updated
2021-02-20 23:03:50,539 - [INFO] - => Epoch: [  13/  20] | Training Loss:[1.5117e+00] | Training Accuracy: [0.5638]
2021-02-20 23:03:51,895 - [INFO] - => Epoch: [  13/  20] | Testing  Loss:[1.3728e+00] | Testing  Accuracy: [0.5187]
2021-02-20 23:03:51,942 - [INFO] - => Best parameters are updated
2021-02-20 23:03:57,828 - [INFO] - => Epoch: [  14/  20] | Training Loss:[9.6203e-01] | Training Accuracy: [0.5731]
2021-02-20 23:03:58,954 - [INFO] - => Epoch: [  14/  20] | Testing  Loss:[1.3077e+00] | Testing  Accuracy: [0.5199]
2021-02-20 23:03:58,995 - [INFO] - => Best parameters are updated
2021-02-20 23:04:04,978 - [INFO] - => Epoch: [  15/  20] | Training Loss:[1.1006e+00] | Training Accuracy: [0.5784]
2021-02-20 23:04:06,260 - [INFO] - => Epoch: [  15/  20] | Testing  Loss:[1.3007e+00] | Testing  Accuracy: [0.5212]
2021-02-20 23:04:06,309 - [INFO] - => Best parameters are updated
2021-02-20 23:04:12,307 - [INFO] - => Epoch: [  16/  20] | Training Loss:[1.8019e+00] | Training Accuracy: [0.5860]
2021-02-20 23:04:13,581 - [INFO] - => Epoch: [  16/  20] | Testing  Loss:[1.2811e+00] | Testing  Accuracy: [0.5191]
2021-02-20 23:04:19,578 - [INFO] - => Epoch: [  17/  20] | Training Loss:[1.1597e+00] | Training Accuracy: [0.5918]
2021-02-20 23:04:20,799 - [INFO] - => Epoch: [  17/  20] | Testing  Loss:[1.2692e+00] | Testing  Accuracy: [0.5220]
2021-02-20 23:04:20,845 - [INFO] - => Best parameters are updated
2021-02-20 23:04:26,731 - [INFO] - => Epoch: [  18/  20] | Training Loss:[9.6276e-01] | Training Accuracy: [0.5990]
2021-02-20 23:04:27,994 - [INFO] - => Epoch: [  18/  20] | Testing  Loss:[1.2880e+00] | Testing  Accuracy: [0.5201]
2021-02-20 23:04:33,799 - [INFO] - => Epoch: [  19/  20] | Training Loss:[1.6031e+00] | Training Accuracy: [0.6049]
2021-02-20 23:04:34,955 - [INFO] - => Epoch: [  19/  20] | Testing  Loss:[1.1677e+00] | Testing  Accuracy: [0.5230]
2021-02-20 23:04:35,011 - [INFO] - => Best parameters are updated
2021-02-20 23:04:41,096 - [INFO] - => Epoch: [  20/  20] | Training Loss:[1.5963e+00] | Training Accuracy: [0.6089]
2021-02-20 23:04:42,426 - [INFO] - => Epoch: [  20/  20] | Testing  Loss:[1.2328e+00] | Testing  Accuracy: [0.5233]
2021-02-20 23:04:42,473 - [INFO] - => Best parameters are updated
2021-02-20 23:04:42,474 - [INFO] - Trained on [20] epoch, with test accuracy [0.5232882165605095].
              => During the training stages, historical best test accuracy is          [0.5232882165605095]
