2021-02-18 03:25:13,199 - [INFO] - Number of GPU available: 1
2021-02-18 03:25:15,559 - [INFO] - => Training the resnet from scratch...
2021-02-18 03:25:21,131 - [INFO] - => Epoch: [   1/  20] | Training Loss:[6.1752e-01] | Training Accuracy: [0.7459]
2021-02-18 03:25:22,193 - [INFO] - => Epoch: [   1/  20] | Testing  Loss:[3.4761e-01] | Testing  Accuracy: [0.8608]
2021-02-18 03:25:22,208 - [INFO] - => Best parameters are updated
2021-02-18 03:25:27,956 - [INFO] - => Epoch: [   2/  20] | Training Loss:[3.4334e-01] | Training Accuracy: [0.8771]
2021-02-18 03:25:28,938 - [INFO] - => Epoch: [   2/  20] | Testing  Loss:[2.0811e-01] | Testing  Accuracy: [0.8823]
2021-02-18 03:25:28,958 - [INFO] - => Best parameters are updated
2021-02-18 03:25:34,454 - [INFO] - => Epoch: [   3/  20] | Training Loss:[2.6286e-01] | Training Accuracy: [0.8924]
2021-02-18 03:25:35,486 - [INFO] - => Epoch: [   3/  20] | Testing  Loss:[1.9684e-01] | Testing  Accuracy: [0.8910]
2021-02-18 03:25:35,500 - [INFO] - => Best parameters are updated
2021-02-18 03:25:40,898 - [INFO] - => Epoch: [   4/  20] | Training Loss:[4.4300e-01] | Training Accuracy: [0.9006]
2021-02-18 03:25:41,997 - [INFO] - => Epoch: [   4/  20] | Testing  Loss:[1.6926e-01] | Testing  Accuracy: [0.8975]
2021-02-18 03:25:42,015 - [INFO] - => Best parameters are updated
2021-02-18 03:25:47,432 - [INFO] - => Epoch: [   5/  20] | Training Loss:[2.4802e-01] | Training Accuracy: [0.9061]
2021-02-18 03:25:48,420 - [INFO] - => Epoch: [   5/  20] | Testing  Loss:[1.5769e-01] | Testing  Accuracy: [0.9022]
2021-02-18 03:25:48,432 - [INFO] - => Best parameters are updated
2021-02-18 03:25:53,950 - [INFO] - => Epoch: [   6/  20] | Training Loss:[3.9443e-01] | Training Accuracy: [0.9099]
2021-02-18 03:25:55,104 - [INFO] - => Epoch: [   6/  20] | Testing  Loss:[1.5342e-01] | Testing  Accuracy: [0.9055]
2021-02-18 03:25:55,121 - [INFO] - => Best parameters are updated
2021-02-18 03:26:00,654 - [INFO] - => Epoch: [   7/  20] | Training Loss:[5.6666e-01] | Training Accuracy: [0.9129]
2021-02-18 03:26:01,610 - [INFO] - => Epoch: [   7/  20] | Testing  Loss:[1.5112e-01] | Testing  Accuracy: [0.9083]
2021-02-18 03:26:01,627 - [INFO] - => Best parameters are updated
2021-02-18 03:26:07,083 - [INFO] - => Epoch: [   8/  20] | Training Loss:[2.7622e-01] | Training Accuracy: [0.9173]
2021-02-18 03:26:08,113 - [INFO] - => Epoch: [   8/  20] | Testing  Loss:[1.4972e-01] | Testing  Accuracy: [0.9103]
2021-02-18 03:26:08,132 - [INFO] - => Best parameters are updated
2021-02-18 03:26:13,821 - [INFO] - => Epoch: [   9/  20] | Training Loss:[1.2121e-01] | Training Accuracy: [0.9201]
2021-02-18 03:26:14,959 - [INFO] - => Epoch: [   9/  20] | Testing  Loss:[1.6517e-01] | Testing  Accuracy: [0.9152]
2021-02-18 03:26:14,974 - [INFO] - => Best parameters are updated
2021-02-18 03:26:20,891 - [INFO] - => Epoch: [  10/  20] | Training Loss:[2.0123e-01] | Training Accuracy: [0.9227]
2021-02-18 03:26:21,909 - [INFO] - => Epoch: [  10/  20] | Testing  Loss:[1.3310e-01] | Testing  Accuracy: [0.9160]
2021-02-18 03:26:21,925 - [INFO] - => Best parameters are updated
2021-02-18 03:26:27,434 - [INFO] - => Epoch: [  11/  20] | Training Loss:[2.2828e-01] | Training Accuracy: [0.9257]
2021-02-18 03:26:28,420 - [INFO] - => Epoch: [  11/  20] | Testing  Loss:[1.1295e-01] | Testing  Accuracy: [0.9181]
2021-02-18 03:26:28,438 - [INFO] - => Best parameters are updated
2021-02-18 03:26:34,429 - [INFO] - => Epoch: [  12/  20] | Training Loss:[2.1998e-01] | Training Accuracy: [0.9279]
2021-02-18 03:26:35,520 - [INFO] - => Epoch: [  12/  20] | Testing  Loss:[1.0287e-01] | Testing  Accuracy: [0.9215]
2021-02-18 03:26:35,539 - [INFO] - => Best parameters are updated
2021-02-18 03:26:41,268 - [INFO] - => Epoch: [  13/  20] | Training Loss:[3.1580e-01] | Training Accuracy: [0.9309]
2021-02-18 03:26:42,280 - [INFO] - => Epoch: [  13/  20] | Testing  Loss:[1.0586e-01] | Testing  Accuracy: [0.9229]
2021-02-18 03:26:42,295 - [INFO] - => Best parameters are updated
2021-02-18 03:26:48,272 - [INFO] - => Epoch: [  14/  20] | Training Loss:[3.2427e-01] | Training Accuracy: [0.9332]
2021-02-18 03:26:49,189 - [INFO] - => Epoch: [  14/  20] | Testing  Loss:[8.9087e-02] | Testing  Accuracy: [0.9241]
2021-02-18 03:26:49,208 - [INFO] - => Best parameters are updated
2021-02-18 03:26:54,650 - [INFO] - => Epoch: [  15/  20] | Training Loss:[1.6387e-01] | Training Accuracy: [0.9356]
2021-02-18 03:26:55,591 - [INFO] - => Epoch: [  15/  20] | Testing  Loss:[9.2693e-02] | Testing  Accuracy: [0.9265]
2021-02-18 03:26:55,606 - [INFO] - => Best parameters are updated
2021-02-18 03:27:00,960 - [INFO] - => Epoch: [  16/  20] | Training Loss:[2.2881e-01] | Training Accuracy: [0.9379]
2021-02-18 03:27:01,949 - [INFO] - => Epoch: [  16/  20] | Testing  Loss:[7.6076e-02] | Testing  Accuracy: [0.9275]
2021-02-18 03:27:01,968 - [INFO] - => Best parameters are updated
2021-02-18 03:27:07,417 - [INFO] - => Epoch: [  17/  20] | Training Loss:[1.2608e-01] | Training Accuracy: [0.9400]
2021-02-18 03:27:08,530 - [INFO] - => Epoch: [  17/  20] | Testing  Loss:[6.6131e-02] | Testing  Accuracy: [0.9301]
2021-02-18 03:27:08,546 - [INFO] - => Best parameters are updated
2021-02-18 03:27:14,297 - [INFO] - => Epoch: [  18/  20] | Training Loss:[3.9591e-01] | Training Accuracy: [0.9418]
2021-02-18 03:27:15,223 - [INFO] - => Epoch: [  18/  20] | Testing  Loss:[7.4368e-02] | Testing  Accuracy: [0.9306]
2021-02-18 03:27:15,240 - [INFO] - => Best parameters are updated
2021-02-18 03:27:20,737 - [INFO] - => Epoch: [  19/  20] | Training Loss:[2.0367e-01] | Training Accuracy: [0.9440]
2021-02-18 03:27:21,684 - [INFO] - => Epoch: [  19/  20] | Testing  Loss:[6.5408e-02] | Testing  Accuracy: [0.9329]
2021-02-18 03:27:21,702 - [INFO] - => Best parameters are updated
2021-02-18 03:27:27,094 - [INFO] - => Epoch: [  20/  20] | Training Loss:[1.7534e-01] | Training Accuracy: [0.9452]
2021-02-18 03:27:28,036 - [INFO] - => Epoch: [  20/  20] | Testing  Loss:[6.3346e-02] | Testing  Accuracy: [0.9333]
2021-02-18 03:27:28,053 - [INFO] - => Best parameters are updated
2021-02-18 03:27:28,053 - [INFO] - Trained on [20] epoch, with test accuracy [0.9333465189873418].
              => During the training stages, historical best test accuracy is          [0.9333465189873418]
