2021-03-05 13:40:24,197 - [INFO] - Number of GPU available: 2
2021-03-05 13:40:26,092 - [INFO] - => Training the resnet from scratch...
2021-03-05 13:40:59,177 - [INFO] - => Epoch: [   1/ 200] | Training Loss:[1.0753e+00] | Training Accuracy: [0.5036]
2021-03-05 13:41:01,784 - [INFO] - => Epoch: [   1/ 200] | Testing  Loss:[9.2375e-01] | Testing  Accuracy: [0.6200]
2021-03-05 13:41:02,288 - [INFO] - => Best parameters are updated
2021-03-05 13:41:32,497 - [INFO] - => Epoch: [   2/ 200] | Training Loss:[7.3109e-01] | Training Accuracy: [0.6982]
2021-03-05 13:41:34,998 - [INFO] - => Epoch: [   2/ 200] | Testing  Loss:[4.7034e-01] | Testing  Accuracy: [0.7038]
2021-03-05 13:41:35,565 - [INFO] - => Best parameters are updated
2021-03-05 13:42:05,961 - [INFO] - => Epoch: [   3/ 200] | Training Loss:[6.8491e-01] | Training Accuracy: [0.7698]
2021-03-05 13:42:08,464 - [INFO] - => Epoch: [   3/ 200] | Testing  Loss:[6.7742e-01] | Testing  Accuracy: [0.7366]
2021-03-05 13:42:09,043 - [INFO] - => Best parameters are updated
2021-03-05 13:42:39,552 - [INFO] - => Epoch: [   4/ 200] | Training Loss:[5.3919e-01] | Training Accuracy: [0.8063]
2021-03-05 13:42:41,993 - [INFO] - => Epoch: [   4/ 200] | Testing  Loss:[7.8300e-01] | Testing  Accuracy: [0.7453]
2021-03-05 13:42:42,579 - [INFO] - => Best parameters are updated
2021-03-05 13:43:13,096 - [INFO] - => Epoch: [   5/ 200] | Training Loss:[4.7599e-01] | Training Accuracy: [0.8301]
2021-03-05 13:43:15,558 - [INFO] - => Epoch: [   5/ 200] | Testing  Loss:[6.6573e-01] | Testing  Accuracy: [0.8054]
2021-03-05 13:43:16,137 - [INFO] - => Best parameters are updated
2021-03-05 13:43:46,731 - [INFO] - => Epoch: [   6/ 200] | Training Loss:[4.6372e-01] | Training Accuracy: [0.8481]
2021-03-05 13:43:49,177 - [INFO] - => Epoch: [   6/ 200] | Testing  Loss:[4.5821e-01] | Testing  Accuracy: [0.8401]
2021-03-05 13:43:49,862 - [INFO] - => Best parameters are updated
2021-03-05 13:44:20,325 - [INFO] - => Epoch: [   7/ 200] | Training Loss:[3.9760e-01] | Training Accuracy: [0.8608]
2021-03-05 13:44:22,822 - [INFO] - => Epoch: [   7/ 200] | Testing  Loss:[2.5930e-01] | Testing  Accuracy: [0.8444]
2021-03-05 13:44:23,384 - [INFO] - => Best parameters are updated
2021-03-05 13:44:53,943 - [INFO] - => Epoch: [   8/ 200] | Training Loss:[3.9339e-01] | Training Accuracy: [0.8726]
2021-03-05 13:44:56,405 - [INFO] - => Epoch: [   8/ 200] | Testing  Loss:[1.7277e-01] | Testing  Accuracy: [0.8450]
2021-03-05 13:44:56,979 - [INFO] - => Best parameters are updated
2021-03-05 13:45:27,554 - [INFO] - => Epoch: [   9/ 200] | Training Loss:[2.3063e-01] | Training Accuracy: [0.8814]
2021-03-05 13:45:30,012 - [INFO] - => Epoch: [   9/ 200] | Testing  Loss:[3.9191e-01] | Testing  Accuracy: [0.8305]
2021-03-05 13:46:00,889 - [INFO] - => Epoch: [  10/ 200] | Training Loss:[3.1047e-01] | Training Accuracy: [0.8892]
2021-03-05 13:46:03,352 - [INFO] - => Epoch: [  10/ 200] | Testing  Loss:[1.1410e+00] | Testing  Accuracy: [0.8405]
2021-03-05 13:46:34,149 - [INFO] - => Epoch: [  11/ 200] | Training Loss:[1.9144e-01] | Training Accuracy: [0.8993]
2021-03-05 13:46:36,608 - [INFO] - => Epoch: [  11/ 200] | Testing  Loss:[6.9118e-01] | Testing  Accuracy: [0.8696]
2021-03-05 13:46:37,191 - [INFO] - => Best parameters are updated
2021-03-05 13:47:07,687 - [INFO] - => Epoch: [  12/ 200] | Training Loss:[2.4802e-01] | Training Accuracy: [0.9042]
2021-03-05 13:47:10,137 - [INFO] - => Epoch: [  12/ 200] | Testing  Loss:[5.7359e-01] | Testing  Accuracy: [0.8625]
2021-03-05 13:47:41,137 - [INFO] - => Epoch: [  13/ 200] | Training Loss:[2.4128e-01] | Training Accuracy: [0.9093]
2021-03-05 13:47:43,661 - [INFO] - => Epoch: [  13/ 200] | Testing  Loss:[1.3753e-01] | Testing  Accuracy: [0.8602]
2021-03-05 13:48:14,606 - [INFO] - => Epoch: [  14/ 200] | Training Loss:[3.6856e-01] | Training Accuracy: [0.9174]
2021-03-05 13:48:17,128 - [INFO] - => Epoch: [  14/ 200] | Testing  Loss:[4.4276e-01] | Testing  Accuracy: [0.8819]
2021-03-05 13:48:17,778 - [INFO] - => Best parameters are updated
2021-03-05 13:48:48,371 - [INFO] - => Epoch: [  15/ 200] | Training Loss:[2.2668e-01] | Training Accuracy: [0.9185]
2021-03-05 13:48:50,894 - [INFO] - => Epoch: [  15/ 200] | Testing  Loss:[7.5159e-01] | Testing  Accuracy: [0.8758]
2021-03-05 13:49:21,759 - [INFO] - => Epoch: [  16/ 200] | Training Loss:[3.8621e-01] | Training Accuracy: [0.9250]
2021-03-05 13:49:24,211 - [INFO] - => Epoch: [  16/ 200] | Testing  Loss:[4.5242e-01] | Testing  Accuracy: [0.8820]
2021-03-05 13:49:24,792 - [INFO] - => Best parameters are updated
2021-03-05 13:49:55,537 - [INFO] - => Epoch: [  17/ 200] | Training Loss:[4.1719e-01] | Training Accuracy: [0.9270]
2021-03-05 13:49:57,996 - [INFO] - => Epoch: [  17/ 200] | Testing  Loss:[1.0789e+00] | Testing  Accuracy: [0.8755]
2021-03-05 13:50:28,961 - [INFO] - => Epoch: [  18/ 200] | Training Loss:[3.0881e-01] | Training Accuracy: [0.9329]
2021-03-05 13:50:31,428 - [INFO] - => Epoch: [  18/ 200] | Testing  Loss:[6.7044e-02] | Testing  Accuracy: [0.8666]
2021-03-05 13:51:02,468 - [INFO] - => Epoch: [  19/ 200] | Training Loss:[2.3596e-01] | Training Accuracy: [0.9354]
2021-03-05 13:51:04,926 - [INFO] - => Epoch: [  19/ 200] | Testing  Loss:[4.6874e-01] | Testing  Accuracy: [0.8496]
2021-03-05 13:51:35,940 - [INFO] - => Epoch: [  20/ 200] | Training Loss:[2.5130e-01] | Training Accuracy: [0.9389]
2021-03-05 13:51:38,401 - [INFO] - => Epoch: [  20/ 200] | Testing  Loss:[5.4393e-01] | Testing  Accuracy: [0.8921]
2021-03-05 13:51:38,957 - [INFO] - => Best parameters are updated
2021-03-05 13:52:09,662 - [INFO] - => Epoch: [  21/ 200] | Training Loss:[1.6036e-01] | Training Accuracy: [0.9425]
2021-03-05 13:52:12,151 - [INFO] - => Epoch: [  21/ 200] | Testing  Loss:[4.9607e-01] | Testing  Accuracy: [0.8800]
2021-03-05 13:52:43,201 - [INFO] - => Epoch: [  22/ 200] | Training Loss:[1.7847e-01] | Training Accuracy: [0.9428]
2021-03-05 13:52:45,679 - [INFO] - => Epoch: [  22/ 200] | Testing  Loss:[4.8419e-01] | Testing  Accuracy: [0.8840]
2021-03-05 13:53:16,887 - [INFO] - => Epoch: [  23/ 200] | Training Loss:[2.1815e-01] | Training Accuracy: [0.9475]
2021-03-05 13:53:19,368 - [INFO] - => Epoch: [  23/ 200] | Testing  Loss:[5.4933e-02] | Testing  Accuracy: [0.8880]
2021-03-05 13:53:50,405 - [INFO] - => Epoch: [  24/ 200] | Training Loss:[1.5771e-01] | Training Accuracy: [0.9475]
2021-03-05 13:53:52,860 - [INFO] - => Epoch: [  24/ 200] | Testing  Loss:[2.7682e-01] | Testing  Accuracy: [0.8903]
2021-03-05 13:54:23,875 - [INFO] - => Epoch: [  25/ 200] | Training Loss:[2.2712e-01] | Training Accuracy: [0.9510]
2021-03-05 13:54:26,358 - [INFO] - => Epoch: [  25/ 200] | Testing  Loss:[1.4304e-01] | Testing  Accuracy: [0.8939]
2021-03-05 13:54:26,927 - [INFO] - => Best parameters are updated
2021-03-05 13:54:57,594 - [INFO] - => Epoch: [  26/ 200] | Training Loss:[2.6176e-01] | Training Accuracy: [0.9537]
2021-03-05 13:55:00,073 - [INFO] - => Epoch: [  26/ 200] | Testing  Loss:[1.6906e-02] | Testing  Accuracy: [0.8909]
2021-03-05 13:55:31,001 - [INFO] - => Epoch: [  27/ 200] | Training Loss:[1.4637e-01] | Training Accuracy: [0.9552]
2021-03-05 13:55:33,493 - [INFO] - => Epoch: [  27/ 200] | Testing  Loss:[2.2054e-01] | Testing  Accuracy: [0.9030]
2021-03-05 13:55:34,082 - [INFO] - => Best parameters are updated
2021-03-05 13:56:04,786 - [INFO] - => Epoch: [  28/ 200] | Training Loss:[9.9775e-02] | Training Accuracy: [0.9592]
2021-03-05 13:56:07,271 - [INFO] - => Epoch: [  28/ 200] | Testing  Loss:[1.4308e-01] | Testing  Accuracy: [0.9005]
2021-03-05 13:56:38,215 - [INFO] - => Epoch: [  29/ 200] | Training Loss:[2.0707e-01] | Training Accuracy: [0.9594]
2021-03-05 13:56:40,699 - [INFO] - => Epoch: [  29/ 200] | Testing  Loss:[3.0226e-01] | Testing  Accuracy: [0.8925]
2021-03-05 13:57:11,534 - [INFO] - => Epoch: [  30/ 200] | Training Loss:[2.0122e-01] | Training Accuracy: [0.9590]
2021-03-05 13:57:14,002 - [INFO] - => Epoch: [  30/ 200] | Testing  Loss:[3.4895e-01] | Testing  Accuracy: [0.8977]
2021-03-05 13:57:44,978 - [INFO] - => Epoch: [  31/ 200] | Training Loss:[1.3038e-01] | Training Accuracy: [0.9604]
2021-03-05 13:57:47,459 - [INFO] - => Epoch: [  31/ 200] | Testing  Loss:[6.1537e-02] | Testing  Accuracy: [0.8981]
2021-03-05 13:58:18,409 - [INFO] - => Epoch: [  32/ 200] | Training Loss:[1.5930e-01] | Training Accuracy: [0.9642]
2021-03-05 13:58:20,884 - [INFO] - => Epoch: [  32/ 200] | Testing  Loss:[4.6967e-01] | Testing  Accuracy: [0.9039]
2021-03-05 13:58:21,457 - [INFO] - => Best parameters are updated
2021-03-05 13:58:52,210 - [INFO] - => Epoch: [  33/ 200] | Training Loss:[1.1706e-01] | Training Accuracy: [0.9640]
2021-03-05 13:58:54,675 - [INFO] - => Epoch: [  33/ 200] | Testing  Loss:[4.8661e-01] | Testing  Accuracy: [0.8928]
2021-03-05 13:59:25,697 - [INFO] - => Epoch: [  34/ 200] | Training Loss:[6.8439e-02] | Training Accuracy: [0.9656]
2021-03-05 13:59:28,148 - [INFO] - => Epoch: [  34/ 200] | Testing  Loss:[1.2792e-01] | Testing  Accuracy: [0.8951]
2021-03-05 13:59:59,038 - [INFO] - => Epoch: [  35/ 200] | Training Loss:[1.5054e-01] | Training Accuracy: [0.9677]
2021-03-05 14:00:01,497 - [INFO] - => Epoch: [  35/ 200] | Testing  Loss:[2.9614e-01] | Testing  Accuracy: [0.9047]
2021-03-05 14:00:02,065 - [INFO] - => Best parameters are updated
2021-03-05 14:00:32,711 - [INFO] - => Epoch: [  36/ 200] | Training Loss:[1.0307e-01] | Training Accuracy: [0.9685]
2021-03-05 14:00:35,236 - [INFO] - => Epoch: [  36/ 200] | Testing  Loss:[6.8008e-01] | Testing  Accuracy: [0.9024]
2021-03-05 14:01:06,223 - [INFO] - => Epoch: [  37/ 200] | Training Loss:[6.0101e-02] | Training Accuracy: [0.9696]
2021-03-05 14:01:08,715 - [INFO] - => Epoch: [  37/ 200] | Testing  Loss:[4.2480e-01] | Testing  Accuracy: [0.9098]
2021-03-05 14:01:09,287 - [INFO] - => Best parameters are updated
2021-03-05 14:01:39,785 - [INFO] - => Epoch: [  38/ 200] | Training Loss:[1.3435e-01] | Training Accuracy: [0.9707]
2021-03-05 14:01:42,231 - [INFO] - => Epoch: [  38/ 200] | Testing  Loss:[7.6692e-02] | Testing  Accuracy: [0.9084]
2021-03-05 14:02:13,140 - [INFO] - => Epoch: [  39/ 200] | Training Loss:[3.2581e-02] | Training Accuracy: [0.9695]
2021-03-05 14:02:15,614 - [INFO] - => Epoch: [  39/ 200] | Testing  Loss:[2.6692e-01] | Testing  Accuracy: [0.9069]
2021-03-05 14:02:46,616 - [INFO] - => Epoch: [  40/ 200] | Training Loss:[6.4981e-02] | Training Accuracy: [0.9733]
2021-03-05 14:02:49,076 - [INFO] - => Epoch: [  40/ 200] | Testing  Loss:[3.8186e-01] | Testing  Accuracy: [0.8996]
2021-03-05 14:03:20,078 - [INFO] - => Epoch: [  41/ 200] | Training Loss:[1.7869e-01] | Training Accuracy: [0.9747]
2021-03-05 14:03:22,560 - [INFO] - => Epoch: [  41/ 200] | Testing  Loss:[3.2409e-01] | Testing  Accuracy: [0.9067]
2021-03-05 14:03:53,657 - [INFO] - => Epoch: [  42/ 200] | Training Loss:[6.2170e-02] | Training Accuracy: [0.9760]
2021-03-05 14:03:56,107 - [INFO] - => Epoch: [  42/ 200] | Testing  Loss:[2.0603e-01] | Testing  Accuracy: [0.9110]
2021-03-05 14:03:56,683 - [INFO] - => Best parameters are updated
2021-03-05 14:04:27,324 - [INFO] - => Epoch: [  43/ 200] | Training Loss:[3.7418e-02] | Training Accuracy: [0.9756]
2021-03-05 14:04:29,780 - [INFO] - => Epoch: [  43/ 200] | Testing  Loss:[3.8735e-01] | Testing  Accuracy: [0.9045]
2021-03-05 14:05:00,648 - [INFO] - => Epoch: [  44/ 200] | Training Loss:[2.1103e-01] | Training Accuracy: [0.9782]
2021-03-05 14:05:03,117 - [INFO] - => Epoch: [  44/ 200] | Testing  Loss:[7.8024e-01] | Testing  Accuracy: [0.9079]
2021-03-05 14:05:34,121 - [INFO] - => Epoch: [  45/ 200] | Training Loss:[1.0357e-01] | Training Accuracy: [0.9768]
2021-03-05 14:05:36,597 - [INFO] - => Epoch: [  45/ 200] | Testing  Loss:[4.9790e-02] | Testing  Accuracy: [0.9060]
2021-03-05 14:06:07,560 - [INFO] - => Epoch: [  46/ 200] | Training Loss:[5.2619e-02] | Training Accuracy: [0.9773]
2021-03-05 14:06:10,004 - [INFO] - => Epoch: [  46/ 200] | Testing  Loss:[4.0000e-01] | Testing  Accuracy: [0.9128]
2021-03-05 14:06:10,580 - [INFO] - => Best parameters are updated
2021-03-05 14:06:41,294 - [INFO] - => Epoch: [  47/ 200] | Training Loss:[1.0037e-01] | Training Accuracy: [0.9793]
2021-03-05 14:06:43,751 - [INFO] - => Epoch: [  47/ 200] | Testing  Loss:[1.0656e+00] | Testing  Accuracy: [0.9034]
2021-03-05 14:07:14,838 - [INFO] - => Epoch: [  48/ 200] | Training Loss:[4.5263e-02] | Training Accuracy: [0.9789]
2021-03-05 14:07:17,339 - [INFO] - => Epoch: [  48/ 200] | Testing  Loss:[1.5918e-01] | Testing  Accuracy: [0.9163]
2021-03-05 14:07:17,904 - [INFO] - => Best parameters are updated
2021-03-05 14:07:48,619 - [INFO] - => Epoch: [  49/ 200] | Training Loss:[1.1617e-01] | Training Accuracy: [0.9800]
2021-03-05 14:07:51,101 - [INFO] - => Epoch: [  49/ 200] | Testing  Loss:[3.3153e-01] | Testing  Accuracy: [0.9115]
2021-03-05 14:08:22,125 - [INFO] - => Epoch: [  50/ 200] | Training Loss:[7.9870e-02] | Training Accuracy: [0.9796]
2021-03-05 14:08:24,565 - [INFO] - => Epoch: [  50/ 200] | Testing  Loss:[2.1406e-01] | Testing  Accuracy: [0.9065]
2021-03-05 14:08:55,571 - [INFO] - => Epoch: [  51/ 200] | Training Loss:[1.0162e-01] | Training Accuracy: [0.9798]
2021-03-05 14:08:58,009 - [INFO] - => Epoch: [  51/ 200] | Testing  Loss:[6.8541e-01] | Testing  Accuracy: [0.9046]
2021-03-05 14:09:29,039 - [INFO] - => Epoch: [  52/ 200] | Training Loss:[3.6521e-02] | Training Accuracy: [0.9841]
2021-03-05 14:09:31,521 - [INFO] - => Epoch: [  52/ 200] | Testing  Loss:[2.9489e-01] | Testing  Accuracy: [0.9143]
2021-03-05 14:10:02,369 - [INFO] - => Epoch: [  53/ 200] | Training Loss:[5.2533e-02] | Training Accuracy: [0.9807]
2021-03-05 14:10:04,845 - [INFO] - => Epoch: [  53/ 200] | Testing  Loss:[2.4067e-01] | Testing  Accuracy: [0.9035]
2021-03-05 14:10:35,785 - [INFO] - => Epoch: [  54/ 200] | Training Loss:[1.2526e-01] | Training Accuracy: [0.9816]
2021-03-05 14:10:38,254 - [INFO] - => Epoch: [  54/ 200] | Testing  Loss:[7.6145e-01] | Testing  Accuracy: [0.9150]
2021-03-05 14:11:09,281 - [INFO] - => Epoch: [  55/ 200] | Training Loss:[2.9800e-02] | Training Accuracy: [0.9826]
2021-03-05 14:11:11,741 - [INFO] - => Epoch: [  55/ 200] | Testing  Loss:[7.7907e-01] | Testing  Accuracy: [0.9134]
2021-03-05 14:11:42,727 - [INFO] - => Epoch: [  56/ 200] | Training Loss:[3.8777e-02] | Training Accuracy: [0.9832]
2021-03-05 14:11:45,171 - [INFO] - => Epoch: [  56/ 200] | Testing  Loss:[4.4261e-01] | Testing  Accuracy: [0.9172]
2021-03-05 14:11:45,743 - [INFO] - => Best parameters are updated
2021-03-05 14:12:16,368 - [INFO] - => Epoch: [  57/ 200] | Training Loss:[2.7066e-02] | Training Accuracy: [0.9855]
2021-03-05 14:12:18,839 - [INFO] - => Epoch: [  57/ 200] | Testing  Loss:[3.2211e-01] | Testing  Accuracy: [0.9163]
2021-03-05 14:12:49,865 - [INFO] - => Epoch: [  58/ 200] | Training Loss:[1.9024e-02] | Training Accuracy: [0.9836]
2021-03-05 14:12:52,308 - [INFO] - => Epoch: [  58/ 200] | Testing  Loss:[3.7389e-01] | Testing  Accuracy: [0.9153]
2021-03-05 14:13:23,507 - [INFO] - => Epoch: [  59/ 200] | Training Loss:[2.2296e-02] | Training Accuracy: [0.9844]
2021-03-05 14:13:26,026 - [INFO] - => Epoch: [  59/ 200] | Testing  Loss:[5.2041e-01] | Testing  Accuracy: [0.9198]
2021-03-05 14:13:26,600 - [INFO] - => Best parameters are updated
2021-03-05 14:13:57,200 - [INFO] - => Epoch: [  60/ 200] | Training Loss:[1.4834e-02] | Training Accuracy: [0.9859]
2021-03-05 14:13:59,696 - [INFO] - => Epoch: [  60/ 200] | Testing  Loss:[4.7152e-01] | Testing  Accuracy: [0.9158]
2021-03-05 14:14:30,731 - [INFO] - => Epoch: [  61/ 200] | Training Loss:[2.2768e-02] | Training Accuracy: [0.9859]
2021-03-05 14:14:33,205 - [INFO] - => Epoch: [  61/ 200] | Testing  Loss:[2.7111e-01] | Testing  Accuracy: [0.9227]
2021-03-05 14:14:33,784 - [INFO] - => Best parameters are updated
2021-03-05 14:15:04,314 - [INFO] - => Epoch: [  62/ 200] | Training Loss:[2.8237e-02] | Training Accuracy: [0.9873]
2021-03-05 14:15:06,756 - [INFO] - => Epoch: [  62/ 200] | Testing  Loss:[4.9435e-01] | Testing  Accuracy: [0.9161]
2021-03-05 14:15:37,578 - [INFO] - => Epoch: [  63/ 200] | Training Loss:[1.5889e-02] | Training Accuracy: [0.9859]
2021-03-05 14:15:40,050 - [INFO] - => Epoch: [  63/ 200] | Testing  Loss:[3.0587e-01] | Testing  Accuracy: [0.9139]
2021-03-05 14:16:11,077 - [INFO] - => Epoch: [  64/ 200] | Training Loss:[7.3786e-02] | Training Accuracy: [0.9856]
2021-03-05 14:16:13,511 - [INFO] - => Epoch: [  64/ 200] | Testing  Loss:[5.6465e-01] | Testing  Accuracy: [0.9161]
2021-03-05 14:16:44,512 - [INFO] - => Epoch: [  65/ 200] | Training Loss:[4.1512e-02] | Training Accuracy: [0.9867]
2021-03-05 14:16:46,985 - [INFO] - => Epoch: [  65/ 200] | Testing  Loss:[1.0104e+00] | Testing  Accuracy: [0.9190]
2021-03-05 14:17:18,303 - [INFO] - => Epoch: [  66/ 200] | Training Loss:[7.6407e-02] | Training Accuracy: [0.9866]
2021-03-05 14:17:20,762 - [INFO] - => Epoch: [  66/ 200] | Testing  Loss:[5.9982e-01] | Testing  Accuracy: [0.9216]
2021-03-05 14:17:51,870 - [INFO] - => Epoch: [  67/ 200] | Training Loss:[2.1240e-02] | Training Accuracy: [0.9856]
2021-03-05 14:17:54,325 - [INFO] - => Epoch: [  67/ 200] | Testing  Loss:[1.0413e-01] | Testing  Accuracy: [0.9135]
2021-03-05 14:18:25,400 - [INFO] - => Epoch: [  68/ 200] | Training Loss:[1.7875e-02] | Training Accuracy: [0.9869]
2021-03-05 14:18:27,856 - [INFO] - => Epoch: [  68/ 200] | Testing  Loss:[5.2721e-01] | Testing  Accuracy: [0.9262]
2021-03-05 14:18:28,444 - [INFO] - => Best parameters are updated
2021-03-05 14:18:59,173 - [INFO] - => Epoch: [  69/ 200] | Training Loss:[2.6610e-02] | Training Accuracy: [0.9877]
2021-03-05 14:19:01,655 - [INFO] - => Epoch: [  69/ 200] | Testing  Loss:[5.3806e-01] | Testing  Accuracy: [0.9112]
2021-03-05 14:19:32,583 - [INFO] - => Epoch: [  70/ 200] | Training Loss:[3.4495e-02] | Training Accuracy: [0.9866]
2021-03-05 14:19:35,029 - [INFO] - => Epoch: [  70/ 200] | Testing  Loss:[3.4106e-01] | Testing  Accuracy: [0.9208]
2021-03-05 14:20:05,890 - [INFO] - => Epoch: [  71/ 200] | Training Loss:[2.9339e-02] | Training Accuracy: [0.9888]
2021-03-05 14:20:08,411 - [INFO] - => Epoch: [  71/ 200] | Testing  Loss:[8.1543e-01] | Testing  Accuracy: [0.9084]
2021-03-05 14:20:39,278 - [INFO] - => Epoch: [  72/ 200] | Training Loss:[2.1025e-02] | Training Accuracy: [0.9869]
2021-03-05 14:20:41,765 - [INFO] - => Epoch: [  72/ 200] | Testing  Loss:[4.0441e-01] | Testing  Accuracy: [0.9194]
2021-03-05 14:21:12,823 - [INFO] - => Epoch: [  73/ 200] | Training Loss:[4.2726e-02] | Training Accuracy: [0.9891]
2021-03-05 14:21:15,302 - [INFO] - => Epoch: [  73/ 200] | Testing  Loss:[2.7511e-01] | Testing  Accuracy: [0.9186]
2021-03-05 14:21:46,220 - [INFO] - => Epoch: [  74/ 200] | Training Loss:[3.4853e-02] | Training Accuracy: [0.9887]
2021-03-05 14:21:48,658 - [INFO] - => Epoch: [  74/ 200] | Testing  Loss:[7.0733e-01] | Testing  Accuracy: [0.9232]
2021-03-05 14:22:19,600 - [INFO] - => Epoch: [  75/ 200] | Training Loss:[9.5175e-03] | Training Accuracy: [0.9892]
2021-03-05 14:22:22,093 - [INFO] - => Epoch: [  75/ 200] | Testing  Loss:[3.3618e-01] | Testing  Accuracy: [0.9206]
2021-03-05 14:22:53,022 - [INFO] - => Epoch: [  76/ 200] | Training Loss:[1.6464e-02] | Training Accuracy: [0.9881]
2021-03-05 14:22:55,458 - [INFO] - => Epoch: [  76/ 200] | Testing  Loss:[5.5832e-01] | Testing  Accuracy: [0.9151]
2021-03-05 14:23:26,504 - [INFO] - => Epoch: [  77/ 200] | Training Loss:[2.3177e-02] | Training Accuracy: [0.9887]
2021-03-05 14:23:29,005 - [INFO] - => Epoch: [  77/ 200] | Testing  Loss:[4.5055e-01] | Testing  Accuracy: [0.9147]
2021-03-05 14:23:59,982 - [INFO] - => Epoch: [  78/ 200] | Training Loss:[1.2364e-02] | Training Accuracy: [0.9894]
2021-03-05 14:24:02,439 - [INFO] - => Epoch: [  78/ 200] | Testing  Loss:[6.5574e-01] | Testing  Accuracy: [0.9173]
2021-03-05 14:24:33,381 - [INFO] - => Epoch: [  79/ 200] | Training Loss:[7.1309e-02] | Training Accuracy: [0.9898]
2021-03-05 14:24:35,864 - [INFO] - => Epoch: [  79/ 200] | Testing  Loss:[3.9126e-01] | Testing  Accuracy: [0.9215]
2021-03-05 14:25:06,768 - [INFO] - => Epoch: [  80/ 200] | Training Loss:[3.6803e-02] | Training Accuracy: [0.9913]
2021-03-05 14:25:09,247 - [INFO] - => Epoch: [  80/ 200] | Testing  Loss:[4.5938e-01] | Testing  Accuracy: [0.9199]
2021-03-05 14:25:40,270 - [INFO] - => Epoch: [  81/ 200] | Training Loss:[2.6188e-02] | Training Accuracy: [0.9892]
2021-03-05 14:25:42,729 - [INFO] - => Epoch: [  81/ 200] | Testing  Loss:[8.3068e-01] | Testing  Accuracy: [0.9258]
2021-03-05 14:26:13,792 - [INFO] - => Epoch: [  82/ 200] | Training Loss:[4.1601e-02] | Training Accuracy: [0.9916]
2021-03-05 14:26:16,298 - [INFO] - => Epoch: [  82/ 200] | Testing  Loss:[9.9552e-01] | Testing  Accuracy: [0.9195]
2021-03-05 14:26:47,161 - [INFO] - => Epoch: [  83/ 200] | Training Loss:[1.4979e-02] | Training Accuracy: [0.9899]
2021-03-05 14:26:49,640 - [INFO] - => Epoch: [  83/ 200] | Testing  Loss:[4.9260e-01] | Testing  Accuracy: [0.9183]
2021-03-05 14:27:20,515 - [INFO] - => Epoch: [  84/ 200] | Training Loss:[1.2998e-02] | Training Accuracy: [0.9919]
2021-03-05 14:27:22,995 - [INFO] - => Epoch: [  84/ 200] | Testing  Loss:[6.1305e-01] | Testing  Accuracy: [0.9185]
2021-03-05 14:27:54,017 - [INFO] - => Epoch: [  85/ 200] | Training Loss:[1.6541e-02] | Training Accuracy: [0.9918]
2021-03-05 14:27:56,458 - [INFO] - => Epoch: [  85/ 200] | Testing  Loss:[8.5410e-01] | Testing  Accuracy: [0.9255]
2021-03-05 14:28:27,341 - [INFO] - => Epoch: [  86/ 200] | Training Loss:[2.7411e-02] | Training Accuracy: [0.9918]
2021-03-05 14:28:29,814 - [INFO] - => Epoch: [  86/ 200] | Testing  Loss:[2.1185e-01] | Testing  Accuracy: [0.9220]
2021-03-05 14:29:00,764 - [INFO] - => Epoch: [  87/ 200] | Training Loss:[3.6315e-02] | Training Accuracy: [0.9914]
2021-03-05 14:29:03,234 - [INFO] - => Epoch: [  87/ 200] | Testing  Loss:[6.9315e-01] | Testing  Accuracy: [0.9232]
2021-03-05 14:29:34,626 - [INFO] - => Epoch: [  88/ 200] | Training Loss:[7.7443e-02] | Training Accuracy: [0.9914]
2021-03-05 14:29:37,118 - [INFO] - => Epoch: [  88/ 200] | Testing  Loss:[4.6340e-01] | Testing  Accuracy: [0.9215]
2021-03-05 14:30:08,104 - [INFO] - => Epoch: [  89/ 200] | Training Loss:[9.3053e-03] | Training Accuracy: [0.9917]
2021-03-05 14:30:10,585 - [INFO] - => Epoch: [  89/ 200] | Testing  Loss:[1.4876e-01] | Testing  Accuracy: [0.9262]
2021-03-05 14:30:41,562 - [INFO] - => Epoch: [  90/ 200] | Training Loss:[4.3369e-02] | Training Accuracy: [0.9917]
2021-03-05 14:30:44,018 - [INFO] - => Epoch: [  90/ 200] | Testing  Loss:[7.0182e-01] | Testing  Accuracy: [0.9257]
2021-03-05 14:31:14,946 - [INFO] - => Epoch: [  91/ 200] | Training Loss:[4.7535e-02] | Training Accuracy: [0.9927]
2021-03-05 14:31:17,414 - [INFO] - => Epoch: [  91/ 200] | Testing  Loss:[7.2603e-01] | Testing  Accuracy: [0.9242]
2021-03-05 14:31:48,331 - [INFO] - => Epoch: [  92/ 200] | Training Loss:[7.2082e-03] | Training Accuracy: [0.9925]
2021-03-05 14:31:50,803 - [INFO] - => Epoch: [  92/ 200] | Testing  Loss:[2.1296e-01] | Testing  Accuracy: [0.9212]
2021-03-05 14:32:21,906 - [INFO] - => Epoch: [  93/ 200] | Training Loss:[3.7498e-03] | Training Accuracy: [0.9925]
2021-03-05 14:32:24,417 - [INFO] - => Epoch: [  93/ 200] | Testing  Loss:[1.0509e-01] | Testing  Accuracy: [0.9229]
2021-03-05 14:32:55,328 - [INFO] - => Epoch: [  94/ 200] | Training Loss:[2.2491e-02] | Training Accuracy: [0.9929]
2021-03-05 14:32:57,808 - [INFO] - => Epoch: [  94/ 200] | Testing  Loss:[1.6251e-01] | Testing  Accuracy: [0.9236]
2021-03-05 14:33:28,927 - [INFO] - => Epoch: [  95/ 200] | Training Loss:[8.6404e-03] | Training Accuracy: [0.9918]
2021-03-05 14:33:31,376 - [INFO] - => Epoch: [  95/ 200] | Testing  Loss:[6.0362e-01] | Testing  Accuracy: [0.9194]
2021-03-05 14:34:02,300 - [INFO] - => Epoch: [  96/ 200] | Training Loss:[2.1202e-02] | Training Accuracy: [0.9925]
2021-03-05 14:34:04,778 - [INFO] - => Epoch: [  96/ 200] | Testing  Loss:[4.6390e-01] | Testing  Accuracy: [0.9230]
2021-03-05 14:34:35,663 - [INFO] - => Epoch: [  97/ 200] | Training Loss:[3.4197e-02] | Training Accuracy: [0.9929]
2021-03-05 14:34:38,139 - [INFO] - => Epoch: [  97/ 200] | Testing  Loss:[3.0269e-01] | Testing  Accuracy: [0.9242]
2021-03-05 14:35:09,197 - [INFO] - => Epoch: [  98/ 200] | Training Loss:[1.5312e-02] | Training Accuracy: [0.9931]
2021-03-05 14:35:11,652 - [INFO] - => Epoch: [  98/ 200] | Testing  Loss:[5.0732e-01] | Testing  Accuracy: [0.9244]
2021-03-05 14:35:42,720 - [INFO] - => Epoch: [  99/ 200] | Training Loss:[2.9269e-02] | Training Accuracy: [0.9934]
2021-03-05 14:35:45,177 - [INFO] - => Epoch: [  99/ 200] | Testing  Loss:[2.0343e-01] | Testing  Accuracy: [0.9241]
2021-03-05 14:36:16,217 - [INFO] - => Epoch: [ 100/ 200] | Training Loss:[2.5153e-02] | Training Accuracy: [0.9942]
2021-03-05 14:36:18,651 - [INFO] - => Epoch: [ 100/ 200] | Testing  Loss:[6.8571e-01] | Testing  Accuracy: [0.9277]
2021-03-05 14:36:19,217 - [INFO] - => Best parameters are updated
2021-03-05 14:36:49,860 - [INFO] - => Epoch: [ 101/ 200] | Training Loss:[1.1454e-02] | Training Accuracy: [0.9929]
2021-03-05 14:36:52,311 - [INFO] - => Epoch: [ 101/ 200] | Testing  Loss:[8.1208e-01] | Testing  Accuracy: [0.9232]
2021-03-05 14:37:23,298 - [INFO] - => Epoch: [ 102/ 200] | Training Loss:[1.9689e-02] | Training Accuracy: [0.9939]
2021-03-05 14:37:25,740 - [INFO] - => Epoch: [ 102/ 200] | Testing  Loss:[4.4284e-01] | Testing  Accuracy: [0.9166]
2021-03-05 14:37:56,654 - [INFO] - => Epoch: [ 103/ 200] | Training Loss:[3.5215e-02] | Training Accuracy: [0.9931]
2021-03-05 14:37:59,108 - [INFO] - => Epoch: [ 103/ 200] | Testing  Loss:[7.2351e-01] | Testing  Accuracy: [0.9221]
2021-03-05 14:38:30,150 - [INFO] - => Epoch: [ 104/ 200] | Training Loss:[1.4386e-02] | Training Accuracy: [0.9944]
2021-03-05 14:38:32,629 - [INFO] - => Epoch: [ 104/ 200] | Testing  Loss:[1.1687e+00] | Testing  Accuracy: [0.9262]
2021-03-05 14:39:03,630 - [INFO] - => Epoch: [ 105/ 200] | Training Loss:[1.0251e-02] | Training Accuracy: [0.9954]
2021-03-05 14:39:06,121 - [INFO] - => Epoch: [ 105/ 200] | Testing  Loss:[4.4580e-01] | Testing  Accuracy: [0.9283]
2021-03-05 14:39:06,698 - [INFO] - => Best parameters are updated
2021-03-05 14:39:37,428 - [INFO] - => Epoch: [ 106/ 200] | Training Loss:[2.1362e-02] | Training Accuracy: [0.9954]
2021-03-05 14:39:39,918 - [INFO] - => Epoch: [ 106/ 200] | Testing  Loss:[5.1854e-01] | Testing  Accuracy: [0.9297]
2021-03-05 14:39:40,489 - [INFO] - => Best parameters are updated
2021-03-05 14:40:11,201 - [INFO] - => Epoch: [ 107/ 200] | Training Loss:[1.0847e-02] | Training Accuracy: [0.9960]
2021-03-05 14:40:13,668 - [INFO] - => Epoch: [ 107/ 200] | Testing  Loss:[5.2063e-01] | Testing  Accuracy: [0.9284]
2021-03-05 14:40:44,688 - [INFO] - => Epoch: [ 108/ 200] | Training Loss:[4.7140e-02] | Training Accuracy: [0.9965]
2021-03-05 14:40:47,153 - [INFO] - => Epoch: [ 108/ 200] | Testing  Loss:[2.7421e-01] | Testing  Accuracy: [0.9304]
2021-03-05 14:40:47,730 - [INFO] - => Best parameters are updated
2021-03-05 14:41:18,260 - [INFO] - => Epoch: [ 109/ 200] | Training Loss:[1.2453e-02] | Training Accuracy: [0.9959]
2021-03-05 14:41:20,741 - [INFO] - => Epoch: [ 109/ 200] | Testing  Loss:[6.3422e-01] | Testing  Accuracy: [0.9308]
2021-03-05 14:41:21,323 - [INFO] - => Best parameters are updated
2021-03-05 14:41:52,038 - [INFO] - => Epoch: [ 110/ 200] | Training Loss:[3.1769e-02] | Training Accuracy: [0.9961]
2021-03-05 14:41:54,511 - [INFO] - => Epoch: [ 110/ 200] | Testing  Loss:[3.9596e-01] | Testing  Accuracy: [0.9288]
2021-03-05 14:42:25,497 - [INFO] - => Epoch: [ 111/ 200] | Training Loss:[7.7364e-03] | Training Accuracy: [0.9970]
2021-03-05 14:42:27,957 - [INFO] - => Epoch: [ 111/ 200] | Testing  Loss:[2.6653e-01] | Testing  Accuracy: [0.9303]
2021-03-05 14:42:59,021 - [INFO] - => Epoch: [ 112/ 200] | Training Loss:[2.9563e-02] | Training Accuracy: [0.9962]
2021-03-05 14:43:01,487 - [INFO] - => Epoch: [ 112/ 200] | Testing  Loss:[6.0060e-01] | Testing  Accuracy: [0.9302]
2021-03-05 14:43:32,452 - [INFO] - => Epoch: [ 113/ 200] | Training Loss:[9.3936e-03] | Training Accuracy: [0.9967]
2021-03-05 14:43:34,918 - [INFO] - => Epoch: [ 113/ 200] | Testing  Loss:[3.6486e-01] | Testing  Accuracy: [0.9302]
2021-03-05 14:44:05,948 - [INFO] - => Epoch: [ 114/ 200] | Training Loss:[2.0163e-03] | Training Accuracy: [0.9965]
2021-03-05 14:44:08,408 - [INFO] - => Epoch: [ 114/ 200] | Testing  Loss:[6.8825e-01] | Testing  Accuracy: [0.9300]
2021-03-05 14:44:39,427 - [INFO] - => Epoch: [ 115/ 200] | Training Loss:[2.1544e-02] | Training Accuracy: [0.9971]
2021-03-05 14:44:41,880 - [INFO] - => Epoch: [ 115/ 200] | Testing  Loss:[7.9438e-01] | Testing  Accuracy: [0.9297]
2021-03-05 14:45:12,789 - [INFO] - => Epoch: [ 116/ 200] | Training Loss:[4.7161e-02] | Training Accuracy: [0.9965]
2021-03-05 14:45:15,283 - [INFO] - => Epoch: [ 116/ 200] | Testing  Loss:[7.0540e-01] | Testing  Accuracy: [0.9282]
2021-03-05 14:45:46,167 - [INFO] - => Epoch: [ 117/ 200] | Training Loss:[5.0805e-03] | Training Accuracy: [0.9976]
2021-03-05 14:45:48,673 - [INFO] - => Epoch: [ 117/ 200] | Testing  Loss:[4.1902e-01] | Testing  Accuracy: [0.9305]
2021-03-05 14:46:19,585 - [INFO] - => Epoch: [ 118/ 200] | Training Loss:[6.2173e-03] | Training Accuracy: [0.9974]
2021-03-05 14:46:22,037 - [INFO] - => Epoch: [ 118/ 200] | Testing  Loss:[3.4121e-01] | Testing  Accuracy: [0.9345]
2021-03-05 14:46:22,730 - [INFO] - => Best parameters are updated
2021-03-05 14:46:53,272 - [INFO] - => Epoch: [ 119/ 200] | Training Loss:[1.4248e-03] | Training Accuracy: [0.9989]
2021-03-05 14:46:55,721 - [INFO] - => Epoch: [ 119/ 200] | Testing  Loss:[5.8650e-01] | Testing  Accuracy: [0.9355]
2021-03-05 14:46:56,307 - [INFO] - => Best parameters are updated
2021-03-05 14:47:26,931 - [INFO] - => Epoch: [ 120/ 200] | Training Loss:[1.4341e-02] | Training Accuracy: [0.9988]
2021-03-05 14:47:29,368 - [INFO] - => Epoch: [ 120/ 200] | Testing  Loss:[6.1068e-01] | Testing  Accuracy: [0.9372]
2021-03-05 14:47:29,960 - [INFO] - => Best parameters are updated
2021-03-05 14:48:00,639 - [INFO] - => Epoch: [ 121/ 200] | Training Loss:[1.2997e-02] | Training Accuracy: [0.9984]
2021-03-05 14:48:03,102 - [INFO] - => Epoch: [ 121/ 200] | Testing  Loss:[7.4367e-01] | Testing  Accuracy: [0.9375]
2021-03-05 14:48:03,676 - [INFO] - => Best parameters are updated
2021-03-05 14:48:34,282 - [INFO] - => Epoch: [ 122/ 200] | Training Loss:[2.1947e-02] | Training Accuracy: [0.9993]
2021-03-05 14:48:36,761 - [INFO] - => Epoch: [ 122/ 200] | Testing  Loss:[5.8474e-01] | Testing  Accuracy: [0.9371]
2021-03-05 14:49:07,696 - [INFO] - => Epoch: [ 123/ 200] | Training Loss:[7.6801e-03] | Training Accuracy: [0.9987]
2021-03-05 14:49:10,171 - [INFO] - => Epoch: [ 123/ 200] | Testing  Loss:[5.8381e-01] | Testing  Accuracy: [0.9361]
2021-03-05 14:49:41,088 - [INFO] - => Epoch: [ 124/ 200] | Training Loss:[6.9683e-03] | Training Accuracy: [0.9986]
2021-03-05 14:49:43,525 - [INFO] - => Epoch: [ 124/ 200] | Testing  Loss:[7.4303e-01] | Testing  Accuracy: [0.9351]
2021-03-05 14:50:14,587 - [INFO] - => Epoch: [ 125/ 200] | Training Loss:[6.6698e-03] | Training Accuracy: [0.9988]
2021-03-05 14:50:17,058 - [INFO] - => Epoch: [ 125/ 200] | Testing  Loss:[6.1312e-01] | Testing  Accuracy: [0.9375]
2021-03-05 14:50:48,045 - [INFO] - => Epoch: [ 126/ 200] | Training Loss:[7.8147e-03] | Training Accuracy: [0.9990]
2021-03-05 14:50:50,507 - [INFO] - => Epoch: [ 126/ 200] | Testing  Loss:[4.5316e-01] | Testing  Accuracy: [0.9374]
2021-03-05 14:51:21,522 - [INFO] - => Epoch: [ 127/ 200] | Training Loss:[2.4638e-03] | Training Accuracy: [0.9988]
2021-03-05 14:51:24,006 - [INFO] - => Epoch: [ 127/ 200] | Testing  Loss:[4.6407e-01] | Testing  Accuracy: [0.9379]
2021-03-05 14:51:24,722 - [INFO] - => Best parameters are updated
2021-03-05 14:51:55,512 - [INFO] - => Epoch: [ 128/ 200] | Training Loss:[5.3862e-03] | Training Accuracy: [0.9990]
2021-03-05 14:51:57,980 - [INFO] - => Epoch: [ 128/ 200] | Testing  Loss:[7.0211e-01] | Testing  Accuracy: [0.9355]
2021-03-05 14:52:28,832 - [INFO] - => Epoch: [ 129/ 200] | Training Loss:[1.0793e-03] | Training Accuracy: [0.9993]
2021-03-05 14:52:31,346 - [INFO] - => Epoch: [ 129/ 200] | Testing  Loss:[6.7531e-01] | Testing  Accuracy: [0.9380]
2021-03-05 14:52:31,935 - [INFO] - => Best parameters are updated
2021-03-05 14:53:02,493 - [INFO] - => Epoch: [ 130/ 200] | Training Loss:[3.4892e-03] | Training Accuracy: [0.9989]
2021-03-05 14:53:04,946 - [INFO] - => Epoch: [ 130/ 200] | Testing  Loss:[7.0624e-01] | Testing  Accuracy: [0.9368]
2021-03-05 14:53:35,845 - [INFO] - => Epoch: [ 131/ 200] | Training Loss:[4.0649e-03] | Training Accuracy: [0.9992]
2021-03-05 14:53:38,311 - [INFO] - => Epoch: [ 131/ 200] | Testing  Loss:[6.7773e-01] | Testing  Accuracy: [0.9387]
2021-03-05 14:53:38,881 - [INFO] - => Best parameters are updated
2021-03-05 14:54:09,658 - [INFO] - => Epoch: [ 132/ 200] | Training Loss:[1.0007e-03] | Training Accuracy: [0.9994]
2021-03-05 14:54:12,132 - [INFO] - => Epoch: [ 132/ 200] | Testing  Loss:[5.1919e-01] | Testing  Accuracy: [0.9381]
2021-03-05 14:54:43,087 - [INFO] - => Epoch: [ 133/ 200] | Training Loss:[9.9362e-03] | Training Accuracy: [0.9996]
2021-03-05 14:54:45,555 - [INFO] - => Epoch: [ 133/ 200] | Testing  Loss:[6.1481e-01] | Testing  Accuracy: [0.9392]
2021-03-05 14:54:46,500 - [INFO] - => Best parameters are updated
2021-03-05 14:55:17,099 - [INFO] - => Epoch: [ 134/ 200] | Training Loss:[3.2464e-03] | Training Accuracy: [0.9999]
2021-03-05 14:55:19,575 - [INFO] - => Epoch: [ 134/ 200] | Testing  Loss:[4.9384e-01] | Testing  Accuracy: [0.9399]
2021-03-05 14:55:20,137 - [INFO] - => Best parameters are updated
2021-03-05 14:55:50,753 - [INFO] - => Epoch: [ 135/ 200] | Training Loss:[4.0087e-03] | Training Accuracy: [0.9998]
2021-03-05 14:55:53,229 - [INFO] - => Epoch: [ 135/ 200] | Testing  Loss:[5.3532e-01] | Testing  Accuracy: [0.9403]
2021-03-05 14:55:53,815 - [INFO] - => Best parameters are updated
2021-03-05 14:56:24,356 - [INFO] - => Epoch: [ 136/ 200] | Training Loss:[4.8657e-03] | Training Accuracy: [0.9998]
2021-03-05 14:56:26,857 - [INFO] - => Epoch: [ 136/ 200] | Testing  Loss:[6.1963e-01] | Testing  Accuracy: [0.9407]
2021-03-05 14:56:27,447 - [INFO] - => Best parameters are updated
2021-03-05 14:56:57,965 - [INFO] - => Epoch: [ 137/ 200] | Training Loss:[9.7576e-04] | Training Accuracy: [0.9999]
2021-03-05 14:57:00,421 - [INFO] - => Epoch: [ 137/ 200] | Testing  Loss:[6.0151e-01] | Testing  Accuracy: [0.9425]
2021-03-05 14:57:01,020 - [INFO] - => Best parameters are updated
2021-03-05 14:57:31,633 - [INFO] - => Epoch: [ 138/ 200] | Training Loss:[6.6000e-04] | Training Accuracy: [0.9998]
2021-03-05 14:57:34,067 - [INFO] - => Epoch: [ 138/ 200] | Testing  Loss:[6.0539e-01] | Testing  Accuracy: [0.9414]
2021-03-05 14:58:04,978 - [INFO] - => Epoch: [ 139/ 200] | Training Loss:[2.2553e-03] | Training Accuracy: [0.9998]
2021-03-05 14:58:07,488 - [INFO] - => Epoch: [ 139/ 200] | Testing  Loss:[6.2635e-01] | Testing  Accuracy: [0.9414]
2021-03-05 14:58:38,323 - [INFO] - => Epoch: [ 140/ 200] | Training Loss:[1.4026e-03] | Training Accuracy: [0.9999]
2021-03-05 14:58:40,820 - [INFO] - => Epoch: [ 140/ 200] | Testing  Loss:[6.3394e-01] | Testing  Accuracy: [0.9425]
2021-03-05 14:59:11,903 - [INFO] - => Epoch: [ 141/ 200] | Training Loss:[2.3542e-03] | Training Accuracy: [1.0000]
2021-03-05 14:59:14,384 - [INFO] - => Epoch: [ 141/ 200] | Testing  Loss:[6.1668e-01] | Testing  Accuracy: [0.9421]
2021-03-05 14:59:45,268 - [INFO] - => Epoch: [ 142/ 200] | Training Loss:[2.8079e-03] | Training Accuracy: [0.9999]
2021-03-05 14:59:47,717 - [INFO] - => Epoch: [ 142/ 200] | Testing  Loss:[6.6793e-01] | Testing  Accuracy: [0.9416]
2021-03-05 15:00:18,623 - [INFO] - => Epoch: [ 143/ 200] | Training Loss:[1.3215e-03] | Training Accuracy: [0.9999]
2021-03-05 15:00:21,126 - [INFO] - => Epoch: [ 143/ 200] | Testing  Loss:[6.4190e-01] | Testing  Accuracy: [0.9423]
2021-03-05 15:00:52,067 - [INFO] - => Epoch: [ 144/ 200] | Training Loss:[1.9585e-03] | Training Accuracy: [1.0000]
2021-03-05 15:00:54,555 - [INFO] - => Epoch: [ 144/ 200] | Testing  Loss:[6.4139e-01] | Testing  Accuracy: [0.9436]
2021-03-05 15:00:55,286 - [INFO] - => Best parameters are updated
2021-03-05 15:01:25,942 - [INFO] - => Epoch: [ 145/ 200] | Training Loss:[9.7042e-04] | Training Accuracy: [0.9999]
2021-03-05 15:01:28,387 - [INFO] - => Epoch: [ 145/ 200] | Testing  Loss:[6.2785e-01] | Testing  Accuracy: [0.9445]
2021-03-05 15:01:28,969 - [INFO] - => Best parameters are updated
2021-03-05 15:01:59,503 - [INFO] - => Epoch: [ 146/ 200] | Training Loss:[3.1406e-03] | Training Accuracy: [0.9999]
2021-03-05 15:02:01,937 - [INFO] - => Epoch: [ 146/ 200] | Testing  Loss:[6.0592e-01] | Testing  Accuracy: [0.9444]
2021-03-05 15:02:32,878 - [INFO] - => Epoch: [ 147/ 200] | Training Loss:[9.3371e-04] | Training Accuracy: [0.9999]
2021-03-05 15:02:35,349 - [INFO] - => Epoch: [ 147/ 200] | Testing  Loss:[5.5377e-01] | Testing  Accuracy: [0.9432]
2021-03-05 15:03:06,174 - [INFO] - => Epoch: [ 148/ 200] | Training Loss:[3.8485e-03] | Training Accuracy: [1.0000]
2021-03-05 15:03:08,624 - [INFO] - => Epoch: [ 148/ 200] | Testing  Loss:[5.3792e-01] | Testing  Accuracy: [0.9428]
2021-03-05 15:03:39,504 - [INFO] - => Epoch: [ 149/ 200] | Training Loss:[6.3374e-04] | Training Accuracy: [1.0000]
2021-03-05 15:03:41,964 - [INFO] - => Epoch: [ 149/ 200] | Testing  Loss:[5.8885e-01] | Testing  Accuracy: [0.9428]
2021-03-05 15:04:12,886 - [INFO] - => Epoch: [ 150/ 200] | Training Loss:[1.4529e-03] | Training Accuracy: [1.0000]
2021-03-05 15:04:15,373 - [INFO] - => Epoch: [ 150/ 200] | Testing  Loss:[5.7451e-01] | Testing  Accuracy: [0.9433]
2021-03-05 15:04:46,169 - [INFO] - => Epoch: [ 151/ 200] | Training Loss:[7.8803e-04] | Training Accuracy: [1.0000]
2021-03-05 15:04:48,663 - [INFO] - => Epoch: [ 151/ 200] | Testing  Loss:[5.7728e-01] | Testing  Accuracy: [0.9437]
2021-03-05 15:05:19,525 - [INFO] - => Epoch: [ 152/ 200] | Training Loss:[2.7947e-03] | Training Accuracy: [1.0000]
2021-03-05 15:05:22,017 - [INFO] - => Epoch: [ 152/ 200] | Testing  Loss:[5.7732e-01] | Testing  Accuracy: [0.9437]
2021-03-05 15:05:52,963 - [INFO] - => Epoch: [ 153/ 200] | Training Loss:[8.6920e-04] | Training Accuracy: [1.0000]
2021-03-05 15:05:55,428 - [INFO] - => Epoch: [ 153/ 200] | Testing  Loss:[5.4220e-01] | Testing  Accuracy: [0.9452]
2021-03-05 15:05:56,007 - [INFO] - => Best parameters are updated
2021-03-05 15:06:26,591 - [INFO] - => Epoch: [ 154/ 200] | Training Loss:[1.0119e-03] | Training Accuracy: [1.0000]
2021-03-05 15:06:29,051 - [INFO] - => Epoch: [ 154/ 200] | Testing  Loss:[5.6778e-01] | Testing  Accuracy: [0.9432]
2021-03-05 15:06:59,846 - [INFO] - => Epoch: [ 155/ 200] | Training Loss:[8.8646e-04] | Training Accuracy: [1.0000]
2021-03-05 15:07:02,305 - [INFO] - => Epoch: [ 155/ 200] | Testing  Loss:[5.5883e-01] | Testing  Accuracy: [0.9442]
2021-03-05 15:07:33,250 - [INFO] - => Epoch: [ 156/ 200] | Training Loss:[8.0524e-04] | Training Accuracy: [1.0000]
2021-03-05 15:07:35,696 - [INFO] - => Epoch: [ 156/ 200] | Testing  Loss:[5.8089e-01] | Testing  Accuracy: [0.9439]
2021-03-05 15:08:06,671 - [INFO] - => Epoch: [ 157/ 200] | Training Loss:[1.4966e-03] | Training Accuracy: [1.0000]
2021-03-05 15:08:09,143 - [INFO] - => Epoch: [ 157/ 200] | Testing  Loss:[5.5405e-01] | Testing  Accuracy: [0.9450]
2021-03-05 15:08:40,059 - [INFO] - => Epoch: [ 158/ 200] | Training Loss:[1.9806e-03] | Training Accuracy: [1.0000]
2021-03-05 15:08:42,532 - [INFO] - => Epoch: [ 158/ 200] | Testing  Loss:[5.4972e-01] | Testing  Accuracy: [0.9450]
2021-03-05 15:09:13,373 - [INFO] - => Epoch: [ 159/ 200] | Training Loss:[1.3019e-03] | Training Accuracy: [1.0000]
2021-03-05 15:09:15,854 - [INFO] - => Epoch: [ 159/ 200] | Testing  Loss:[5.4183e-01] | Testing  Accuracy: [0.9449]
2021-03-05 15:09:46,754 - [INFO] - => Epoch: [ 160/ 200] | Training Loss:[1.2596e-03] | Training Accuracy: [1.0000]
2021-03-05 15:09:49,187 - [INFO] - => Epoch: [ 160/ 200] | Testing  Loss:[6.0530e-01] | Testing  Accuracy: [0.9453]
2021-03-05 15:09:49,770 - [INFO] - => Best parameters are updated
2021-03-05 15:10:20,345 - [INFO] - => Epoch: [ 161/ 200] | Training Loss:[1.2098e-03] | Training Accuracy: [0.9999]
2021-03-05 15:10:22,818 - [INFO] - => Epoch: [ 161/ 200] | Testing  Loss:[5.8398e-01] | Testing  Accuracy: [0.9449]
2021-03-05 15:10:53,737 - [INFO] - => Epoch: [ 162/ 200] | Training Loss:[4.1922e-03] | Training Accuracy: [1.0000]
2021-03-05 15:10:56,228 - [INFO] - => Epoch: [ 162/ 200] | Testing  Loss:[6.0526e-01] | Testing  Accuracy: [0.9465]
2021-03-05 15:10:56,795 - [INFO] - => Best parameters are updated
