2021-03-14 15:38:41,164 - [INFO] - Number of GPU available: 2
2021-03-14 15:38:43,044 - [INFO] - Resume training from the checkpoint...
2021-03-14 15:38:43,044 - [INFO] - => no checkpoint found at './model/cifar10-resnet18-adv-pgd-0.3-0.01-25-checkpoint.pth.tar'
2021-03-14 15:38:43,045 - [INFO] - => Training the resnet from scratch...
2021-03-14 15:39:15,946 - [INFO] - => Epoch: [   1/ 200] | train-    Loss:[2.0690e-03] | train-    Accuracy: [0.4999]
2021-03-14 15:52:03,966 - [INFO] - => Epoch: [   1/ 200] | train-adv Loss:[3.4759e-03] | train-adv Accuracy: [0.1838]
2021-03-14 15:52:06,549 - [INFO] - => Epoch: [   1/ 200] | test-    Loss:[2.9462e-03] | test-    Accuracy: [0.3737]
2021-03-14 15:54:35,893 - [INFO] - => Epoch: [   1/ 200] | test-adv Loss:[3.4366e-03] | test-adv Accuracy: [0.2284]
2021-03-14 15:54:36,374 - [INFO] - => Best parameters are updated
2021-03-14 15:55:06,801 - [INFO] - => Epoch: [   2/ 200] | train-    Loss:[1.2919e-03] | train-    Accuracy: [0.6205]
2021-03-14 16:07:57,161 - [INFO] - => Epoch: [   2/ 200] | train-adv Loss:[3.5705e-03] | train-adv Accuracy: [0.1993]
2021-03-14 16:07:59,634 - [INFO] - => Epoch: [   2/ 200] | test-    Loss:[2.9409e-03] | test-    Accuracy: [0.4368]
2021-03-14 16:10:28,939 - [INFO] - => Epoch: [   2/ 200] | test-adv Loss:[3.5586e-03] | test-adv Accuracy: [0.2316]
2021-03-14 16:10:29,514 - [INFO] - => Best parameters are updated
2021-03-14 16:10:59,926 - [INFO] - => Epoch: [   3/ 200] | train-    Loss:[1.3351e-03] | train-    Accuracy: [0.6830]
2021-03-14 16:23:49,694 - [INFO] - => Epoch: [   3/ 200] | train-adv Loss:[3.1253e-03] | train-adv Accuracy: [0.2100]
2021-03-14 16:23:52,213 - [INFO] - => Epoch: [   3/ 200] | test-    Loss:[2.4836e-03] | test-    Accuracy: [0.4537]
2021-03-14 16:26:21,525 - [INFO] - => Epoch: [   3/ 200] | test-adv Loss:[3.1769e-03] | test-adv Accuracy: [0.2370]
2021-03-14 16:26:22,223 - [INFO] - => Best parameters are updated
2021-03-14 16:26:52,648 - [INFO] - => Epoch: [   4/ 200] | train-    Loss:[8.3154e-04] | train-    Accuracy: [0.7208]
2021-03-14 16:39:41,737 - [INFO] - => Epoch: [   4/ 200] | train-adv Loss:[3.2892e-03] | train-adv Accuracy: [0.2187]
2021-03-14 16:39:44,251 - [INFO] - => Epoch: [   4/ 200] | test-    Loss:[2.3541e-03] | test-    Accuracy: [0.4758]
2021-03-14 16:42:13,587 - [INFO] - => Epoch: [   4/ 200] | test-adv Loss:[3.1017e-03] | test-adv Accuracy: [0.2477]
2021-03-14 16:42:14,156 - [INFO] - => Best parameters are updated
2021-03-14 16:42:44,576 - [INFO] - => Epoch: [   5/ 200] | train-    Loss:[6.9935e-04] | train-    Accuracy: [0.7390]
2021-03-14 16:55:33,427 - [INFO] - => Epoch: [   5/ 200] | train-adv Loss:[3.1563e-03] | train-adv Accuracy: [0.2232]
2021-03-14 16:55:35,891 - [INFO] - => Epoch: [   5/ 200] | test-    Loss:[2.5017e-03] | test-    Accuracy: [0.5119]
2021-03-14 16:58:05,390 - [INFO] - => Epoch: [   5/ 200] | test-adv Loss:[3.2662e-03] | test-adv Accuracy: [0.2572]
2021-03-14 16:58:06,182 - [INFO] - => Best parameters are updated
2021-03-14 16:58:36,630 - [INFO] - => Epoch: [   6/ 200] | train-    Loss:[5.7786e-04] | train-    Accuracy: [0.7563]
2021-03-14 17:11:26,083 - [INFO] - => Epoch: [   6/ 200] | train-adv Loss:[3.1501e-03] | train-adv Accuracy: [0.2222]
2021-03-14 17:11:28,551 - [INFO] - => Epoch: [   6/ 200] | test-    Loss:[2.2513e-03] | test-    Accuracy: [0.5130]
2021-03-14 17:13:57,936 - [INFO] - => Epoch: [   6/ 200] | test-adv Loss:[3.0069e-03] | test-adv Accuracy: [0.2679]
2021-03-14 17:13:58,509 - [INFO] - => Best parameters are updated
2021-03-14 17:14:28,944 - [INFO] - => Epoch: [   7/ 200] | train-    Loss:[7.8354e-04] | train-    Accuracy: [0.7695]
2021-03-14 17:27:18,346 - [INFO] - => Epoch: [   7/ 200] | train-adv Loss:[3.1684e-03] | train-adv Accuracy: [0.2272]
2021-03-14 17:27:20,837 - [INFO] - => Epoch: [   7/ 200] | test-    Loss:[2.3523e-03] | test-    Accuracy: [0.4967]
2021-03-14 17:29:50,186 - [INFO] - => Epoch: [   7/ 200] | test-adv Loss:[3.1859e-03] | test-adv Accuracy: [0.2735]
2021-03-14 17:30:20,935 - [INFO] - => Epoch: [   8/ 200] | train-    Loss:[6.7697e-04] | train-    Accuracy: [0.7857]
2021-03-14 17:43:10,588 - [INFO] - => Epoch: [   8/ 200] | train-adv Loss:[3.1091e-03] | train-adv Accuracy: [0.2336]
2021-03-14 17:43:13,081 - [INFO] - => Epoch: [   8/ 200] | test-    Loss:[2.2873e-03] | test-    Accuracy: [0.5089]
2021-03-14 17:45:42,467 - [INFO] - => Epoch: [   8/ 200] | test-adv Loss:[3.0603e-03] | test-adv Accuracy: [0.2825]
2021-03-14 17:46:13,216 - [INFO] - => Epoch: [   9/ 200] | train-    Loss:[7.9324e-04] | train-    Accuracy: [0.7933]
2021-03-14 17:58:51,781 - [INFO] - => Epoch: [   9/ 200] | train-adv Loss:[3.3932e-03] | train-adv Accuracy: [0.2365]
2021-03-14 17:58:54,270 - [INFO] - => Epoch: [   9/ 200] | test-    Loss:[2.1775e-03] | test-    Accuracy: [0.5402]
2021-03-14 18:01:20,743 - [INFO] - => Epoch: [   9/ 200] | test-adv Loss:[3.0314e-03] | test-adv Accuracy: [0.2724]
2021-03-14 18:01:21,315 - [INFO] - => Best parameters are updated
2021-03-14 18:01:51,165 - [INFO] - => Epoch: [  10/ 200] | train-    Loss:[6.4115e-04] | train-    Accuracy: [0.8071]
2021-03-14 18:14:25,717 - [INFO] - => Epoch: [  10/ 200] | train-adv Loss:[3.1368e-03] | train-adv Accuracy: [0.2348]
2021-03-14 18:14:28,164 - [INFO] - => Epoch: [  10/ 200] | test-    Loss:[2.1052e-03] | test-    Accuracy: [0.5523]
2021-03-14 18:16:54,754 - [INFO] - => Epoch: [  10/ 200] | test-adv Loss:[2.9809e-03] | test-adv Accuracy: [0.2695]
2021-03-14 18:16:55,339 - [INFO] - => Best parameters are updated
2021-03-14 18:17:25,200 - [INFO] - => Epoch: [  11/ 200] | train-    Loss:[6.8829e-04] | train-    Accuracy: [0.8164]
2021-03-14 18:29:59,618 - [INFO] - => Epoch: [  11/ 200] | train-adv Loss:[3.1705e-03] | train-adv Accuracy: [0.2425]
2021-03-14 18:30:02,071 - [INFO] - => Epoch: [  11/ 200] | test-    Loss:[1.9883e-03] | test-    Accuracy: [0.5530]
2021-03-14 18:32:28,669 - [INFO] - => Epoch: [  11/ 200] | test-adv Loss:[2.8169e-03] | test-adv Accuracy: [0.2807]
2021-03-14 18:32:29,375 - [INFO] - => Best parameters are updated
2021-03-14 18:32:59,315 - [INFO] - => Epoch: [  12/ 200] | train-    Loss:[6.8242e-04] | train-    Accuracy: [0.8236]
2021-03-14 18:45:34,221 - [INFO] - => Epoch: [  12/ 200] | train-adv Loss:[3.2014e-03] | train-adv Accuracy: [0.2422]
2021-03-14 18:45:36,696 - [INFO] - => Epoch: [  12/ 200] | test-    Loss:[2.1088e-03] | test-    Accuracy: [0.5538]
2021-03-14 18:48:03,139 - [INFO] - => Epoch: [  12/ 200] | test-adv Loss:[2.9519e-03] | test-adv Accuracy: [0.2866]
2021-03-14 18:48:03,744 - [INFO] - => Best parameters are updated
2021-03-14 18:48:33,548 - [INFO] - => Epoch: [  13/ 200] | train-    Loss:[6.3806e-04] | train-    Accuracy: [0.8320]
2021-03-14 19:01:08,305 - [INFO] - => Epoch: [  13/ 200] | train-adv Loss:[2.9672e-03] | train-adv Accuracy: [0.2472]
2021-03-14 19:01:10,791 - [INFO] - => Epoch: [  13/ 200] | test-    Loss:[2.0017e-03] | test-    Accuracy: [0.5626]
2021-03-14 19:03:37,257 - [INFO] - => Epoch: [  13/ 200] | test-adv Loss:[2.8483e-03] | test-adv Accuracy: [0.2724]
2021-03-14 19:03:37,841 - [INFO] - => Best parameters are updated
2021-03-14 19:04:07,678 - [INFO] - => Epoch: [  14/ 200] | train-    Loss:[5.3762e-04] | train-    Accuracy: [0.8390]
2021-03-14 19:16:41,503 - [INFO] - => Epoch: [  14/ 200] | train-adv Loss:[3.2504e-03] | train-adv Accuracy: [0.2494]
2021-03-14 19:16:43,953 - [INFO] - => Epoch: [  14/ 200] | test-    Loss:[2.0485e-03] | test-    Accuracy: [0.5651]
2021-03-14 19:19:10,379 - [INFO] - => Epoch: [  14/ 200] | test-adv Loss:[2.9296e-03] | test-adv Accuracy: [0.2916]
2021-03-14 19:19:10,970 - [INFO] - => Best parameters are updated
2021-03-14 19:19:40,779 - [INFO] - => Epoch: [  15/ 200] | train-    Loss:[8.0635e-04] | train-    Accuracy: [0.8451]
2021-03-14 19:32:14,841 - [INFO] - => Epoch: [  15/ 200] | train-adv Loss:[3.2266e-03] | train-adv Accuracy: [0.2504]
2021-03-14 19:32:17,346 - [INFO] - => Epoch: [  15/ 200] | test-    Loss:[2.2059e-03] | test-    Accuracy: [0.5393]
2021-03-14 19:34:43,832 - [INFO] - => Epoch: [  15/ 200] | test-adv Loss:[3.1024e-03] | test-adv Accuracy: [0.2861]
2021-03-14 19:35:13,997 - [INFO] - => Epoch: [  16/ 200] | train-    Loss:[4.1849e-04] | train-    Accuracy: [0.8521]
2021-03-14 19:47:47,914 - [INFO] - => Epoch: [  16/ 200] | train-adv Loss:[3.0714e-03] | train-adv Accuracy: [0.2529]
2021-03-14 19:47:50,406 - [INFO] - => Epoch: [  16/ 200] | test-    Loss:[2.0772e-03] | test-    Accuracy: [0.5889]
2021-03-14 19:50:16,955 - [INFO] - => Epoch: [  16/ 200] | test-adv Loss:[3.0289e-03] | test-adv Accuracy: [0.2998]
2021-03-14 19:50:17,546 - [INFO] - => Best parameters are updated
2021-03-14 19:50:47,390 - [INFO] - => Epoch: [  17/ 200] | train-    Loss:[5.9763e-04] | train-    Accuracy: [0.8593]
2021-03-14 20:03:21,898 - [INFO] - => Epoch: [  17/ 200] | train-adv Loss:[3.1292e-03] | train-adv Accuracy: [0.2572]
2021-03-14 20:03:24,366 - [INFO] - => Epoch: [  17/ 200] | test-    Loss:[2.0030e-03] | test-    Accuracy: [0.5840]
2021-03-14 20:05:50,845 - [INFO] - => Epoch: [  17/ 200] | test-adv Loss:[2.9720e-03] | test-adv Accuracy: [0.2886]
2021-03-14 20:06:20,981 - [INFO] - => Epoch: [  18/ 200] | train-    Loss:[6.5783e-04] | train-    Accuracy: [0.8631]
2021-03-14 20:18:55,164 - [INFO] - => Epoch: [  18/ 200] | train-adv Loss:[3.2350e-03] | train-adv Accuracy: [0.2590]
2021-03-14 20:18:57,674 - [INFO] - => Epoch: [  18/ 200] | test-    Loss:[1.8705e-03] | test-    Accuracy: [0.5760]
2021-03-14 20:21:24,187 - [INFO] - => Epoch: [  18/ 200] | test-adv Loss:[2.7820e-03] | test-adv Accuracy: [0.2980]
2021-03-14 20:21:54,344 - [INFO] - => Epoch: [  19/ 200] | train-    Loss:[4.5260e-04] | train-    Accuracy: [0.8681]
2021-03-14 20:34:28,644 - [INFO] - => Epoch: [  19/ 200] | train-adv Loss:[3.0467e-03] | train-adv Accuracy: [0.2577]
2021-03-14 20:34:31,124 - [INFO] - => Epoch: [  19/ 200] | test-    Loss:[1.7368e-03] | test-    Accuracy: [0.5873]
2021-03-14 20:36:57,665 - [INFO] - => Epoch: [  19/ 200] | test-adv Loss:[2.6690e-03] | test-adv Accuracy: [0.2882]
2021-03-14 20:37:27,837 - [INFO] - => Epoch: [  20/ 200] | train-    Loss:[2.7786e-04] | train-    Accuracy: [0.8734]
2021-03-14 20:50:03,632 - [INFO] - => Epoch: [  20/ 200] | train-adv Loss:[2.8427e-03] | train-adv Accuracy: [0.2586]
2021-03-14 20:50:06,101 - [INFO] - => Epoch: [  20/ 200] | test-    Loss:[1.9888e-03] | test-    Accuracy: [0.5923]
2021-03-14 20:52:33,677 - [INFO] - => Epoch: [  20/ 200] | test-adv Loss:[3.0130e-03] | test-adv Accuracy: [0.3023]
2021-03-14 20:52:34,251 - [INFO] - => Best parameters are updated
2021-03-14 20:53:04,370 - [INFO] - => Epoch: [  21/ 200] | train-    Loss:[6.4871e-04] | train-    Accuracy: [0.8811]
2021-03-14 21:05:45,383 - [INFO] - => Epoch: [  21/ 200] | train-adv Loss:[3.0132e-03] | train-adv Accuracy: [0.2671]
2021-03-14 21:05:47,878 - [INFO] - => Epoch: [  21/ 200] | test-    Loss:[1.7071e-03] | test-    Accuracy: [0.6081]
2021-03-14 21:08:15,712 - [INFO] - => Epoch: [  21/ 200] | test-adv Loss:[2.7005e-03] | test-adv Accuracy: [0.2961]
2021-03-14 21:08:16,294 - [INFO] - => Best parameters are updated
2021-03-14 21:08:46,393 - [INFO] - => Epoch: [  22/ 200] | train-    Loss:[4.5972e-04] | train-    Accuracy: [0.8813]
2021-03-14 21:21:27,563 - [INFO] - => Epoch: [  22/ 200] | train-adv Loss:[2.9999e-03] | train-adv Accuracy: [0.2700]
2021-03-14 21:21:30,031 - [INFO] - => Epoch: [  22/ 200] | test-    Loss:[1.7489e-03] | test-    Accuracy: [0.6057]
2021-03-14 21:23:57,907 - [INFO] - => Epoch: [  22/ 200] | test-adv Loss:[2.7205e-03] | test-adv Accuracy: [0.2963]
2021-03-14 21:24:28,357 - [INFO] - => Epoch: [  23/ 200] | train-    Loss:[6.5038e-04] | train-    Accuracy: [0.8851]
2021-03-14 21:37:06,726 - [INFO] - => Epoch: [  23/ 200] | train-adv Loss:[3.0847e-03] | train-adv Accuracy: [0.2726]
2021-03-14 21:37:09,190 - [INFO] - => Epoch: [  23/ 200] | test-    Loss:[1.9006e-03] | test-    Accuracy: [0.6091]
2021-03-14 21:39:35,743 - [INFO] - => Epoch: [  23/ 200] | test-adv Loss:[2.8004e-03] | test-adv Accuracy: [0.3123]
2021-03-14 21:39:36,326 - [INFO] - => Best parameters are updated
2021-03-14 21:40:06,187 - [INFO] - => Epoch: [  24/ 200] | train-    Loss:[4.6882e-04] | train-    Accuracy: [0.8885]
2021-03-14 21:52:40,854 - [INFO] - => Epoch: [  24/ 200] | train-adv Loss:[2.9790e-03] | train-adv Accuracy: [0.2769]
2021-03-14 21:52:43,336 - [INFO] - => Epoch: [  24/ 200] | test-    Loss:[1.8963e-03] | test-    Accuracy: [0.6050]
2021-03-14 21:55:09,831 - [INFO] - => Epoch: [  24/ 200] | test-adv Loss:[2.9336e-03] | test-adv Accuracy: [0.3139]
2021-03-14 21:55:39,947 - [INFO] - => Epoch: [  25/ 200] | train-    Loss:[4.6126e-04] | train-    Accuracy: [0.8902]
2021-03-14 22:08:14,328 - [INFO] - => Epoch: [  25/ 200] | train-adv Loss:[2.8580e-03] | train-adv Accuracy: [0.2814]
2021-03-14 22:08:16,846 - [INFO] - => Epoch: [  25/ 200] | test-    Loss:[1.8250e-03] | test-    Accuracy: [0.6138]
2021-03-14 22:10:43,333 - [INFO] - => Epoch: [  25/ 200] | test-adv Loss:[2.8470e-03] | test-adv Accuracy: [0.3150]
2021-03-14 22:10:43,895 - [INFO] - => Best parameters are updated
2021-03-14 22:11:13,756 - [INFO] - => Epoch: [  26/ 200] | train-    Loss:[3.8340e-04] | train-    Accuracy: [0.8898]
2021-03-14 22:23:48,174 - [INFO] - => Epoch: [  26/ 200] | train-adv Loss:[2.9589e-03] | train-adv Accuracy: [0.2791]
2021-03-14 22:23:50,657 - [INFO] - => Epoch: [  26/ 200] | test-    Loss:[1.7811e-03] | test-    Accuracy: [0.6186]
2021-03-14 22:26:17,221 - [INFO] - => Epoch: [  26/ 200] | test-adv Loss:[2.7636e-03] | test-adv Accuracy: [0.3167]
2021-03-14 22:26:17,791 - [INFO] - => Best parameters are updated
2021-03-14 22:26:47,617 - [INFO] - => Epoch: [  27/ 200] | train-    Loss:[5.7950e-04] | train-    Accuracy: [0.8937]
2021-03-14 22:39:21,827 - [INFO] - => Epoch: [  27/ 200] | train-adv Loss:[3.0853e-03] | train-adv Accuracy: [0.2784]
2021-03-14 22:39:24,294 - [INFO] - => Epoch: [  27/ 200] | test-    Loss:[1.8971e-03] | test-    Accuracy: [0.5937]
2021-03-14 22:41:50,769 - [INFO] - => Epoch: [  27/ 200] | test-adv Loss:[2.9028e-03] | test-adv Accuracy: [0.3206]
2021-03-14 22:42:20,959 - [INFO] - => Epoch: [  28/ 200] | train-    Loss:[3.4285e-04] | train-    Accuracy: [0.8926]
2021-03-14 22:54:56,042 - [INFO] - => Epoch: [  28/ 200] | train-adv Loss:[2.7668e-03] | train-adv Accuracy: [0.2847]
2021-03-14 22:54:58,513 - [INFO] - => Epoch: [  28/ 200] | test-    Loss:[1.7389e-03] | test-    Accuracy: [0.6270]
2021-03-14 22:57:24,927 - [INFO] - => Epoch: [  28/ 200] | test-adv Loss:[2.6445e-03] | test-adv Accuracy: [0.3206]
2021-03-14 22:57:25,506 - [INFO] - => Best parameters are updated
2021-03-14 22:57:55,321 - [INFO] - => Epoch: [  29/ 200] | train-    Loss:[4.1134e-04] | train-    Accuracy: [0.9003]
2021-03-14 23:10:29,804 - [INFO] - => Epoch: [  29/ 200] | train-adv Loss:[2.7998e-03] | train-adv Accuracy: [0.2833]
2021-03-14 23:10:32,249 - [INFO] - => Epoch: [  29/ 200] | test-    Loss:[1.6401e-03] | test-    Accuracy: [0.6151]
2021-03-14 23:12:59,468 - [INFO] - => Epoch: [  29/ 200] | test-adv Loss:[2.5628e-03] | test-adv Accuracy: [0.3171]
2021-03-14 23:13:29,821 - [INFO] - => Epoch: [  30/ 200] | train-    Loss:[4.2503e-04] | train-    Accuracy: [0.9013]
2021-03-14 23:26:09,946 - [INFO] - => Epoch: [  30/ 200] | train-adv Loss:[2.9788e-03] | train-adv Accuracy: [0.2839]
2021-03-14 23:26:12,427 - [INFO] - => Epoch: [  30/ 200] | test-    Loss:[1.6948e-03] | test-    Accuracy: [0.6369]
2021-03-14 23:28:40,176 - [INFO] - => Epoch: [  30/ 200] | test-adv Loss:[2.7375e-03] | test-adv Accuracy: [0.3099]
2021-03-14 23:28:40,761 - [INFO] - => Best parameters are updated

2021-03-15 10:21:58,565 - [INFO] - Number of GPU available: 2
2021-03-15 10:22:01,580 - [INFO] - Resume training from the checkpoint...
2021-03-15 10:22:01,810 - [INFO] - => loaded checkpoint './model/cifar10-resnet18-adv-pgd-0.3-0.01-25-checkpoint.pth.tar' (epoch 30 are trained)
2021-03-15 10:22:09,783 - [INFO] - => Epoch: [  30/ 200] | test-    Loss:[1.6948e-03] | test-    Accuracy: [0.6369]
2021-03-15 10:23:14,376 - [INFO] - Number of GPU available: 2
2021-03-15 10:23:17,347 - [INFO] - Resume training from the checkpoint...
2021-03-15 10:23:17,574 - [INFO] - => loaded checkpoint './model/cifar10-resnet18-adv-pgd-0.3-0.01-25-checkpoint.pth.tar' (epoch 30 are trained)
2021-03-15 10:23:25,483 - [INFO] - => Epoch: [  30/ 200] | test-    Loss:[1.6948e-03] | test-    Accuracy: [0.6369]
2021-03-15 10:24:59,260 - [INFO] - Number of GPU available: 2
2021-03-15 10:25:02,011 - [INFO] - Resume training from the checkpoint...
2021-03-15 10:25:02,238 - [INFO] - => loaded checkpoint './model/cifar10-resnet18-adv-pgd-0.3-0.01-25-checkpoint.pth.tar' (epoch 30 are trained)
2021-03-15 10:25:10,211 - [INFO] - => Epoch: [  30/ 200] | test-    Loss:[1.6948e-03] | test-    Accuracy: [0.6369]
2021-03-15 10:26:06,932 - [INFO] - => Epoch: [  31/ 200] | train-    Loss:[2.8695e-04] | train-    Accuracy: [0.9030]
2021-03-15 10:50:02,540 - [INFO] - => Epoch: [  31/ 200] | train-adv Loss:[3.0509e-03] | train-adv Accuracy: [0.2882]
2021-03-15 10:50:07,846 - [INFO] - => Epoch: [  31/ 200] | test-    Loss:[1.5970e-03] | test-    Accuracy: [0.6211]
2021-03-15 10:54:49,514 - [INFO] - => Epoch: [  31/ 200] | test-adv Loss:[2.5619e-03] | test-adv Accuracy: [0.2910]
2021-03-15 10:55:46,433 - [INFO] - => Epoch: [  32/ 200] | train-    Loss:[3.0157e-04] | train-    Accuracy: [0.9069]
2021-03-15 11:19:42,716 - [INFO] - => Epoch: [  32/ 200] | train-adv Loss:[2.8969e-03] | train-adv Accuracy: [0.2876]
2021-03-15 11:19:48,021 - [INFO] - => Epoch: [  32/ 200] | test-    Loss:[1.9287e-03] | test-    Accuracy: [0.6009]
2021-03-15 11:24:29,415 - [INFO] - => Epoch: [  32/ 200] | test-adv Loss:[3.0798e-03] | test-adv Accuracy: [0.3219]
2021-03-15 11:25:26,524 - [INFO] - => Epoch: [  33/ 200] | train-    Loss:[2.9130e-04] | train-    Accuracy: [0.9084]
2021-03-15 11:49:23,564 - [INFO] - => Epoch: [  33/ 200] | train-adv Loss:[2.8765e-03] | train-adv Accuracy: [0.2898]
2021-03-15 11:49:28,833 - [INFO] - => Epoch: [  33/ 200] | test-    Loss:[1.8638e-03] | test-    Accuracy: [0.6394]
2021-03-15 11:54:10,194 - [INFO] - => Epoch: [  33/ 200] | test-adv Loss:[2.8484e-03] | test-adv Accuracy: [0.3220]
2021-03-15 11:54:10,771 - [INFO] - => Best parameters are updated
2021-03-15 11:55:07,310 - [INFO] - => Epoch: [  34/ 200] | train-    Loss:[3.3235e-04] | train-    Accuracy: [0.9112]
2021-03-15 12:19:02,540 - [INFO] - => Epoch: [  34/ 200] | train-adv Loss:[3.1015e-03] | train-adv Accuracy: [0.2973]
2021-03-15 12:19:07,816 - [INFO] - => Epoch: [  34/ 200] | test-    Loss:[1.6387e-03] | test-    Accuracy: [0.6374]
2021-03-15 12:23:47,855 - [INFO] - => Epoch: [  34/ 200] | test-adv Loss:[2.7078e-03] | test-adv Accuracy: [0.3262]
2021-03-15 12:24:44,445 - [INFO] - => Epoch: [  35/ 200] | train-    Loss:[2.2102e-04] | train-    Accuracy: [0.9131]
2021-03-15 12:48:39,463 - [INFO] - => Epoch: [  35/ 200] | train-adv Loss:[2.7442e-03] | train-adv Accuracy: [0.2988]
2021-03-15 12:48:44,753 - [INFO] - => Epoch: [  35/ 200] | test-    Loss:[1.6269e-03] | test-    Accuracy: [0.6418]
2021-03-15 12:53:26,424 - [INFO] - => Epoch: [  35/ 200] | test-adv Loss:[2.6555e-03] | test-adv Accuracy: [0.3293]
2021-03-15 12:53:27,136 - [INFO] - => Best parameters are updated
2021-03-15 12:54:23,830 - [INFO] - => Epoch: [  36/ 200] | train-    Loss:[3.1984e-04] | train-    Accuracy: [0.9153]
2021-03-15 13:18:20,510 - [INFO] - => Epoch: [  36/ 200] | train-adv Loss:[2.8228e-03] | train-adv Accuracy: [0.2984]
2021-03-15 13:18:25,785 - [INFO] - => Epoch: [  36/ 200] | test-    Loss:[1.7087e-03] | test-    Accuracy: [0.6325]
2021-03-15 13:23:07,385 - [INFO] - => Epoch: [  36/ 200] | test-adv Loss:[2.8620e-03] | test-adv Accuracy: [0.3217]
2021-03-15 13:24:04,345 - [INFO] - => Epoch: [  37/ 200] | train-    Loss:[3.9944e-04] | train-    Accuracy: [0.9188]
2021-03-15 13:48:02,108 - [INFO] - => Epoch: [  37/ 200] | train-adv Loss:[3.0434e-03] | train-adv Accuracy: [0.3028]
2021-03-15 13:48:07,407 - [INFO] - => Epoch: [  37/ 200] | test-    Loss:[1.7438e-03] | test-    Accuracy: [0.6317]
2021-03-15 13:52:49,085 - [INFO] - => Epoch: [  37/ 200] | test-adv Loss:[2.7994e-03] | test-adv Accuracy: [0.3312]
2021-03-15 13:53:46,010 - [INFO] - => Epoch: [  38/ 200] | train-    Loss:[3.8346e-04] | train-    Accuracy: [0.9206]
2021-03-15 14:17:42,583 - [INFO] - => Epoch: [  38/ 200] | train-adv Loss:[2.9449e-03] | train-adv Accuracy: [0.3049]
2021-03-15 14:17:47,875 - [INFO] - => Epoch: [  38/ 200] | test-    Loss:[1.6503e-03] | test-    Accuracy: [0.6490]
2021-03-15 14:22:29,162 - [INFO] - => Epoch: [  38/ 200] | test-adv Loss:[2.8062e-03] | test-adv Accuracy: [0.3326]
2021-03-15 14:22:29,742 - [INFO] - => Best parameters are updated
2021-03-15 14:23:26,293 - [INFO] - => Epoch: [  39/ 200] | train-    Loss:[3.5452e-04] | train-    Accuracy: [0.9229]
2021-03-15 14:47:25,026 - [INFO] - => Epoch: [  39/ 200] | train-adv Loss:[2.9277e-03] | train-adv Accuracy: [0.3016]
2021-03-15 14:47:30,352 - [INFO] - => Epoch: [  39/ 200] | test-    Loss:[1.4985e-03] | test-    Accuracy: [0.6618]
2021-03-15 14:52:11,844 - [INFO] - => Epoch: [  39/ 200] | test-adv Loss:[2.5180e-03] | test-adv Accuracy: [0.3323]
2021-03-15 14:52:12,447 - [INFO] - => Best parameters are updated
2021-03-15 14:53:09,221 - [INFO] - => Epoch: [  40/ 200] | train-    Loss:[3.9146e-04] | train-    Accuracy: [0.9230]
2021-03-15 15:17:05,565 - [INFO] - => Epoch: [  40/ 200] | train-adv Loss:[2.7525e-03] | train-adv Accuracy: [0.3074]
2021-03-15 15:17:10,879 - [INFO] - => Epoch: [  40/ 200] | test-    Loss:[1.5549e-03] | test-    Accuracy: [0.6624]
2021-03-15 15:21:52,367 - [INFO] - => Epoch: [  40/ 200] | test-adv Loss:[2.7460e-03] | test-adv Accuracy: [0.3283]
2021-03-15 15:21:52,960 - [INFO] - => Best parameters are updated
2021-03-15 15:22:49,548 - [INFO] - => Epoch: [  41/ 200] | train-    Loss:[3.4929e-04] | train-    Accuracy: [0.9246]
2021-03-15 15:46:46,221 - [INFO] - => Epoch: [  41/ 200] | train-adv Loss:[2.9695e-03] | train-adv Accuracy: [0.3101]
2021-03-15 15:46:51,588 - [INFO] - => Epoch: [  41/ 200] | test-    Loss:[1.4471e-03] | test-    Accuracy: [0.6736]
2021-03-15 15:51:33,267 - [INFO] - => Epoch: [  41/ 200] | test-adv Loss:[2.4964e-03] | test-adv Accuracy: [0.3294]
2021-03-15 15:51:33,865 - [INFO] - => Best parameters are updated
2021-03-15 15:52:30,633 - [INFO] - => Epoch: [  42/ 200] | train-    Loss:[2.4212e-04] | train-    Accuracy: [0.9276]
2021-03-15 16:16:27,977 - [INFO] - => Epoch: [  42/ 200] | train-adv Loss:[2.9243e-03] | train-adv Accuracy: [0.3126]
2021-03-15 16:16:33,282 - [INFO] - => Epoch: [  42/ 200] | test-    Loss:[1.7882e-03] | test-    Accuracy: [0.6395]
2021-03-15 16:21:14,837 - [INFO] - => Epoch: [  42/ 200] | test-adv Loss:[2.8700e-03] | test-adv Accuracy: [0.3380]
2021-03-15 16:22:11,857 - [INFO] - => Epoch: [  43/ 200] | train-    Loss:[1.5619e-04] | train-    Accuracy: [0.9294]
2021-03-15 16:46:09,749 - [INFO] - => Epoch: [  43/ 200] | train-adv Loss:[3.0519e-03] | train-adv Accuracy: [0.3146]
2021-03-15 16:46:15,047 - [INFO] - => Epoch: [  43/ 200] | test-    Loss:[1.4972e-03] | test-    Accuracy: [0.6597]
2021-03-15 16:50:56,469 - [INFO] - => Epoch: [  43/ 200] | test-adv Loss:[2.5415e-03] | test-adv Accuracy: [0.3443]
2021-03-15 16:51:53,502 - [INFO] - => Epoch: [  44/ 200] | train-    Loss:[3.1996e-04] | train-    Accuracy: [0.9290]
2021-03-15 17:15:45,289 - [INFO] - => Epoch: [  44/ 200] | train-adv Loss:[2.8737e-03] | train-adv Accuracy: [0.3153]
2021-03-15 17:15:50,592 - [INFO] - => Epoch: [  44/ 200] | test-    Loss:[1.4637e-03] | test-    Accuracy: [0.6708]
2021-03-15 17:20:30,764 - [INFO] - => Epoch: [  44/ 200] | test-adv Loss:[2.5075e-03] | test-adv Accuracy: [0.3407]
2021-03-15 17:21:27,720 - [INFO] - => Epoch: [  45/ 200] | train-    Loss:[2.6200e-04] | train-    Accuracy: [0.9290]
2021-03-15 17:45:25,596 - [INFO] - => Epoch: [  45/ 200] | train-adv Loss:[3.0986e-03] | train-adv Accuracy: [0.3137]
2021-03-15 17:45:30,927 - [INFO] - => Epoch: [  45/ 200] | test-    Loss:[1.5826e-03] | test-    Accuracy: [0.6679]
2021-03-15 17:50:12,350 - [INFO] - => Epoch: [  45/ 200] | test-adv Loss:[2.6539e-03] | test-adv Accuracy: [0.3393]
2021-03-15 17:51:09,402 - [INFO] - => Epoch: [  46/ 200] | train-    Loss:[3.7214e-04] | train-    Accuracy: [0.9308]
2021-03-15 18:15:06,064 - [INFO] - => Epoch: [  46/ 200] | train-adv Loss:[2.8684e-03] | train-adv Accuracy: [0.3143]
2021-03-15 18:15:11,384 - [INFO] - => Epoch: [  46/ 200] | test-    Loss:[1.5221e-03] | test-    Accuracy: [0.6374]
2021-03-15 18:19:53,037 - [INFO] - => Epoch: [  46/ 200] | test-adv Loss:[2.5312e-03] | test-adv Accuracy: [0.3413]
2021-03-15 18:20:50,176 - [INFO] - => Epoch: [  47/ 200] | train-    Loss:[2.6087e-04] | train-    Accuracy: [0.9355]
2021-03-15 20:14:31,256 - [INFO] - Number of GPU available: 2
2021-03-15 20:14:34,400 - [INFO] - Resume training from the checkpoint...
2021-03-15 20:14:34,622 - [INFO] - => loaded checkpoint './model/cifar10-resnet18-adv-pgd-0.3-0.01-25-checkpoint.pth.tar' (epoch 46 are trained)
2021-03-15 20:14:39,800 - [INFO] - => Epoch: [  46/ 200] | test-    Loss:[1.5221e-03] | test-    Accuracy: [0.6374]
2021-03-15 20:15:10,062 - [INFO] - => Epoch: [  47/ 200] | train-    Loss:[2.8139e-04] | train-    Accuracy: [0.9375]
2021-03-15 20:27:59,510 - [INFO] - => Epoch: [  47/ 200] | train-adv Loss:[2.9432e-03] | train-adv Accuracy: [0.3214]
2021-03-15 20:28:02,015 - [INFO] - => Epoch: [  47/ 200] | test-    Loss:[1.4674e-03] | test-    Accuracy: [0.6559]
2021-03-15 20:30:32,053 - [INFO] - => Epoch: [  47/ 200] | test-adv Loss:[2.4951e-03] | test-adv Accuracy: [0.3164]
2021-03-15 20:31:02,909 - [INFO] - => Epoch: [  48/ 200] | train-    Loss:[2.1840e-04] | train-    Accuracy: [0.9378]
2021-03-15 20:43:57,339 - [INFO] - => Epoch: [  48/ 200] | train-adv Loss:[2.7914e-03] | train-adv Accuracy: [0.3219]
2021-03-15 20:43:59,822 - [INFO] - => Epoch: [  48/ 200] | test-    Loss:[1.7126e-03] | test-    Accuracy: [0.6359]
2021-03-15 20:46:29,913 - [INFO] - => Epoch: [  48/ 200] | test-adv Loss:[2.9934e-03] | test-adv Accuracy: [0.3436]
2021-03-15 20:47:00,760 - [INFO] - => Epoch: [  49/ 200] | train-    Loss:[3.4932e-04] | train-    Accuracy: [0.9393]
2021-03-15 20:59:54,842 - [INFO] - => Epoch: [  49/ 200] | train-adv Loss:[2.6755e-03] | train-adv Accuracy: [0.3231]
2021-03-15 20:59:57,327 - [INFO] - => Epoch: [  49/ 200] | test-    Loss:[1.7335e-03] | test-    Accuracy: [0.6666]
2021-03-15 21:02:27,384 - [INFO] - => Epoch: [  49/ 200] | test-adv Loss:[2.7993e-03] | test-adv Accuracy: [0.3401]
2021-03-15 21:02:58,221 - [INFO] - => Epoch: [  50/ 200] | train-    Loss:[2.4222e-04] | train-    Accuracy: [0.9384]
2021-03-15 21:15:52,043 - [INFO] - => Epoch: [  50/ 200] | train-adv Loss:[2.9682e-03] | train-adv Accuracy: [0.3188]
2021-03-15 21:15:54,546 - [INFO] - => Epoch: [  50/ 200] | test-    Loss:[1.5275e-03] | test-    Accuracy: [0.6655]
2021-03-15 21:18:23,891 - [INFO] - => Epoch: [  50/ 200] | test-adv Loss:[2.5904e-03] | test-adv Accuracy: [0.3412]
2021-03-15 21:18:54,512 - [INFO] - => Epoch: [  51/ 200] | train-    Loss:[1.8377e-04] | train-    Accuracy: [0.9398]
2021-03-15 21:31:41,425 - [INFO] - => Epoch: [  51/ 200] | train-adv Loss:[2.5911e-03] | train-adv Accuracy: [0.3222]
2021-03-15 21:31:43,910 - [INFO] - => Epoch: [  51/ 200] | test-    Loss:[1.4546e-03] | test-    Accuracy: [0.6742]
2021-03-15 21:34:12,621 - [INFO] - => Epoch: [  51/ 200] | test-adv Loss:[2.5140e-03] | test-adv Accuracy: [0.3369]
2021-03-15 21:34:13,310 - [INFO] - => Best parameters are updated
2021-03-15 21:34:43,536 - [INFO] - => Epoch: [  52/ 200] | train-    Loss:[1.9897e-04] | train-    Accuracy: [0.9397]
2021-03-15 21:47:30,949 - [INFO] - => Epoch: [  52/ 200] | train-adv Loss:[2.7135e-03] | train-adv Accuracy: [0.3242]
2021-03-15 21:47:33,419 - [INFO] - => Epoch: [  52/ 200] | test-    Loss:[1.5709e-03] | test-    Accuracy: [0.6598]
2021-03-15 21:50:02,022 - [INFO] - => Epoch: [  52/ 200] | test-adv Loss:[2.7730e-03] | test-adv Accuracy: [0.3374]
2021-03-15 21:50:32,569 - [INFO] - => Epoch: [  53/ 200] | train-    Loss:[2.3083e-04] | train-    Accuracy: [0.9401]
2021-03-15 22:03:19,097 - [INFO] - => Epoch: [  53/ 200] | train-adv Loss:[2.9391e-03] | train-adv Accuracy: [0.3261]
2021-03-15 22:03:21,577 - [INFO] - => Epoch: [  53/ 200] | test-    Loss:[1.5782e-03] | test-    Accuracy: [0.6540]
2021-03-15 22:05:50,225 - [INFO] - => Epoch: [  53/ 200] | test-adv Loss:[2.6702e-03] | test-adv Accuracy: [0.3387]
2021-03-15 22:06:20,766 - [INFO] - => Epoch: [  54/ 200] | train-    Loss:[5.2922e-04] | train-    Accuracy: [0.9437]
2021-03-15 22:19:08,579 - [INFO] - => Epoch: [  54/ 200] | train-adv Loss:[2.8998e-03] | train-adv Accuracy: [0.3316]
2021-03-15 22:19:11,093 - [INFO] - => Epoch: [  54/ 200] | test-    Loss:[1.4801e-03] | test-    Accuracy: [0.6698]
2021-03-15 22:21:40,246 - [INFO] - => Epoch: [  54/ 200] | test-adv Loss:[2.7755e-03] | test-adv Accuracy: [0.3486]
2021-03-15 22:22:10,886 - [INFO] - => Epoch: [  55/ 200] | train-    Loss:[4.6439e-04] | train-    Accuracy: [0.9426]
2021-03-15 22:35:00,127 - [INFO] - => Epoch: [  55/ 200] | train-adv Loss:[2.8335e-03] | train-adv Accuracy: [0.3228]
2021-03-15 22:35:02,621 - [INFO] - => Epoch: [  55/ 200] | test-    Loss:[1.3829e-03] | test-    Accuracy: [0.6806]
2021-03-15 22:37:31,829 - [INFO] - => Epoch: [  55/ 200] | test-adv Loss:[2.4879e-03] | test-adv Accuracy: [0.3396]
2021-03-15 22:37:32,389 - [INFO] - => Best parameters are updated
2021-03-15 22:38:02,761 - [INFO] - => Epoch: [  56/ 200] | train-    Loss:[2.2967e-04] | train-    Accuracy: [0.9417]
2021-03-15 22:50:51,608 - [INFO] - => Epoch: [  56/ 200] | train-adv Loss:[2.6367e-03] | train-adv Accuracy: [0.3284]
2021-03-15 22:50:54,092 - [INFO] - => Epoch: [  56/ 200] | test-    Loss:[1.4337e-03] | test-    Accuracy: [0.6846]
2021-03-15 22:53:23,067 - [INFO] - => Epoch: [  56/ 200] | test-adv Loss:[2.7759e-03] | test-adv Accuracy: [0.3363]
2021-03-15 22:53:23,642 - [INFO] - => Best parameters are updated
2021-03-15 22:53:53,897 - [INFO] - => Epoch: [  57/ 200] | train-    Loss:[1.4739e-04] | train-    Accuracy: [0.9436]
2021-03-15 23:06:39,848 - [INFO] - => Epoch: [  57/ 200] | train-adv Loss:[2.8348e-03] | train-adv Accuracy: [0.3323]
2021-03-15 23:06:42,347 - [INFO] - => Epoch: [  57/ 200] | test-    Loss:[1.3842e-03] | test-    Accuracy: [0.6971]
2021-03-15 23:09:08,875 - [INFO] - => Epoch: [  57/ 200] | test-adv Loss:[2.4906e-03] | test-adv Accuracy: [0.3436]
2021-03-15 23:09:09,443 - [INFO] - => Best parameters are updated
2021-03-15 23:09:39,199 - [INFO] - => Epoch: [  58/ 200] | train-    Loss:[1.7927e-04] | train-    Accuracy: [0.9440]
2021-03-15 23:22:13,886 - [INFO] - => Epoch: [  58/ 200] | train-adv Loss:[2.8182e-03] | train-adv Accuracy: [0.3295]
2021-03-15 23:22:16,377 - [INFO] - => Epoch: [  58/ 200] | test-    Loss:[1.7085e-03] | test-    Accuracy: [0.6527]
2021-03-15 23:24:45,297 - [INFO] - => Epoch: [  58/ 200] | test-adv Loss:[2.8739e-03] | test-adv Accuracy: [0.3448]
2021-03-15 23:25:15,955 - [INFO] - => Epoch: [  59/ 200] | train-    Loss:[1.8284e-04] | train-    Accuracy: [0.9454]
2021-03-15 23:38:05,436 - [INFO] - => Epoch: [  59/ 200] | train-adv Loss:[2.9480e-03] | train-adv Accuracy: [0.3315]
2021-03-15 23:38:07,981 - [INFO] - => Epoch: [  59/ 200] | test-    Loss:[1.4190e-03] | test-    Accuracy: [0.6739]
2021-03-15 23:40:37,063 - [INFO] - => Epoch: [  59/ 200] | test-adv Loss:[2.5103e-03] | test-adv Accuracy: [0.3512]
2021-03-15 23:41:07,737 - [INFO] - => Epoch: [  60/ 200] | train-    Loss:[2.1979e-04] | train-    Accuracy: [0.9465]
2021-03-15 23:53:56,476 - [INFO] - => Epoch: [  60/ 200] | train-adv Loss:[2.7670e-03] | train-adv Accuracy: [0.3334]
2021-03-15 23:53:58,980 - [INFO] - => Epoch: [  60/ 200] | test-    Loss:[1.3307e-03] | test-    Accuracy: [0.6890]
2021-03-15 23:56:27,794 - [INFO] - => Epoch: [  60/ 200] | test-adv Loss:[2.3664e-03] | test-adv Accuracy: [0.3532]
2021-03-15 23:56:58,397 - [INFO] - => Epoch: [  61/ 200] | train-    Loss:[2.1691e-04] | train-    Accuracy: [0.9450]
2021-03-16 00:09:45,597 - [INFO] - => Epoch: [  61/ 200] | train-adv Loss:[2.9777e-03] | train-adv Accuracy: [0.3328]
2021-03-16 00:09:48,143 - [INFO] - => Epoch: [  61/ 200] | test-    Loss:[1.5776e-03] | test-    Accuracy: [0.6777]
2021-03-16 00:12:17,167 - [INFO] - => Epoch: [  61/ 200] | test-adv Loss:[2.6622e-03] | test-adv Accuracy: [0.3522]
2021-03-16 00:12:48,012 - [INFO] - => Epoch: [  62/ 200] | train-    Loss:[2.5374e-04] | train-    Accuracy: [0.9484]
2021-03-16 00:25:35,960 - [INFO] - => Epoch: [  62/ 200] | train-adv Loss:[2.7764e-03] | train-adv Accuracy: [0.3364]
2021-03-16 00:25:38,494 - [INFO] - => Epoch: [  62/ 200] | test-    Loss:[1.4707e-03] | test-    Accuracy: [0.6514]
2021-03-16 00:28:07,533 - [INFO] - => Epoch: [  62/ 200] | test-adv Loss:[2.4935e-03] | test-adv Accuracy: [0.3534]
2021-03-16 00:28:38,232 - [INFO] - => Epoch: [  63/ 200] | train-    Loss:[2.0870e-04] | train-    Accuracy: [0.9437]
2021-03-16 00:41:26,689 - [INFO] - => Epoch: [  63/ 200] | train-adv Loss:[2.4642e-03] | train-adv Accuracy: [0.3345]
2021-03-16 00:41:29,209 - [INFO] - => Epoch: [  63/ 200] | test-    Loss:[1.5076e-03] | test-    Accuracy: [0.6788]
2021-03-16 00:43:58,246 - [INFO] - => Epoch: [  63/ 200] | test-adv Loss:[2.5131e-03] | test-adv Accuracy: [0.3487]
2021-03-16 00:44:28,973 - [INFO] - => Epoch: [  64/ 200] | train-    Loss:[3.4603e-04] | train-    Accuracy: [0.9416]
2021-03-16 00:57:17,028 - [INFO] - => Epoch: [  64/ 200] | train-adv Loss:[2.8893e-03] | train-adv Accuracy: [0.3356]
2021-03-16 00:57:19,578 - [INFO] - => Epoch: [  64/ 200] | test-    Loss:[1.5862e-03] | test-    Accuracy: [0.6722]
2021-03-16 00:59:48,738 - [INFO] - => Epoch: [  64/ 200] | test-adv Loss:[2.8158e-03] | test-adv Accuracy: [0.3462]
2021-03-16 01:00:19,600 - [INFO] - => Epoch: [  65/ 200] | train-    Loss:[4.3905e-04] | train-    Accuracy: [0.9417]
2021-03-16 01:13:08,025 - [INFO] - => Epoch: [  65/ 200] | train-adv Loss:[2.9026e-03] | train-adv Accuracy: [0.3335]
2021-03-16 01:13:10,548 - [INFO] - => Epoch: [  65/ 200] | test-    Loss:[1.4621e-03] | test-    Accuracy: [0.6901]
2021-03-16 01:15:39,669 - [INFO] - => Epoch: [  65/ 200] | test-adv Loss:[2.7663e-03] | test-adv Accuracy: [0.3481]
2021-03-16 01:16:10,346 - [INFO] - => Epoch: [  66/ 200] | train-    Loss:[1.6652e-04] | train-    Accuracy: [0.9450]
2021-03-16 01:28:59,187 - [INFO] - => Epoch: [  66/ 200] | train-adv Loss:[3.1059e-03] | train-adv Accuracy: [0.3381]
2021-03-16 01:29:01,705 - [INFO] - => Epoch: [  66/ 200] | test-    Loss:[1.6173e-03] | test-    Accuracy: [0.6632]
2021-03-16 01:31:30,860 - [INFO] - => Epoch: [  66/ 200] | test-adv Loss:[2.8896e-03] | test-adv Accuracy: [0.3603]
2021-03-16 01:32:01,608 - [INFO] - => Epoch: [  67/ 200] | train-    Loss:[3.5504e-04] | train-    Accuracy: [0.9448]
2021-03-16 01:44:50,795 - [INFO] - => Epoch: [  67/ 200] | train-adv Loss:[2.7653e-03] | train-adv Accuracy: [0.3387]
2021-03-16 01:44:53,295 - [INFO] - => Epoch: [  67/ 200] | test-    Loss:[1.3077e-03] | test-    Accuracy: [0.6921]
2021-03-16 01:47:22,289 - [INFO] - => Epoch: [  67/ 200] | test-adv Loss:[2.4832e-03] | test-adv Accuracy: [0.3498]
2021-03-16 01:47:52,943 - [INFO] - => Epoch: [  68/ 200] | train-    Loss:[2.2410e-04] | train-    Accuracy: [0.9464]
2021-03-16 02:00:41,668 - [INFO] - => Epoch: [  68/ 200] | train-adv Loss:[3.1261e-03] | train-adv Accuracy: [0.3413]
2021-03-16 02:00:44,199 - [INFO] - => Epoch: [  68/ 200] | test-    Loss:[1.2732e-03] | test-    Accuracy: [0.6980]
2021-03-16 02:03:13,289 - [INFO] - => Epoch: [  68/ 200] | test-adv Loss:[2.3574e-03] | test-adv Accuracy: [0.3423]
2021-03-16 02:03:13,860 - [INFO] - => Best parameters are updated
2021-03-16 02:03:44,162 - [INFO] - => Epoch: [  69/ 200] | train-    Loss:[3.2248e-04] | train-    Accuracy: [0.9457]
2021-03-16 02:16:32,600 - [INFO] - => Epoch: [  69/ 200] | train-adv Loss:[2.6839e-03] | train-adv Accuracy: [0.3406]
2021-03-16 02:16:35,145 - [INFO] - => Epoch: [  69/ 200] | test-    Loss:[1.4551e-03] | test-    Accuracy: [0.6952]
2021-03-16 02:19:04,194 - [INFO] - => Epoch: [  69/ 200] | test-adv Loss:[2.4486e-03] | test-adv Accuracy: [0.3527]
2021-03-16 02:19:34,850 - [INFO] - => Epoch: [  70/ 200] | train-    Loss:[2.5127e-04] | train-    Accuracy: [0.9458]
2021-03-16 02:32:23,857 - [INFO] - => Epoch: [  70/ 200] | train-adv Loss:[2.6746e-03] | train-adv Accuracy: [0.3438]
2021-03-16 02:32:26,339 - [INFO] - => Epoch: [  70/ 200] | test-    Loss:[1.5209e-03] | test-    Accuracy: [0.6479]
2021-03-16 02:34:55,440 - [INFO] - => Epoch: [  70/ 200] | test-adv Loss:[2.6844e-03] | test-adv Accuracy: [0.3537]
2021-03-16 02:35:26,096 - [INFO] - => Epoch: [  71/ 200] | train-    Loss:[1.9296e-04] | train-    Accuracy: [0.9473]
2021-03-16 02:48:14,083 - [INFO] - => Epoch: [  71/ 200] | train-adv Loss:[2.9005e-03] | train-adv Accuracy: [0.3434]
2021-03-16 02:48:16,581 - [INFO] - => Epoch: [  71/ 200] | test-    Loss:[1.2370e-03] | test-    Accuracy: [0.6975]
2021-03-16 02:50:45,635 - [INFO] - => Epoch: [  71/ 200] | test-adv Loss:[2.4728e-03] | test-adv Accuracy: [0.3462]
2021-03-16 02:51:16,263 - [INFO] - => Epoch: [  72/ 200] | train-    Loss:[2.7124e-04] | train-    Accuracy: [0.9481]
2021-03-16 03:04:04,270 - [INFO] - => Epoch: [  72/ 200] | train-adv Loss:[2.7195e-03] | train-adv Accuracy: [0.3445]
2021-03-16 03:04:06,781 - [INFO] - => Epoch: [  72/ 200] | test-    Loss:[1.4697e-03] | test-    Accuracy: [0.6860]
2021-03-16 03:06:35,898 - [INFO] - => Epoch: [  72/ 200] | test-adv Loss:[2.5706e-03] | test-adv Accuracy: [0.3587]
2021-03-16 03:07:06,519 - [INFO] - => Epoch: [  73/ 200] | train-    Loss:[1.7349e-04] | train-    Accuracy: [0.9490]
2021-03-16 03:19:54,499 - [INFO] - => Epoch: [  73/ 200] | train-adv Loss:[2.6132e-03] | train-adv Accuracy: [0.3450]
2021-03-16 03:19:57,000 - [INFO] - => Epoch: [  73/ 200] | test-    Loss:[1.3421e-03] | test-    Accuracy: [0.6809]
2021-03-16 03:22:26,020 - [INFO] - => Epoch: [  73/ 200] | test-adv Loss:[2.4426e-03] | test-adv Accuracy: [0.3611]
2021-03-16 03:22:56,647 - [INFO] - => Epoch: [  74/ 200] | train-    Loss:[2.5911e-04] | train-    Accuracy: [0.9486]
2021-03-16 03:35:43,733 - [INFO] - => Epoch: [  74/ 200] | train-adv Loss:[2.3212e-03] | train-adv Accuracy: [0.3472]
2021-03-16 03:35:46,238 - [INFO] - => Epoch: [  74/ 200] | test-    Loss:[1.3739e-03] | test-    Accuracy: [0.6919]
2021-03-16 03:38:15,356 - [INFO] - => Epoch: [  74/ 200] | test-adv Loss:[2.4839e-03] | test-adv Accuracy: [0.3575]
2021-03-16 03:38:45,952 - [INFO] - => Epoch: [  75/ 200] | train-    Loss:[1.9166e-04] | train-    Accuracy: [0.9508]
2021-03-16 03:51:33,065 - [INFO] - => Epoch: [  75/ 200] | train-adv Loss:[2.5636e-03] | train-adv Accuracy: [0.3445]
2021-03-16 03:51:35,570 - [INFO] - => Epoch: [  75/ 200] | test-    Loss:[1.4955e-03] | test-    Accuracy: [0.6950]
2021-03-16 03:54:02,478 - [INFO] - => Epoch: [  75/ 200] | test-adv Loss:[2.6610e-03] | test-adv Accuracy: [0.3519]
2021-03-16 03:54:32,825 - [INFO] - => Epoch: [  76/ 200] | train-    Loss:[2.6813e-04] | train-    Accuracy: [0.9509]
2021-03-16 04:07:07,304 - [INFO] - => Epoch: [  76/ 200] | train-adv Loss:[2.4971e-03] | train-adv Accuracy: [0.3463]
2021-03-16 04:07:09,849 - [INFO] - => Epoch: [  76/ 200] | test-    Loss:[1.2353e-03] | test-    Accuracy: [0.7107]
2021-03-16 04:09:36,338 - [INFO] - => Epoch: [  76/ 200] | test-adv Loss:[2.4504e-03] | test-adv Accuracy: [0.3382]
2021-03-16 04:09:36,918 - [INFO] - => Best parameters are updated
2021-03-16 04:10:06,888 - [INFO] - => Epoch: [  77/ 200] | train-    Loss:[3.1288e-04] | train-    Accuracy: [0.9503]
2021-03-16 09:18:40,190 - [INFO] - Number of GPU available: 1
2021-03-16 09:18:58,935 - [INFO] - Resume training from the checkpoint...
2021-03-16 09:19:00,266 - [INFO] - => loaded checkpoint './model/cifar10-resnet18-adv-pgd-0.3-0.01-25-checkpoint.pth.tar' (epoch 76 are trained)
2021-03-16 09:19:06,721 - [INFO] - => Epoch: [  76/ 200] | test-    Loss:[1.2353e-03] | test-    Accuracy: [0.7107]
2021-03-16 09:19:44,957 - [INFO] - => Epoch: [  77/ 200] | train-    Loss:[1.4365e-04] | train-    Accuracy: [0.9555]
2021-03-16 09:36:20,764 - [INFO] - => Epoch: [  77/ 200] | train-adv Loss:[2.5542e-03] | train-adv Accuracy: [0.3556]
2021-03-16 09:36:23,442 - [INFO] - => Epoch: [  77/ 200] | test-    Loss:[1.4396e-03] | test-    Accuracy: [0.6955]
2021-03-16 09:39:35,309 - [INFO] - => Epoch: [  77/ 200] | test-adv Loss:[2.6392e-03] | test-adv Accuracy: [0.3592]
2021-03-16 09:40:15,949 - [INFO] - => Epoch: [  78/ 200] | train-    Loss:[1.4494e-04] | train-    Accuracy: [0.9586]
2021-03-16 09:57:02,198 - [INFO] - => Epoch: [  78/ 200] | train-adv Loss:[2.6062e-03] | train-adv Accuracy: [0.3566]
2021-03-16 09:57:04,840 - [INFO] - => Epoch: [  78/ 200] | test-    Loss:[1.5185e-03] | test-    Accuracy: [0.6643]
2021-03-16 10:00:16,810 - [INFO] - => Epoch: [  78/ 200] | test-adv Loss:[2.7529e-03] | test-adv Accuracy: [0.3606]
2021-03-16 10:00:57,631 - [INFO] - => Epoch: [  79/ 200] | train-    Loss:[2.1618e-04] | train-    Accuracy: [0.9567]
2021-03-16 10:17:44,883 - [INFO] - => Epoch: [  79/ 200] | train-adv Loss:[2.4551e-03] | train-adv Accuracy: [0.3523]
2021-03-16 10:17:47,512 - [INFO] - => Epoch: [  79/ 200] | test-    Loss:[1.5544e-03] | test-    Accuracy: [0.6968]
2021-03-16 10:20:59,389 - [INFO] - => Epoch: [  79/ 200] | test-adv Loss:[2.7433e-03] | test-adv Accuracy: [0.3576]
2021-03-16 10:21:40,278 - [INFO] - => Epoch: [  80/ 200] | train-    Loss:[1.4691e-04] | train-    Accuracy: [0.9589]
2021-03-16 10:38:02,373 - [INFO] - => Epoch: [  80/ 200] | train-adv Loss:[2.7709e-03] | train-adv Accuracy: [0.3519]
2021-03-16 10:38:04,965 - [INFO] - => Epoch: [  80/ 200] | test-    Loss:[1.2689e-03] | test-    Accuracy: [0.6827]
2021-03-16 10:41:05,265 - [INFO] - => Epoch: [  80/ 200] | test-adv Loss:[2.4879e-03] | test-adv Accuracy: [0.3676]
2021-03-16 10:41:43,692 - [INFO] - => Epoch: [  81/ 200] | train-    Loss:[9.1105e-05] | train-    Accuracy: [0.9591]
2021-03-16 10:57:29,521 - [INFO] - => Epoch: [  81/ 200] | train-adv Loss:[2.3977e-03] | train-adv Accuracy: [0.3551]
2021-03-16 10:57:32,063 - [INFO] - => Epoch: [  81/ 200] | test-    Loss:[1.3927e-03] | test-    Accuracy: [0.6898]
2021-03-16 11:00:32,244 - [INFO] - => Epoch: [  81/ 200] | test-adv Loss:[2.5427e-03] | test-adv Accuracy: [0.3618]
2021-03-16 11:01:10,588 - [INFO] - => Epoch: [  82/ 200] | train-    Loss:[1.3519e-04] | train-    Accuracy: [0.9562]
2021-03-16 11:17:27,859 - [INFO] - => Epoch: [  82/ 200] | train-adv Loss:[2.5426e-03] | train-adv Accuracy: [0.3521]
2021-03-16 11:17:30,496 - [INFO] - => Epoch: [  82/ 200] | test-    Loss:[1.3949e-03] | test-    Accuracy: [0.6980]
2021-03-16 11:20:41,875 - [INFO] - => Epoch: [  82/ 200] | test-adv Loss:[2.6296e-03] | test-adv Accuracy: [0.3658]
2021-03-16 11:21:22,484 - [INFO] - => Epoch: [  83/ 200] | train-    Loss:[1.3913e-04] | train-    Accuracy: [0.9571]
2021-03-16 11:38:05,587 - [INFO] - => Epoch: [  83/ 200] | train-adv Loss:[2.6180e-03] | train-adv Accuracy: [0.3550]
2021-03-16 11:38:08,250 - [INFO] - => Epoch: [  83/ 200] | test-    Loss:[1.3306e-03] | test-    Accuracy: [0.7002]
2021-03-16 11:41:19,765 - [INFO] - => Epoch: [  83/ 200] | test-adv Loss:[2.3590e-03] | test-adv Accuracy: [0.3616]
2021-03-16 11:42:00,248 - [INFO] - => Epoch: [  84/ 200] | train-    Loss:[3.8810e-04] | train-    Accuracy: [0.9575]
2021-03-16 11:58:43,547 - [INFO] - => Epoch: [  84/ 200] | train-adv Loss:[2.7773e-03] | train-adv Accuracy: [0.3560]
2021-03-16 11:58:46,195 - [INFO] - => Epoch: [  84/ 200] | test-    Loss:[1.3912e-03] | test-    Accuracy: [0.7013]
2021-03-16 12:01:57,583 - [INFO] - => Epoch: [  84/ 200] | test-adv Loss:[2.6248e-03] | test-adv Accuracy: [0.3647]
2021-03-16 12:02:38,135 - [INFO] - => Epoch: [  85/ 200] | train-    Loss:[1.8101e-04] | train-    Accuracy: [0.9584]
2021-03-16 12:19:20,797 - [INFO] - => Epoch: [  85/ 200] | train-adv Loss:[2.6917e-03] | train-adv Accuracy: [0.3587]
2021-03-16 12:19:23,438 - [INFO] - => Epoch: [  85/ 200] | test-    Loss:[1.3387e-03] | test-    Accuracy: [0.7036]
2021-03-16 12:22:34,834 - [INFO] - => Epoch: [  85/ 200] | test-adv Loss:[2.3644e-03] | test-adv Accuracy: [0.3636]
2021-03-16 12:23:15,403 - [INFO] - => Epoch: [  86/ 200] | train-    Loss:[5.0965e-04] | train-    Accuracy: [0.9585]
2021-03-16 12:39:58,468 - [INFO] - => Epoch: [  86/ 200] | train-adv Loss:[2.4400e-03] | train-adv Accuracy: [0.3568]
2021-03-16 12:40:01,104 - [INFO] - => Epoch: [  86/ 200] | test-    Loss:[1.3722e-03] | test-    Accuracy: [0.7043]
2021-03-16 12:43:12,588 - [INFO] - => Epoch: [  86/ 200] | test-adv Loss:[2.6286e-03] | test-adv Accuracy: [0.3690]
2021-03-16 12:43:53,201 - [INFO] - => Epoch: [  87/ 200] | train-    Loss:[2.0535e-04] | train-    Accuracy: [0.9590]
2021-03-16 13:00:35,283 - [INFO] - => Epoch: [  87/ 200] | train-adv Loss:[2.6655e-03] | train-adv Accuracy: [0.3584]
2021-03-16 13:00:37,933 - [INFO] - => Epoch: [  87/ 200] | test-    Loss:[1.2071e-03] | test-    Accuracy: [0.7140]
2021-03-16 13:03:49,008 - [INFO] - => Epoch: [  87/ 200] | test-adv Loss:[2.2931e-03] | test-adv Accuracy: [0.3645]
2021-03-16 13:03:49,553 - [INFO] - => Best parameters are updated
2021-03-16 13:04:29,712 - [INFO] - => Epoch: [  88/ 200] | train-    Loss:[2.6906e-04] | train-    Accuracy: [0.9594]
2021-03-16 13:21:00,770 - [INFO] - => Epoch: [  88/ 200] | train-adv Loss:[2.6471e-03] | train-adv Accuracy: [0.3594]
2021-03-16 13:21:03,296 - [INFO] - => Epoch: [  88/ 200] | test-    Loss:[1.4023e-03] | test-    Accuracy: [0.6963]
2021-03-16 13:24:03,508 - [INFO] - => Epoch: [  88/ 200] | test-adv Loss:[2.5747e-03] | test-adv Accuracy: [0.3715]
2021-03-16 13:24:41,886 - [INFO] - => Epoch: [  89/ 200] | train-    Loss:[8.8558e-05] | train-    Accuracy: [0.9601]
2021-03-16 13:40:26,187 - [INFO] - => Epoch: [  89/ 200] | train-adv Loss:[2.7147e-03] | train-adv Accuracy: [0.3644]
2021-03-16 13:40:28,731 - [INFO] - => Epoch: [  89/ 200] | test-    Loss:[1.3046e-03] | test-    Accuracy: [0.6927]
2021-03-16 13:43:28,640 - [INFO] - => Epoch: [  89/ 200] | test-adv Loss:[2.3958e-03] | test-adv Accuracy: [0.3636]
2021-03-16 13:44:06,960 - [INFO] - => Epoch: [  90/ 200] | train-    Loss:[1.7543e-04] | train-    Accuracy: [0.9595]
2021-03-16 13:59:50,617 - [INFO] - => Epoch: [  90/ 200] | train-adv Loss:[2.6056e-03] | train-adv Accuracy: [0.3650]
2021-03-16 13:59:53,179 - [INFO] - => Epoch: [  90/ 200] | test-    Loss:[1.2870e-03] | test-    Accuracy: [0.7061]
2021-03-16 14:02:53,273 - [INFO] - => Epoch: [  90/ 200] | test-adv Loss:[2.4317e-03] | test-adv Accuracy: [0.3629]
2021-03-16 14:03:32,093 - [INFO] - => Epoch: [  91/ 200] | train-    Loss:[1.3021e-04] | train-    Accuracy: [0.9572]
2021-03-16 14:20:13,913 - [INFO] - => Epoch: [  91/ 200] | train-adv Loss:[2.8200e-03] | train-adv Accuracy: [0.3601]
2021-03-16 14:20:16,561 - [INFO] - => Epoch: [  91/ 200] | test-    Loss:[1.3057e-03] | test-    Accuracy: [0.7151]
2021-03-16 14:23:28,685 - [INFO] - => Epoch: [  91/ 200] | test-adv Loss:[2.5051e-03] | test-adv Accuracy: [0.3617]
2021-03-16 14:23:29,257 - [INFO] - => Best parameters are updated
2021-03-16 14:24:09,777 - [INFO] - => Epoch: [  92/ 200] | train-    Loss:[3.4705e-04] | train-    Accuracy: [0.9600]
2021-03-16 14:41:02,762 - [INFO] - => Epoch: [  92/ 200] | train-adv Loss:[2.5351e-03] | train-adv Accuracy: [0.3638]
2021-03-16 14:41:05,484 - [INFO] - => Epoch: [  92/ 200] | test-    Loss:[1.3418e-03] | test-    Accuracy: [0.6801]
2021-03-16 14:44:18,782 - [INFO] - => Epoch: [  92/ 200] | test-adv Loss:[2.3280e-03] | test-adv Accuracy: [0.3679]
2021-03-16 14:44:59,748 - [INFO] - => Epoch: [  93/ 200] | train-    Loss:[9.8391e-05] | train-    Accuracy: [0.9595]
2021-03-16 15:01:50,718 - [INFO] - => Epoch: [  93/ 200] | train-adv Loss:[2.2603e-03] | train-adv Accuracy: [0.3625]
2021-03-16 15:01:53,275 - [INFO] - => Epoch: [  93/ 200] | test-    Loss:[1.4031e-03] | test-    Accuracy: [0.6961]
2021-03-16 15:04:54,999 - [INFO] - => Epoch: [  93/ 200] | test-adv Loss:[2.5588e-03] | test-adv Accuracy: [0.3715]
2021-03-16 15:05:34,131 - [INFO] - => Epoch: [  94/ 200] | train-    Loss:[1.0069e-04] | train-    Accuracy: [0.9593]
2021-03-16 15:21:21,332 - [INFO] - => Epoch: [  94/ 200] | train-adv Loss:[2.7493e-03] | train-adv Accuracy: [0.3604]
2021-03-16 15:21:23,875 - [INFO] - => Epoch: [  94/ 200] | test-    Loss:[1.5368e-03] | test-    Accuracy: [0.6999]
2021-03-16 15:24:24,352 - [INFO] - => Epoch: [  94/ 200] | test-adv Loss:[2.9211e-03] | test-adv Accuracy: [0.3566]
2021-03-16 15:25:02,723 - [INFO] - => Epoch: [  95/ 200] | train-    Loss:[2.6903e-04] | train-    Accuracy: [0.9599]
2021-03-16 15:40:50,282 - [INFO] - => Epoch: [  95/ 200] | train-adv Loss:[2.7195e-03] | train-adv Accuracy: [0.3641]
2021-03-16 15:40:52,864 - [INFO] - => Epoch: [  95/ 200] | test-    Loss:[1.2447e-03] | test-    Accuracy: [0.7225]
2021-03-16 15:43:53,492 - [INFO] - => Epoch: [  95/ 200] | test-adv Loss:[2.5123e-03] | test-adv Accuracy: [0.3607]
2021-03-16 15:43:54,063 - [INFO] - => Best parameters are updated
2021-03-16 15:44:32,185 - [INFO] - => Epoch: [  96/ 200] | train-    Loss:[1.2760e-04] | train-    Accuracy: [0.9614]
2021-03-16 16:00:45,795 - [INFO] - => Epoch: [  96/ 200] | train-adv Loss:[2.9483e-03] | train-adv Accuracy: [0.3659]
2021-03-16 16:00:48,415 - [INFO] - => Epoch: [  96/ 200] | test-    Loss:[1.4167e-03] | test-    Accuracy: [0.6790]
2021-03-16 16:03:57,370 - [INFO] - => Epoch: [  96/ 200] | test-adv Loss:[2.9102e-03] | test-adv Accuracy: [0.3697]
2021-03-16 16:04:37,538 - [INFO] - => Epoch: [  97/ 200] | train-    Loss:[1.2396e-04] | train-    Accuracy: [0.9602]
2021-03-16 16:21:08,687 - [INFO] - => Epoch: [  97/ 200] | train-adv Loss:[2.6469e-03] | train-adv Accuracy: [0.3681]
2021-03-16 16:21:11,304 - [INFO] - => Epoch: [  97/ 200] | test-    Loss:[1.1954e-03] | test-    Accuracy: [0.7140]
2021-03-16 16:24:20,325 - [INFO] - => Epoch: [  97/ 200] | test-adv Loss:[2.2105e-03] | test-adv Accuracy: [0.3654]
2021-03-16 16:25:00,485 - [INFO] - => Epoch: [  98/ 200] | train-    Loss:[1.3600e-04] | train-    Accuracy: [0.9615]
2021-03-16 16:41:31,737 - [INFO] - => Epoch: [  98/ 200] | train-adv Loss:[3.0666e-03] | train-adv Accuracy: [0.3657]
2021-03-16 16:41:34,365 - [INFO] - => Epoch: [  98/ 200] | test-    Loss:[1.1304e-03] | test-    Accuracy: [0.7315]
2021-03-16 16:44:43,476 - [INFO] - => Epoch: [  98/ 200] | test-adv Loss:[2.3234e-03] | test-adv Accuracy: [0.3586]
2021-03-16 16:44:44,031 - [INFO] - => Best parameters are updated
2021-03-16 16:45:23,824 - [INFO] - => Epoch: [  99/ 200] | train-    Loss:[1.2383e-04] | train-    Accuracy: [0.9609]
2021-03-16 17:01:54,513 - [INFO] - => Epoch: [  99/ 200] | train-adv Loss:[2.4729e-03] | train-adv Accuracy: [0.3648]
2021-03-16 17:01:57,174 - [INFO] - => Epoch: [  99/ 200] | test-    Loss:[1.2757e-03] | test-    Accuracy: [0.7092]
2021-03-16 17:05:06,254 - [INFO] - => Epoch: [  99/ 200] | test-adv Loss:[2.2882e-03] | test-adv Accuracy: [0.3603]
2021-03-16 17:05:46,440 - [INFO] - => Epoch: [ 100/ 200] | train-    Loss:[1.6023e-04] | train-    Accuracy: [0.9601]
