2021-03-14 14:26:14,765 - [INFO] - Number of GPU available: 2
2021-03-14 14:26:16,686 - [INFO] - Resume training from the checkpoint...
2021-03-14 14:26:16,687 - [INFO] - => no checkpoint found at './model/mnist-cnn-adv-pgd-0.3-0.01-40-checkpoint.pth.tar'
2021-03-14 14:26:16,687 - [INFO] - => Training the resnet from scratch...
2021-03-14 14:26:26,815 - [INFO] - => Epoch: [   1/  50] | train-    Loss:[4.4259e-04] | train-    Accuracy: [0.6968]
2021-03-14 14:27:22,781 - [INFO] - => Epoch: [   1/  50] | train-adv Loss:[1.8373e-03] | train-adv Accuracy: [0.4170]
2021-03-14 14:27:23,682 - [INFO] - => Epoch: [   1/  50] | test-    Loss:[7.7202e-04] | test-    Accuracy: [0.8674]
2021-03-14 14:27:32,831 - [INFO] - => Epoch: [   1/  50] | test-adv Loss:[1.7436e-03] | test-adv Accuracy: [0.6054]
2021-03-14 14:27:32,860 - [INFO] - => Best parameters are updated
2021-03-14 14:27:40,840 - [INFO] - => Epoch: [   2/  50] | train-    Loss:[5.8184e-04] | train-    Accuracy: [0.8844]
2021-03-14 14:28:36,840 - [INFO] - => Epoch: [   2/  50] | train-adv Loss:[1.6541e-03] | train-adv Accuracy: [0.5727]
2021-03-14 14:28:37,754 - [INFO] - => Epoch: [   2/  50] | test-    Loss:[3.2163e-04] | test-    Accuracy: [0.9445]
2021-03-14 14:28:47,040 - [INFO] - => Epoch: [   2/  50] | test-adv Loss:[1.1150e-03] | test-adv Accuracy: [0.7314]
2021-03-14 14:28:47,049 - [INFO] - => Best parameters are updated
2021-03-14 14:28:55,111 - [INFO] - => Epoch: [   3/  50] | train-    Loss:[3.6435e-04] | train-    Accuracy: [0.9156]
2021-03-14 14:29:51,582 - [INFO] - => Epoch: [   3/  50] | train-adv Loss:[1.5591e-03] | train-adv Accuracy: [0.6625]
2021-03-14 14:29:52,599 - [INFO] - => Epoch: [   3/  50] | test-    Loss:[1.5235e-04] | test-    Accuracy: [0.9415]
2021-03-14 14:30:01,614 - [INFO] - => Epoch: [   3/  50] | test-adv Loss:[9.5352e-04] | test-adv Accuracy: [0.7496]
2021-03-14 14:30:09,646 - [INFO] - => Epoch: [   4/  50] | train-    Loss:[3.6024e-04] | train-    Accuracy: [0.9351]
2021-03-14 14:31:06,185 - [INFO] - => Epoch: [   4/  50] | train-adv Loss:[1.2195e-03] | train-adv Accuracy: [0.6980]
2021-03-14 14:31:07,308 - [INFO] - => Epoch: [   4/  50] | test-    Loss:[1.2156e-04] | test-    Accuracy: [0.9581]
2021-03-14 14:31:16,576 - [INFO] - => Epoch: [   4/  50] | test-adv Loss:[7.6496e-04] | test-adv Accuracy: [0.7818]
2021-03-14 14:31:16,589 - [INFO] - => Best parameters are updated
2021-03-14 14:31:24,466 - [INFO] - => Epoch: [   5/  50] | train-    Loss:[9.7614e-05] | train-    Accuracy: [0.9412]
2021-03-14 14:32:20,476 - [INFO] - => Epoch: [   5/  50] | train-adv Loss:[8.4783e-04] | train-adv Accuracy: [0.7192]
2021-03-14 14:32:21,384 - [INFO] - => Epoch: [   5/  50] | test-    Loss:[1.1702e-04] | test-    Accuracy: [0.9576]
2021-03-14 14:32:30,500 - [INFO] - => Epoch: [   5/  50] | test-adv Loss:[7.1836e-04] | test-adv Accuracy: [0.7957]
2021-03-14 14:32:38,438 - [INFO] - => Epoch: [   6/  50] | train-    Loss:[1.1274e-04] | train-    Accuracy: [0.9454]
2021-03-14 14:33:34,769 - [INFO] - => Epoch: [   6/  50] | train-adv Loss:[1.1125e-03] | train-adv Accuracy: [0.7340]
2021-03-14 14:33:35,657 - [INFO] - => Epoch: [   6/  50] | test-    Loss:[1.1139e-04] | test-    Accuracy: [0.9667]
2021-03-14 14:33:44,846 - [INFO] - => Epoch: [   6/  50] | test-adv Loss:[7.6284e-04] | test-adv Accuracy: [0.8148]
2021-03-14 14:33:44,857 - [INFO] - => Best parameters are updated
2021-03-14 14:33:53,234 - [INFO] - => Epoch: [   7/  50] | train-    Loss:[3.4032e-04] | train-    Accuracy: [0.9474]
2021-03-14 14:34:50,228 - [INFO] - => Epoch: [   7/  50] | train-adv Loss:[1.2990e-03] | train-adv Accuracy: [0.7426]
2021-03-14 14:34:51,164 - [INFO] - => Epoch: [   7/  50] | test-    Loss:[1.7460e-04] | test-    Accuracy: [0.9663]
2021-03-14 14:35:00,410 - [INFO] - => Epoch: [   7/  50] | test-adv Loss:[9.1031e-04] | test-adv Accuracy: [0.8135]
2021-03-14 14:35:08,290 - [INFO] - => Epoch: [   8/  50] | train-    Loss:[1.2536e-04] | train-    Accuracy: [0.9499]
2021-03-14 14:36:04,602 - [INFO] - => Epoch: [   8/  50] | train-adv Loss:[9.8775e-04] | train-adv Accuracy: [0.7547]
2021-03-14 14:36:05,474 - [INFO] - => Epoch: [   8/  50] | test-    Loss:[1.3255e-04] | test-    Accuracy: [0.9676]
2021-03-14 14:36:14,972 - [INFO] - => Epoch: [   8/  50] | test-adv Loss:[7.2436e-04] | test-adv Accuracy: [0.8291]
2021-03-14 14:36:14,987 - [INFO] - => Best parameters are updated
2021-03-14 14:36:23,115 - [INFO] - => Epoch: [   9/  50] | train-    Loss:[2.1879e-04] | train-    Accuracy: [0.9523]
2021-03-14 14:37:20,028 - [INFO] - => Epoch: [   9/  50] | train-adv Loss:[1.0661e-03] | train-adv Accuracy: [0.7620]
2021-03-14 14:37:20,849 - [INFO] - => Epoch: [   9/  50] | test-    Loss:[1.0273e-04] | test-    Accuracy: [0.9651]
2021-03-14 14:37:29,972 - [INFO] - => Epoch: [   9/  50] | test-adv Loss:[6.8036e-04] | test-adv Accuracy: [0.8167]
2021-03-14 14:37:38,010 - [INFO] - => Epoch: [  10/  50] | train-    Loss:[1.1556e-04] | train-    Accuracy: [0.9532]
2021-03-14 14:38:34,335 - [INFO] - => Epoch: [  10/  50] | train-adv Loss:[8.9127e-04] | train-adv Accuracy: [0.7657]
2021-03-14 14:38:35,188 - [INFO] - => Epoch: [  10/  50] | test-    Loss:[8.0290e-05] | test-    Accuracy: [0.9679]
2021-03-14 14:38:44,576 - [INFO] - => Epoch: [  10/  50] | test-adv Loss:[6.0067e-04] | test-adv Accuracy: [0.8332]
2021-03-14 14:38:44,586 - [INFO] - => Best parameters are updated
2021-03-14 14:38:52,721 - [INFO] - => Epoch: [  11/  50] | train-    Loss:[2.6652e-04] | train-    Accuracy: [0.9546]
2021-03-14 14:39:49,112 - [INFO] - => Epoch: [  11/  50] | train-adv Loss:[9.7232e-04] | train-adv Accuracy: [0.7706]
2021-03-14 14:39:50,021 - [INFO] - => Epoch: [  11/  50] | test-    Loss:[1.1216e-04] | test-    Accuracy: [0.9653]
2021-03-14 14:39:59,364 - [INFO] - => Epoch: [  11/  50] | test-adv Loss:[7.6945e-04] | test-adv Accuracy: [0.8247]
2021-03-14 14:40:07,244 - [INFO] - => Epoch: [  12/  50] | train-    Loss:[1.0893e-04] | train-    Accuracy: [0.9563]
2021-03-14 14:41:03,854 - [INFO] - => Epoch: [  12/  50] | train-adv Loss:[9.0197e-04] | train-adv Accuracy: [0.7777]
2021-03-14 14:41:04,735 - [INFO] - => Epoch: [  12/  50] | test-    Loss:[1.1908e-04] | test-    Accuracy: [0.9708]
2021-03-14 14:41:13,870 - [INFO] - => Epoch: [  12/  50] | test-adv Loss:[7.3218e-04] | test-adv Accuracy: [0.8414]
2021-03-14 14:41:13,880 - [INFO] - => Best parameters are updated
2021-03-14 14:41:21,704 - [INFO] - => Epoch: [  13/  50] | train-    Loss:[2.9602e-04] | train-    Accuracy: [0.9562]
2021-03-14 14:42:18,630 - [INFO] - => Epoch: [  13/  50] | train-adv Loss:[9.3196e-04] | train-adv Accuracy: [0.7874]
2021-03-14 14:42:19,471 - [INFO] - => Epoch: [  13/  50] | test-    Loss:[9.8762e-05] | test-    Accuracy: [0.9690]
2021-03-14 14:42:28,534 - [INFO] - => Epoch: [  13/  50] | test-adv Loss:[7.0114e-04] | test-adv Accuracy: [0.8435]
2021-03-14 14:42:36,480 - [INFO] - => Epoch: [  14/  50] | train-    Loss:[1.2390e-04] | train-    Accuracy: [0.9580]
2021-03-14 14:43:33,185 - [INFO] - => Epoch: [  14/  50] | train-adv Loss:[6.3929e-04] | train-adv Accuracy: [0.7968]
2021-03-14 14:43:34,253 - [INFO] - => Epoch: [  14/  50] | test-    Loss:[9.0254e-05] | test-    Accuracy: [0.9718]
2021-03-14 14:43:43,743 - [INFO] - => Epoch: [  14/  50] | test-adv Loss:[6.1115e-04] | test-adv Accuracy: [0.8600]
2021-03-14 14:43:43,755 - [INFO] - => Best parameters are updated
2021-03-14 14:43:51,529 - [INFO] - => Epoch: [  15/  50] | train-    Loss:[8.9370e-05] | train-    Accuracy: [0.9582]
2021-03-14 14:44:48,285 - [INFO] - => Epoch: [  15/  50] | train-adv Loss:[6.9328e-04] | train-adv Accuracy: [0.8025]
2021-03-14 14:44:49,203 - [INFO] - => Epoch: [  15/  50] | test-    Loss:[1.0365e-04] | test-    Accuracy: [0.9716]
2021-03-14 14:44:58,781 - [INFO] - => Epoch: [  15/  50] | test-adv Loss:[5.8909e-04] | test-adv Accuracy: [0.8714]
2021-03-14 14:45:07,009 - [INFO] - => Epoch: [  16/  50] | train-    Loss:[1.9094e-04] | train-    Accuracy: [0.9575]
2021-03-14 14:46:03,482 - [INFO] - => Epoch: [  16/  50] | train-adv Loss:[9.1170e-04] | train-adv Accuracy: [0.8110]
2021-03-14 14:46:04,352 - [INFO] - => Epoch: [  16/  50] | test-    Loss:[1.2899e-04] | test-    Accuracy: [0.9725]
2021-03-14 14:46:13,528 - [INFO] - => Epoch: [  16/  50] | test-adv Loss:[7.3535e-04] | test-adv Accuracy: [0.8633]
2021-03-14 14:46:13,540 - [INFO] - => Best parameters are updated
2021-03-14 14:46:21,934 - [INFO] - => Epoch: [  17/  50] | train-    Loss:[1.8290e-04] | train-    Accuracy: [0.9588]
2021-03-14 14:47:18,473 - [INFO] - => Epoch: [  17/  50] | train-adv Loss:[8.7357e-04] | train-adv Accuracy: [0.8168]
2021-03-14 14:47:19,314 - [INFO] - => Epoch: [  17/  50] | test-    Loss:[7.1454e-05] | test-    Accuracy: [0.9725]
2021-03-14 14:47:28,400 - [INFO] - => Epoch: [  17/  50] | test-adv Loss:[4.9017e-04] | test-adv Accuracy: [0.8738]
2021-03-14 14:47:36,348 - [INFO] - => Epoch: [  18/  50] | train-    Loss:[1.0215e-04] | train-    Accuracy: [0.9592]
2021-03-14 14:48:32,947 - [INFO] - => Epoch: [  18/  50] | train-adv Loss:[6.6343e-04] | train-adv Accuracy: [0.8188]
2021-03-14 14:48:33,770 - [INFO] - => Epoch: [  18/  50] | test-    Loss:[7.2688e-05] | test-    Accuracy: [0.9725]
2021-03-14 14:48:42,996 - [INFO] - => Epoch: [  18/  50] | test-adv Loss:[5.6194e-04] | test-adv Accuracy: [0.8729]
2021-03-14 14:48:50,787 - [INFO] - => Epoch: [  19/  50] | train-    Loss:[2.3036e-04] | train-    Accuracy: [0.9587]
2021-03-14 14:49:47,549 - [INFO] - => Epoch: [  19/  50] | train-adv Loss:[6.8041e-04] | train-adv Accuracy: [0.8234]
2021-03-14 14:49:48,530 - [INFO] - => Epoch: [  19/  50] | test-    Loss:[7.7215e-05] | test-    Accuracy: [0.9711]
2021-03-14 14:49:57,672 - [INFO] - => Epoch: [  19/  50] | test-adv Loss:[5.3287e-04] | test-adv Accuracy: [0.8760]
2021-03-14 14:50:05,954 - [INFO] - => Epoch: [  20/  50] | train-    Loss:[1.7832e-04] | train-    Accuracy: [0.9585]
2021-03-14 14:51:02,753 - [INFO] - => Epoch: [  20/  50] | train-adv Loss:[5.8720e-04] | train-adv Accuracy: [0.8247]
2021-03-14 14:51:03,748 - [INFO] - => Epoch: [  20/  50] | test-    Loss:[8.6858e-05] | test-    Accuracy: [0.9709]
2021-03-14 14:51:12,847 - [INFO] - => Epoch: [  20/  50] | test-adv Loss:[5.4113e-04] | test-adv Accuracy: [0.8637]
2021-03-14 14:51:20,746 - [INFO] - => Epoch: [  21/  50] | train-    Loss:[1.9196e-04] | train-    Accuracy: [0.9588]
2021-03-14 14:52:17,329 - [INFO] - => Epoch: [  21/  50] | train-adv Loss:[6.0892e-04] | train-adv Accuracy: [0.8275]
2021-03-14 14:52:18,179 - [INFO] - => Epoch: [  21/  50] | test-    Loss:[6.6559e-05] | test-    Accuracy: [0.9718]
2021-03-14 14:52:27,701 - [INFO] - => Epoch: [  21/  50] | test-adv Loss:[4.4802e-04] | test-adv Accuracy: [0.8825]
2021-03-14 14:52:35,460 - [INFO] - => Epoch: [  22/  50] | train-    Loss:[3.2423e-04] | train-    Accuracy: [0.9599]
2021-03-14 14:53:31,896 - [INFO] - => Epoch: [  22/  50] | train-adv Loss:[8.3299e-04] | train-adv Accuracy: [0.8272]
2021-03-14 14:53:32,954 - [INFO] - => Epoch: [  22/  50] | test-    Loss:[1.1382e-04] | test-    Accuracy: [0.9699]
2021-03-14 14:53:42,169 - [INFO] - => Epoch: [  22/  50] | test-adv Loss:[7.0862e-04] | test-adv Accuracy: [0.8777]
2021-03-14 14:53:49,917 - [INFO] - => Epoch: [  23/  50] | train-    Loss:[2.0244e-04] | train-    Accuracy: [0.9611]
2021-03-14 14:54:46,367 - [INFO] - => Epoch: [  23/  50] | train-adv Loss:[7.5456e-04] | train-adv Accuracy: [0.8297]
2021-03-14 14:54:47,208 - [INFO] - => Epoch: [  23/  50] | test-    Loss:[9.7611e-05] | test-    Accuracy: [0.9702]
2021-03-14 14:54:56,640 - [INFO] - => Epoch: [  23/  50] | test-adv Loss:[6.9308e-04] | test-adv Accuracy: [0.8822]
2021-03-14 14:55:04,591 - [INFO] - => Epoch: [  24/  50] | train-    Loss:[1.4399e-04] | train-    Accuracy: [0.9605]
2021-03-14 14:56:01,048 - [INFO] - => Epoch: [  24/  50] | train-adv Loss:[7.3999e-04] | train-adv Accuracy: [0.8306]
2021-03-14 14:56:01,961 - [INFO] - => Epoch: [  24/  50] | test-    Loss:[5.3515e-05] | test-    Accuracy: [0.9745]
2021-03-14 14:56:11,030 - [INFO] - => Epoch: [  24/  50] | test-adv Loss:[3.7220e-04] | test-adv Accuracy: [0.8918]
2021-03-14 14:56:11,049 - [INFO] - => Best parameters are updated
2021-03-14 14:56:18,858 - [INFO] - => Epoch: [  25/  50] | train-    Loss:[2.3071e-04] | train-    Accuracy: [0.9596]
2021-03-14 14:57:15,850 - [INFO] - => Epoch: [  25/  50] | train-adv Loss:[5.5914e-04] | train-adv Accuracy: [0.8339]
2021-03-14 14:57:16,842 - [INFO] - => Epoch: [  25/  50] | test-    Loss:[9.9208e-05] | test-    Accuracy: [0.9640]
2021-03-14 14:57:25,949 - [INFO] - => Epoch: [  25/  50] | test-adv Loss:[6.2871e-04] | test-adv Accuracy: [0.8667]
2021-03-14 14:57:33,988 - [INFO] - => Epoch: [  26/  50] | train-    Loss:[1.5511e-04] | train-    Accuracy: [0.9613]
2021-03-14 14:58:30,756 - [INFO] - => Epoch: [  26/  50] | train-adv Loss:[7.4466e-04] | train-adv Accuracy: [0.8325]
2021-03-14 14:58:31,719 - [INFO] - => Epoch: [  26/  50] | test-    Loss:[7.0462e-05] | test-    Accuracy: [0.9744]
2021-03-14 14:58:41,128 - [INFO] - => Epoch: [  26/  50] | test-adv Loss:[4.6127e-04] | test-adv Accuracy: [0.8903]
2021-03-14 14:58:49,217 - [INFO] - => Epoch: [  27/  50] | train-    Loss:[1.4218e-04] | train-    Accuracy: [0.9622]
2021-03-14 14:59:46,049 - [INFO] - => Epoch: [  27/  50] | train-adv Loss:[8.1926e-04] | train-adv Accuracy: [0.8342]
2021-03-14 14:59:47,016 - [INFO] - => Epoch: [  27/  50] | test-    Loss:[9.6834e-05] | test-    Accuracy: [0.9650]
2021-03-14 14:59:56,569 - [INFO] - => Epoch: [  27/  50] | test-adv Loss:[5.1800e-04] | test-adv Accuracy: [0.8638]
2021-03-14 15:00:04,618 - [INFO] - => Epoch: [  28/  50] | train-    Loss:[2.1310e-04] | train-    Accuracy: [0.9617]
2021-03-14 15:01:01,481 - [INFO] - => Epoch: [  28/  50] | train-adv Loss:[7.8506e-04] | train-adv Accuracy: [0.8346]
2021-03-14 15:01:02,563 - [INFO] - => Epoch: [  28/  50] | test-    Loss:[1.0989e-04] | test-    Accuracy: [0.9723]
2021-03-14 15:01:11,938 - [INFO] - => Epoch: [  28/  50] | test-adv Loss:[5.5646e-04] | test-adv Accuracy: [0.8854]
2021-03-14 15:01:20,005 - [INFO] - => Epoch: [  29/  50] | train-    Loss:[4.1959e-04] | train-    Accuracy: [0.9624]
2021-03-14 15:02:17,155 - [INFO] - => Epoch: [  29/  50] | train-adv Loss:[6.4906e-04] | train-adv Accuracy: [0.8361]
2021-03-14 15:02:18,132 - [INFO] - => Epoch: [  29/  50] | test-    Loss:[1.4146e-04] | test-    Accuracy: [0.9700]
2021-03-14 15:02:27,432 - [INFO] - => Epoch: [  29/  50] | test-adv Loss:[6.2713e-04] | test-adv Accuracy: [0.8783]
2021-03-14 15:02:35,874 - [INFO] - => Epoch: [  30/  50] | train-    Loss:[2.4793e-04] | train-    Accuracy: [0.9617]
2021-03-14 15:03:32,241 - [INFO] - => Epoch: [  30/  50] | train-adv Loss:[6.8920e-04] | train-adv Accuracy: [0.8373]
2021-03-14 15:03:33,311 - [INFO] - => Epoch: [  30/  50] | test-    Loss:[8.2205e-05] | test-    Accuracy: [0.9771]
2021-03-14 15:03:42,696 - [INFO] - => Epoch: [  30/  50] | test-adv Loss:[5.4732e-04] | test-adv Accuracy: [0.8913]
2021-03-14 15:03:42,717 - [INFO] - => Best parameters are updated
2021-03-14 15:03:50,711 - [INFO] - => Epoch: [  31/  50] | train-    Loss:[1.1103e-04] | train-    Accuracy: [0.9616]
2021-03-14 15:04:47,503 - [INFO] - => Epoch: [  31/  50] | train-adv Loss:[6.4164e-04] | train-adv Accuracy: [0.8395]
2021-03-14 15:04:48,361 - [INFO] - => Epoch: [  31/  50] | test-    Loss:[5.9252e-05] | test-    Accuracy: [0.9735]
2021-03-14 15:04:57,502 - [INFO] - => Epoch: [  31/  50] | test-adv Loss:[5.1202e-04] | test-adv Accuracy: [0.8838]
2021-03-14 15:05:05,402 - [INFO] - => Epoch: [  32/  50] | train-    Loss:[1.4122e-04] | train-    Accuracy: [0.9618]
2021-03-14 15:06:04,251 - [INFO] - => Epoch: [  32/  50] | train-adv Loss:[1.0831e-03] | train-adv Accuracy: [0.8387]
2021-03-14 15:06:05,119 - [INFO] - => Epoch: [  32/  50] | test-    Loss:[1.0677e-04] | test-    Accuracy: [0.9766]
2021-03-14 15:06:14,320 - [INFO] - => Epoch: [  32/  50] | test-adv Loss:[5.6100e-04] | test-adv Accuracy: [0.8909]
2021-03-14 15:06:22,414 - [INFO] - => Epoch: [  33/  50] | train-    Loss:[3.7835e-04] | train-    Accuracy: [0.9623]
2021-03-14 15:07:21,309 - [INFO] - => Epoch: [  33/  50] | train-adv Loss:[8.3627e-04] | train-adv Accuracy: [0.8388]
2021-03-14 15:07:22,168 - [INFO] - => Epoch: [  33/  50] | test-    Loss:[7.8040e-05] | test-    Accuracy: [0.9737]
2021-03-14 15:07:31,293 - [INFO] - => Epoch: [  33/  50] | test-adv Loss:[4.0756e-04] | test-adv Accuracy: [0.8941]
2021-03-14 15:07:39,039 - [INFO] - => Epoch: [  34/  50] | train-    Loss:[1.7196e-04] | train-    Accuracy: [0.9627]
2021-03-14 15:08:35,723 - [INFO] - => Epoch: [  34/  50] | train-adv Loss:[6.5273e-04] | train-adv Accuracy: [0.8381]
2021-03-14 15:08:36,629 - [INFO] - => Epoch: [  34/  50] | test-    Loss:[6.6918e-05] | test-    Accuracy: [0.9729]
2021-03-14 15:08:45,736 - [INFO] - => Epoch: [  34/  50] | test-adv Loss:[4.0920e-04] | test-adv Accuracy: [0.8864]
2021-03-14 15:08:53,846 - [INFO] - => Epoch: [  35/  50] | train-    Loss:[1.1774e-04] | train-    Accuracy: [0.9627]
2021-03-14 15:09:50,756 - [INFO] - => Epoch: [  35/  50] | train-adv Loss:[7.6047e-04] | train-adv Accuracy: [0.8411]
2021-03-14 15:09:51,611 - [INFO] - => Epoch: [  35/  50] | test-    Loss:[1.4803e-04] | test-    Accuracy: [0.9682]
2021-03-14 15:10:00,842 - [INFO] - => Epoch: [  35/  50] | test-adv Loss:[8.8213e-04] | test-adv Accuracy: [0.8754]
2021-03-14 15:10:08,630 - [INFO] - => Epoch: [  36/  50] | train-    Loss:[4.7300e-04] | train-    Accuracy: [0.9623]
2021-03-14 15:11:05,542 - [INFO] - => Epoch: [  36/  50] | train-adv Loss:[8.3400e-04] | train-adv Accuracy: [0.8405]
2021-03-14 15:11:06,385 - [INFO] - => Epoch: [  36/  50] | test-    Loss:[5.7552e-05] | test-    Accuracy: [0.9669]
2021-03-14 15:11:15,613 - [INFO] - => Epoch: [  36/  50] | test-adv Loss:[3.6971e-04] | test-adv Accuracy: [0.8783]
2021-03-14 15:11:23,753 - [INFO] - => Epoch: [  37/  50] | train-    Loss:[2.4002e-04] | train-    Accuracy: [0.9620]
2021-03-14 15:12:20,308 - [INFO] - => Epoch: [  37/  50] | train-adv Loss:[5.5293e-04] | train-adv Accuracy: [0.8411]
2021-03-14 15:12:21,242 - [INFO] - => Epoch: [  37/  50] | test-    Loss:[7.2510e-05] | test-    Accuracy: [0.9715]
2021-03-14 15:12:30,385 - [INFO] - => Epoch: [  37/  50] | test-adv Loss:[4.0978e-04] | test-adv Accuracy: [0.8805]
2021-03-14 15:12:38,555 - [INFO] - => Epoch: [  38/  50] | train-    Loss:[1.0510e-04] | train-    Accuracy: [0.9620]
2021-03-14 15:13:35,296 - [INFO] - => Epoch: [  38/  50] | train-adv Loss:[6.1907e-04] | train-adv Accuracy: [0.8415]
2021-03-14 15:13:36,128 - [INFO] - => Epoch: [  38/  50] | test-    Loss:[1.0575e-04] | test-    Accuracy: [0.9748]
2021-03-14 15:13:45,415 - [INFO] - => Epoch: [  38/  50] | test-adv Loss:[4.3588e-04] | test-adv Accuracy: [0.8935]
2021-03-14 15:13:53,326 - [INFO] - => Epoch: [  39/  50] | train-    Loss:[2.2162e-04] | train-    Accuracy: [0.9627]
2021-03-14 15:14:50,231 - [INFO] - => Epoch: [  39/  50] | train-adv Loss:[8.4836e-04] | train-adv Accuracy: [0.8446]
2021-03-14 15:14:51,115 - [INFO] - => Epoch: [  39/  50] | test-    Loss:[8.3778e-05] | test-    Accuracy: [0.9727]
2021-03-14 15:15:00,621 - [INFO] - => Epoch: [  39/  50] | test-adv Loss:[5.4794e-04] | test-adv Accuracy: [0.8778]
2021-03-14 15:15:08,435 - [INFO] - => Epoch: [  40/  50] | train-    Loss:[8.5917e-05] | train-    Accuracy: [0.9631]
2021-03-14 15:16:05,537 - [INFO] - => Epoch: [  40/  50] | train-adv Loss:[6.4996e-04] | train-adv Accuracy: [0.8407]
2021-03-14 15:16:06,539 - [INFO] - => Epoch: [  40/  50] | test-    Loss:[4.6886e-05] | test-    Accuracy: [0.9732]
2021-03-14 15:16:15,724 - [INFO] - => Epoch: [  40/  50] | test-adv Loss:[3.7817e-04] | test-adv Accuracy: [0.8924]
2021-03-14 15:16:23,430 - [INFO] - => Epoch: [  41/  50] | train-    Loss:[1.1799e-04] | train-    Accuracy: [0.9625]
2021-03-14 15:17:20,077 - [INFO] - => Epoch: [  41/  50] | train-adv Loss:[7.2743e-04] | train-adv Accuracy: [0.8459]
2021-03-14 15:17:20,991 - [INFO] - => Epoch: [  41/  50] | test-    Loss:[8.4985e-05] | test-    Accuracy: [0.9751]
2021-03-14 15:17:30,147 - [INFO] - => Epoch: [  41/  50] | test-adv Loss:[5.5885e-04] | test-adv Accuracy: [0.8918]
2021-03-14 15:17:38,187 - [INFO] - => Epoch: [  42/  50] | train-    Loss:[1.8476e-04] | train-    Accuracy: [0.9639]
2021-03-14 15:18:35,406 - [INFO] - => Epoch: [  42/  50] | train-adv Loss:[7.9995e-04] | train-adv Accuracy: [0.8448]
2021-03-14 15:18:36,289 - [INFO] - => Epoch: [  42/  50] | test-    Loss:[7.3850e-05] | test-    Accuracy: [0.9749]
2021-03-14 15:18:45,523 - [INFO] - => Epoch: [  42/  50] | test-adv Loss:[5.1292e-04] | test-adv Accuracy: [0.8939]
2021-03-14 15:18:53,571 - [INFO] - => Epoch: [  43/  50] | train-    Loss:[1.6088e-04] | train-    Accuracy: [0.9625]
2021-03-14 15:19:50,209 - [INFO] - => Epoch: [  43/  50] | train-adv Loss:[6.6013e-04] | train-adv Accuracy: [0.8441]
2021-03-14 15:19:51,082 - [INFO] - => Epoch: [  43/  50] | test-    Loss:[5.8052e-05] | test-    Accuracy: [0.9754]
2021-03-14 15:20:00,182 - [INFO] - => Epoch: [  43/  50] | test-adv Loss:[4.1369e-04] | test-adv Accuracy: [0.8930]
2021-03-14 15:20:08,383 - [INFO] - => Epoch: [  44/  50] | train-    Loss:[9.6740e-05] | train-    Accuracy: [0.9636]
2021-03-14 15:21:05,307 - [INFO] - => Epoch: [  44/  50] | train-adv Loss:[7.0530e-04] | train-adv Accuracy: [0.8446]
2021-03-14 15:21:06,179 - [INFO] - => Epoch: [  44/  50] | test-    Loss:[5.6333e-05] | test-    Accuracy: [0.9760]
2021-03-14 15:21:15,504 - [INFO] - => Epoch: [  44/  50] | test-adv Loss:[3.3901e-04] | test-adv Accuracy: [0.8966]
2021-03-14 15:21:23,521 - [INFO] - => Epoch: [  45/  50] | train-    Loss:[6.9855e-05] | train-    Accuracy: [0.9641]
2021-03-14 15:22:20,825 - [INFO] - => Epoch: [  45/  50] | train-adv Loss:[1.0526e-03] | train-adv Accuracy: [0.8454]
2021-03-14 15:22:21,890 - [INFO] - => Epoch: [  45/  50] | test-    Loss:[8.7393e-05] | test-    Accuracy: [0.9766]
2021-03-14 15:22:31,234 - [INFO] - => Epoch: [  45/  50] | test-adv Loss:[5.0110e-04] | test-adv Accuracy: [0.8928]
2021-03-14 15:22:39,272 - [INFO] - => Epoch: [  46/  50] | train-    Loss:[2.4864e-04] | train-    Accuracy: [0.9638]
2021-03-14 15:23:36,417 - [INFO] - => Epoch: [  46/  50] | train-adv Loss:[6.7829e-04] | train-adv Accuracy: [0.8461]
2021-03-14 15:23:37,324 - [INFO] - => Epoch: [  46/  50] | test-    Loss:[4.5751e-05] | test-    Accuracy: [0.9732]
2021-03-14 15:23:47,152 - [INFO] - => Epoch: [  46/  50] | test-adv Loss:[3.1503e-04] | test-adv Accuracy: [0.8870]
2021-03-14 15:23:55,651 - [INFO] - => Epoch: [  47/  50] | train-    Loss:[3.1222e-04] | train-    Accuracy: [0.9639]
2021-03-14 15:24:52,868 - [INFO] - => Epoch: [  47/  50] | train-adv Loss:[7.2741e-04] | train-adv Accuracy: [0.8460]
2021-03-14 15:24:53,758 - [INFO] - => Epoch: [  47/  50] | test-    Loss:[4.5979e-05] | test-    Accuracy: [0.9750]
2021-03-14 15:25:03,170 - [INFO] - => Epoch: [  47/  50] | test-adv Loss:[2.7931e-04] | test-adv Accuracy: [0.8945]
2021-03-14 15:25:10,977 - [INFO] - => Epoch: [  48/  50] | train-    Loss:[2.2670e-04] | train-    Accuracy: [0.9633]
2021-03-14 15:26:08,224 - [INFO] - => Epoch: [  48/  50] | train-adv Loss:[6.4964e-04] | train-adv Accuracy: [0.8474]
2021-03-14 15:26:09,048 - [INFO] - => Epoch: [  48/  50] | test-    Loss:[1.4617e-04] | test-    Accuracy: [0.9711]
2021-03-14 15:26:18,229 - [INFO] - => Epoch: [  48/  50] | test-adv Loss:[5.9178e-04] | test-adv Accuracy: [0.8835]
2021-03-14 15:26:26,455 - [INFO] - => Epoch: [  49/  50] | train-    Loss:[7.1666e-05] | train-    Accuracy: [0.9645]
2021-03-14 15:27:23,524 - [INFO] - => Epoch: [  49/  50] | train-adv Loss:[8.0433e-04] | train-adv Accuracy: [0.8462]
2021-03-14 15:27:24,408 - [INFO] - => Epoch: [  49/  50] | test-    Loss:[8.0765e-05] | test-    Accuracy: [0.9732]
2021-03-14 15:27:33,744 - [INFO] - => Epoch: [  49/  50] | test-adv Loss:[4.4508e-04] | test-adv Accuracy: [0.8925]
2021-03-14 15:27:41,744 - [INFO] - => Epoch: [  50/  50] | train-    Loss:[6.8051e-05] | train-    Accuracy: [0.9640]
2021-03-14 15:28:38,729 - [INFO] - => Epoch: [  50/  50] | train-adv Loss:[1.0636e-03] | train-adv Accuracy: [0.8501]
2021-03-14 15:28:39,714 - [INFO] - => Epoch: [  50/  50] | test-    Loss:[3.7013e-05] | test-    Accuracy: [0.9757]
2021-03-14 15:28:49,136 - [INFO] - => Epoch: [  50/  50] | test-adv Loss:[2.8599e-04] | test-adv Accuracy: [0.8998]
2021-03-14 15:28:49,156 - [INFO] - Trained on [50] epoch, with test accuracy [0.9757].
              => During the training stages, historical best test accuracy is          [0.9771]
