2021-03-13 00:10:25,354 - [INFO] - Number of GPU available: 1
2021-03-13 00:10:30,820 - [INFO] - Resume training from the checkpoint...
2021-03-13 00:10:30,821 - [INFO] - => no checkpoint found at './model/mnist-cnn-checkpoint.pth.tar'
2021-03-13 00:10:30,821 - [INFO] - => Training the resnet from scratch...
2021-03-13 00:10:43,277 - [INFO] - => Epoch: [   1/  50] | Training Loss:[2.7408e-01] | Training Accuracy: [0.6966]
2021-03-13 00:10:44,553 - [INFO] - => Epoch: [   1/  50] | Testing  Loss:[3.2405e-01] | Testing  Accuracy: [0.9055]
2021-03-13 00:10:44,561 - [INFO] - => Best parameters are updated
2021-03-13 00:10:56,040 - [INFO] - => Epoch: [   2/  50] | Training Loss:[1.5053e-01] | Training Accuracy: [0.8977]
2021-03-13 00:10:57,284 - [INFO] - => Epoch: [   2/  50] | Testing  Loss:[8.6371e-02] | Testing  Accuracy: [0.9528]
2021-03-13 00:10:57,293 - [INFO] - => Best parameters are updated
2021-03-13 00:11:08,835 - [INFO] - => Epoch: [   3/  50] | Training Loss:[2.0544e-01] | Training Accuracy: [0.9320]
2021-03-13 00:11:10,153 - [INFO] - => Epoch: [   3/  50] | Testing  Loss:[6.3854e-02] | Testing  Accuracy: [0.9619]
2021-03-13 00:11:10,160 - [INFO] - => Best parameters are updated
2021-03-13 00:11:21,627 - [INFO] - => Epoch: [   4/  50] | Training Loss:[1.9779e-01] | Training Accuracy: [0.9439]
2021-03-13 00:11:22,876 - [INFO] - => Epoch: [   4/  50] | Testing  Loss:[1.0379e-02] | Testing  Accuracy: [0.9718]
2021-03-13 00:11:22,884 - [INFO] - => Best parameters are updated
2021-03-13 00:11:33,346 - [INFO] - => Epoch: [   5/  50] | Training Loss:[1.1241e-01] | Training Accuracy: [0.9521]
2021-03-13 00:11:34,488 - [INFO] - => Epoch: [   5/  50] | Testing  Loss:[2.0153e-02] | Testing  Accuracy: [0.9735]
2021-03-13 00:11:34,496 - [INFO] - => Best parameters are updated
2021-03-13 00:11:45,227 - [INFO] - => Epoch: [   6/  50] | Training Loss:[2.1010e-01] | Training Accuracy: [0.9571]
2021-03-13 00:11:46,387 - [INFO] - => Epoch: [   6/  50] | Testing  Loss:[1.0433e-02] | Testing  Accuracy: [0.9634]
2021-03-13 00:11:57,071 - [INFO] - => Epoch: [   7/  50] | Training Loss:[1.1519e-01] | Training Accuracy: [0.9596]
2021-03-13 00:11:58,241 - [INFO] - => Epoch: [   7/  50] | Testing  Loss:[7.3689e-03] | Testing  Accuracy: [0.9788]
2021-03-13 00:11:58,248 - [INFO] - => Best parameters are updated
2021-03-13 00:12:09,264 - [INFO] - => Epoch: [   8/  50] | Training Loss:[4.8965e-02] | Training Accuracy: [0.9627]
2021-03-13 00:12:10,475 - [INFO] - => Epoch: [   8/  50] | Testing  Loss:[5.8829e-03] | Testing  Accuracy: [0.9744]
2021-03-13 00:12:21,221 - [INFO] - => Epoch: [   9/  50] | Training Loss:[6.7292e-02] | Training Accuracy: [0.9653]
2021-03-13 00:12:22,395 - [INFO] - => Epoch: [   9/  50] | Testing  Loss:[5.9452e-03] | Testing  Accuracy: [0.9775]
2021-03-13 00:12:33,001 - [INFO] - => Epoch: [  10/  50] | Training Loss:[6.0395e-02] | Training Accuracy: [0.9661]
2021-03-13 00:12:34,182 - [INFO] - => Epoch: [  10/  50] | Testing  Loss:[2.2551e-02] | Testing  Accuracy: [0.9800]
2021-03-13 00:12:34,190 - [INFO] - => Best parameters are updated
2021-03-13 00:12:44,919 - [INFO] - => Epoch: [  11/  50] | Training Loss:[4.9352e-02] | Training Accuracy: [0.9683]
2021-03-13 00:12:46,126 - [INFO] - => Epoch: [  11/  50] | Testing  Loss:[8.0713e-03] | Testing  Accuracy: [0.9797]
2021-03-13 00:12:57,265 - [INFO] - => Epoch: [  12/  50] | Training Loss:[1.8047e-01] | Training Accuracy: [0.9704]
2021-03-13 00:12:58,503 - [INFO] - => Epoch: [  12/  50] | Testing  Loss:[5.8031e-03] | Testing  Accuracy: [0.9777]
2021-03-13 00:13:09,274 - [INFO] - => Epoch: [  13/  50] | Training Loss:[2.0316e-01] | Training Accuracy: [0.9711]
2021-03-13 00:13:10,466 - [INFO] - => Epoch: [  13/  50] | Testing  Loss:[1.4134e-02] | Testing  Accuracy: [0.9793]
2021-03-13 00:13:21,075 - [INFO] - => Epoch: [  14/  50] | Training Loss:[6.1344e-02] | Training Accuracy: [0.9712]
2021-03-13 00:13:22,222 - [INFO] - => Epoch: [  14/  50] | Testing  Loss:[7.4954e-03] | Testing  Accuracy: [0.9802]
2021-03-13 00:13:22,229 - [INFO] - => Best parameters are updated
2021-03-13 00:13:32,733 - [INFO] - => Epoch: [  15/  50] | Training Loss:[6.9128e-02] | Training Accuracy: [0.9724]
2021-03-13 00:13:33,887 - [INFO] - => Epoch: [  15/  50] | Testing  Loss:[2.2307e-03] | Testing  Accuracy: [0.9793]
2021-03-13 00:13:44,837 - [INFO] - => Epoch: [  16/  50] | Training Loss:[9.1274e-02] | Training Accuracy: [0.9729]
2021-03-13 00:13:46,010 - [INFO] - => Epoch: [  16/  50] | Testing  Loss:[1.2689e-03] | Testing  Accuracy: [0.9838]
2021-03-13 00:13:46,017 - [INFO] - => Best parameters are updated
2021-03-13 00:13:56,630 - [INFO] - => Epoch: [  17/  50] | Training Loss:[7.6419e-02] | Training Accuracy: [0.9741]
2021-03-13 00:13:57,784 - [INFO] - => Epoch: [  17/  50] | Testing  Loss:[1.5075e-03] | Testing  Accuracy: [0.9861]
2021-03-13 00:13:57,793 - [INFO] - => Best parameters are updated
2021-03-13 00:14:08,531 - [INFO] - => Epoch: [  18/  50] | Training Loss:[3.9650e-02] | Training Accuracy: [0.9741]
2021-03-13 00:14:09,739 - [INFO] - => Epoch: [  18/  50] | Testing  Loss:[2.2229e-03] | Testing  Accuracy: [0.9828]
2021-03-13 00:14:20,323 - [INFO] - => Epoch: [  19/  50] | Training Loss:[4.6434e-02] | Training Accuracy: [0.9749]
2021-03-13 00:14:21,546 - [INFO] - => Epoch: [  19/  50] | Testing  Loss:[5.4610e-02] | Testing  Accuracy: [0.9800]
2021-03-13 00:14:32,801 - [INFO] - => Epoch: [  20/  50] | Training Loss:[8.7022e-02] | Training Accuracy: [0.9757]
2021-03-13 00:14:34,008 - [INFO] - => Epoch: [  20/  50] | Testing  Loss:[4.1051e-03] | Testing  Accuracy: [0.9804]
2021-03-13 00:14:44,695 - [INFO] - => Epoch: [  21/  50] | Training Loss:[1.3096e-01] | Training Accuracy: [0.9756]
2021-03-13 00:14:45,908 - [INFO] - => Epoch: [  21/  50] | Testing  Loss:[9.7430e-03] | Testing  Accuracy: [0.9825]
2021-03-13 00:14:56,599 - [INFO] - => Epoch: [  22/  50] | Training Loss:[2.4180e-02] | Training Accuracy: [0.9763]
2021-03-13 00:14:57,806 - [INFO] - => Epoch: [  22/  50] | Testing  Loss:[1.0603e-02] | Testing  Accuracy: [0.9833]
2021-03-13 00:15:08,610 - [INFO] - => Epoch: [  23/  50] | Training Loss:[4.7531e-02] | Training Accuracy: [0.9764]
2021-03-13 00:15:09,793 - [INFO] - => Epoch: [  23/  50] | Testing  Loss:[6.6277e-03] | Testing  Accuracy: [0.9856]
2021-03-13 00:15:20,996 - [INFO] - => Epoch: [  24/  50] | Training Loss:[1.6707e-01] | Training Accuracy: [0.9769]
2021-03-13 00:15:22,158 - [INFO] - => Epoch: [  24/  50] | Testing  Loss:[9.0828e-04] | Testing  Accuracy: [0.9811]
2021-03-13 00:15:32,838 - [INFO] - => Epoch: [  25/  50] | Training Loss:[1.8357e-01] | Training Accuracy: [0.9767]
2021-03-13 00:15:34,024 - [INFO] - => Epoch: [  25/  50] | Testing  Loss:[2.8188e-02] | Testing  Accuracy: [0.9828]
2021-03-13 00:15:44,673 - [INFO] - => Epoch: [  26/  50] | Training Loss:[5.5779e-02] | Training Accuracy: [0.9780]
2021-03-13 00:15:45,933 - [INFO] - => Epoch: [  26/  50] | Testing  Loss:[1.4275e-03] | Testing  Accuracy: [0.9838]
2021-03-13 00:15:56,499 - [INFO] - => Epoch: [  27/  50] | Training Loss:[8.9074e-02] | Training Accuracy: [0.9781]
2021-03-13 00:15:57,637 - [INFO] - => Epoch: [  27/  50] | Testing  Loss:[7.8223e-03] | Testing  Accuracy: [0.9834]
2021-03-13 00:16:08,619 - [INFO] - => Epoch: [  28/  50] | Training Loss:[1.2262e-01] | Training Accuracy: [0.9776]
2021-03-13 00:16:09,796 - [INFO] - => Epoch: [  28/  50] | Testing  Loss:[1.4665e-03] | Testing  Accuracy: [0.9838]
2021-03-13 00:16:20,568 - [INFO] - => Epoch: [  29/  50] | Training Loss:[1.4117e-02] | Training Accuracy: [0.9790]
2021-03-13 00:16:21,773 - [INFO] - => Epoch: [  29/  50] | Testing  Loss:[4.7018e-03] | Testing  Accuracy: [0.9814]
2021-03-13 00:16:32,499 - [INFO] - => Epoch: [  30/  50] | Training Loss:[1.6190e-02] | Training Accuracy: [0.9787]
2021-03-13 00:16:33,742 - [INFO] - => Epoch: [  30/  50] | Testing  Loss:[2.7072e-03] | Testing  Accuracy: [0.9855]
2021-03-13 00:16:44,636 - [INFO] - => Epoch: [  31/  50] | Training Loss:[9.6175e-02] | Training Accuracy: [0.9787]
2021-03-13 00:16:45,857 - [INFO] - => Epoch: [  31/  50] | Testing  Loss:[3.4165e-03] | Testing  Accuracy: [0.9832]
2021-03-13 00:16:56,834 - [INFO] - => Epoch: [  32/  50] | Training Loss:[3.4107e-02] | Training Accuracy: [0.9794]
2021-03-13 00:16:58,010 - [INFO] - => Epoch: [  32/  50] | Testing  Loss:[1.7458e-03] | Testing  Accuracy: [0.9845]
2021-03-13 00:17:08,715 - [INFO] - => Epoch: [  33/  50] | Training Loss:[5.9803e-02] | Training Accuracy: [0.9794]
2021-03-13 00:17:09,912 - [INFO] - => Epoch: [  33/  50] | Testing  Loss:[2.6339e-03] | Testing  Accuracy: [0.9873]
2021-03-13 00:17:09,920 - [INFO] - => Best parameters are updated
2021-03-13 00:17:20,488 - [INFO] - => Epoch: [  34/  50] | Training Loss:[6.2138e-02] | Training Accuracy: [0.9794]
2021-03-13 00:17:21,744 - [INFO] - => Epoch: [  34/  50] | Testing  Loss:[1.8370e-03] | Testing  Accuracy: [0.9872]
2021-03-13 00:17:32,508 - [INFO] - => Epoch: [  35/  50] | Training Loss:[1.7261e-02] | Training Accuracy: [0.9789]
2021-03-13 00:17:33,707 - [INFO] - => Epoch: [  35/  50] | Testing  Loss:[2.3742e-03] | Testing  Accuracy: [0.9852]
2021-03-13 00:17:45,003 - [INFO] - => Epoch: [  36/  50] | Training Loss:[5.8041e-02] | Training Accuracy: [0.9790]
2021-03-13 00:17:46,295 - [INFO] - => Epoch: [  36/  50] | Testing  Loss:[2.0746e-03] | Testing  Accuracy: [0.9838]
2021-03-13 00:17:56,873 - [INFO] - => Epoch: [  37/  50] | Training Loss:[7.4058e-02] | Training Accuracy: [0.9798]
2021-03-13 00:17:58,052 - [INFO] - => Epoch: [  37/  50] | Testing  Loss:[1.1258e-03] | Testing  Accuracy: [0.9852]
2021-03-13 00:18:08,942 - [INFO] - => Epoch: [  38/  50] | Training Loss:[7.1952e-02] | Training Accuracy: [0.9796]
2021-03-13 00:18:10,148 - [INFO] - => Epoch: [  38/  50] | Testing  Loss:[7.9824e-04] | Testing  Accuracy: [0.9863]
2021-03-13 00:18:21,049 - [INFO] - => Epoch: [  39/  50] | Training Loss:[1.2469e-02] | Training Accuracy: [0.9804]
2021-03-13 00:18:22,268 - [INFO] - => Epoch: [  39/  50] | Testing  Loss:[1.1087e-02] | Testing  Accuracy: [0.9792]
2021-03-13 00:18:33,478 - [INFO] - => Epoch: [  40/  50] | Training Loss:[8.4921e-02] | Training Accuracy: [0.9803]
2021-03-13 00:18:34,641 - [INFO] - => Epoch: [  40/  50] | Testing  Loss:[1.2798e-03] | Testing  Accuracy: [0.9829]
2021-03-13 00:18:45,537 - [INFO] - => Epoch: [  41/  50] | Training Loss:[4.2189e-02] | Training Accuracy: [0.9808]
2021-03-13 00:18:46,751 - [INFO] - => Epoch: [  41/  50] | Testing  Loss:[8.9248e-03] | Testing  Accuracy: [0.9847]
2021-03-13 00:18:57,558 - [INFO] - => Epoch: [  42/  50] | Training Loss:[6.7265e-02] | Training Accuracy: [0.9809]
2021-03-13 00:18:58,765 - [INFO] - => Epoch: [  42/  50] | Testing  Loss:[2.6049e-03] | Testing  Accuracy: [0.9842]
2021-03-13 00:19:09,511 - [INFO] - => Epoch: [  43/  50] | Training Loss:[7.2579e-02] | Training Accuracy: [0.9813]
2021-03-13 00:19:10,694 - [INFO] - => Epoch: [  43/  50] | Testing  Loss:[1.7533e-03] | Testing  Accuracy: [0.9852]
2021-03-13 00:19:21,709 - [INFO] - => Epoch: [  44/  50] | Training Loss:[2.2821e-02] | Training Accuracy: [0.9808]
2021-03-13 00:19:22,930 - [INFO] - => Epoch: [  44/  50] | Testing  Loss:[3.8504e-03] | Testing  Accuracy: [0.9849]
2021-03-13 00:19:33,604 - [INFO] - => Epoch: [  45/  50] | Training Loss:[8.7367e-02] | Training Accuracy: [0.9813]
2021-03-13 00:19:34,773 - [INFO] - => Epoch: [  45/  50] | Testing  Loss:[1.0748e-03] | Testing  Accuracy: [0.9782]
2021-03-13 00:19:45,428 - [INFO] - => Epoch: [  46/  50] | Training Loss:[3.3226e-02] | Training Accuracy: [0.9809]
2021-03-13 00:19:46,575 - [INFO] - => Epoch: [  46/  50] | Testing  Loss:[8.5128e-04] | Testing  Accuracy: [0.9849]
2021-03-13 00:19:57,436 - [INFO] - => Epoch: [  47/  50] | Training Loss:[6.2441e-02] | Training Accuracy: [0.9812]
2021-03-13 00:19:58,618 - [INFO] - => Epoch: [  47/  50] | Testing  Loss:[3.1098e-03] | Testing  Accuracy: [0.9842]
2021-03-13 00:20:09,866 - [INFO] - => Epoch: [  48/  50] | Training Loss:[8.0466e-02] | Training Accuracy: [0.9817]
2021-03-13 00:20:11,054 - [INFO] - => Epoch: [  48/  50] | Testing  Loss:[3.2296e-03] | Testing  Accuracy: [0.9850]
2021-03-13 00:20:21,730 - [INFO] - => Epoch: [  49/  50] | Training Loss:[6.9882e-02] | Training Accuracy: [0.9812]
2021-03-13 00:20:22,928 - [INFO] - => Epoch: [  49/  50] | Testing  Loss:[2.1116e-03] | Testing  Accuracy: [0.9869]
2021-03-13 00:20:33,647 - [INFO] - => Epoch: [  50/  50] | Training Loss:[3.8320e-02] | Training Accuracy: [0.9816]
2021-03-13 00:20:34,799 - [INFO] - => Epoch: [  50/  50] | Testing  Loss:[8.0791e-04] | Testing  Accuracy: [0.9837]
2021-03-13 00:20:34,805 - [INFO] - Trained on [50] epoch, with test accuracy [0.9837].
              => During the training stages, historical best test accuracy is          [0.9873]
