2021-02-20 23:19:24,333 - [INFO] - Number of GPU available: 2
2021-02-20 23:19:24,334 - [INFO] - => Training the resnet from scratch...
2021-02-20 23:19:30,454 - [INFO] - => Epoch: [   1/  70] | Training Loss:[1.6595e+00] | Training Accuracy: [0.3115]
2021-02-20 23:19:31,647 - [INFO] - => Epoch: [   1/  70] | Testing  Loss:[1.7205e+00] | Testing  Accuracy: [0.3750]
2021-02-20 23:19:31,688 - [INFO] - => Best parameters are updated
2021-02-20 23:19:37,921 - [INFO] - => Epoch: [   2/  70] | Training Loss:[1.9670e+00] | Training Accuracy: [0.3872]
2021-02-20 23:19:39,168 - [INFO] - => Epoch: [   2/  70] | Testing  Loss:[1.5710e+00] | Testing  Accuracy: [0.3992]
2021-02-20 23:19:39,177 - [INFO] - => Best parameters are updated
2021-02-20 23:19:45,206 - [INFO] - => Epoch: [   3/  70] | Training Loss:[1.5836e+00] | Training Accuracy: [0.4111]
2021-02-20 23:19:46,521 - [INFO] - => Epoch: [   3/  70] | Testing  Loss:[1.5598e+00] | Testing  Accuracy: [0.4131]
2021-02-20 23:19:46,533 - [INFO] - => Best parameters are updated
2021-02-20 23:19:52,420 - [INFO] - => Epoch: [   4/  70] | Training Loss:[1.5442e+00] | Training Accuracy: [0.4269]
2021-02-20 23:19:53,553 - [INFO] - => Epoch: [   4/  70] | Testing  Loss:[1.6160e+00] | Testing  Accuracy: [0.4220]
2021-02-20 23:19:53,563 - [INFO] - => Best parameters are updated
2021-02-20 23:19:59,455 - [INFO] - => Epoch: [   5/  70] | Training Loss:[1.4706e+00] | Training Accuracy: [0.4395]
2021-02-20 23:20:00,640 - [INFO] - => Epoch: [   5/  70] | Testing  Loss:[1.5816e+00] | Testing  Accuracy: [0.4330]
2021-02-20 23:20:00,647 - [INFO] - => Best parameters are updated
2021-02-20 23:20:06,991 - [INFO] - => Epoch: [   6/  70] | Training Loss:[1.5060e+00] | Training Accuracy: [0.4466]
2021-02-20 23:20:08,300 - [INFO] - => Epoch: [   6/  70] | Testing  Loss:[1.5535e+00] | Testing  Accuracy: [0.4359]
2021-02-20 23:20:08,309 - [INFO] - => Best parameters are updated
2021-02-20 23:20:14,422 - [INFO] - => Epoch: [   7/  70] | Training Loss:[1.4499e+00] | Training Accuracy: [0.4553]
2021-02-20 23:20:15,624 - [INFO] - => Epoch: [   7/  70] | Testing  Loss:[1.5150e+00] | Testing  Accuracy: [0.4413]
2021-02-20 23:20:15,635 - [INFO] - => Best parameters are updated
2021-02-20 23:20:21,716 - [INFO] - => Epoch: [   8/  70] | Training Loss:[1.5414e+00] | Training Accuracy: [0.4626]
2021-02-20 23:20:22,923 - [INFO] - => Epoch: [   8/  70] | Testing  Loss:[1.5372e+00] | Testing  Accuracy: [0.4520]
2021-02-20 23:20:22,969 - [INFO] - => Best parameters are updated
2021-02-20 23:20:28,951 - [INFO] - => Epoch: [   9/  70] | Training Loss:[1.2833e+00] | Training Accuracy: [0.4656]
2021-02-20 23:20:30,301 - [INFO] - => Epoch: [   9/  70] | Testing  Loss:[1.5156e+00] | Testing  Accuracy: [0.4479]
2021-02-20 23:20:36,458 - [INFO] - => Epoch: [  10/  70] | Training Loss:[1.9290e+00] | Training Accuracy: [0.4701]
2021-02-20 23:20:37,637 - [INFO] - => Epoch: [  10/  70] | Testing  Loss:[1.6092e+00] | Testing  Accuracy: [0.4494]
2021-02-20 23:20:43,598 - [INFO] - => Epoch: [  11/  70] | Training Loss:[1.3338e+00] | Training Accuracy: [0.4748]
2021-02-20 23:20:44,914 - [INFO] - => Epoch: [  11/  70] | Testing  Loss:[1.5260e+00] | Testing  Accuracy: [0.4539]
2021-02-20 23:20:44,924 - [INFO] - => Best parameters are updated
2021-02-20 23:20:50,956 - [INFO] - => Epoch: [  12/  70] | Training Loss:[1.4950e+00] | Training Accuracy: [0.4790]
2021-02-20 23:20:52,095 - [INFO] - => Epoch: [  12/  70] | Testing  Loss:[1.5386e+00] | Testing  Accuracy: [0.4554]
2021-02-20 23:20:52,103 - [INFO] - => Best parameters are updated
2021-02-20 23:20:58,325 - [INFO] - => Epoch: [  13/  70] | Training Loss:[1.4544e+00] | Training Accuracy: [0.4825]
2021-02-20 23:20:59,565 - [INFO] - => Epoch: [  13/  70] | Testing  Loss:[1.5117e+00] | Testing  Accuracy: [0.4554]
2021-02-20 23:21:05,949 - [INFO] - => Epoch: [  14/  70] | Training Loss:[1.2746e+00] | Training Accuracy: [0.4845]
2021-02-20 23:21:07,261 - [INFO] - => Epoch: [  14/  70] | Testing  Loss:[1.5359e+00] | Testing  Accuracy: [0.4559]
2021-02-20 23:21:07,272 - [INFO] - => Best parameters are updated
2021-02-20 23:21:13,591 - [INFO] - => Epoch: [  15/  70] | Training Loss:[1.4777e+00] | Training Accuracy: [0.4876]
2021-02-20 23:21:15,009 - [INFO] - => Epoch: [  15/  70] | Testing  Loss:[1.5133e+00] | Testing  Accuracy: [0.4567]
2021-02-20 23:21:15,020 - [INFO] - => Best parameters are updated
2021-02-20 23:21:21,746 - [INFO] - => Epoch: [  16/  70] | Training Loss:[1.4574e+00] | Training Accuracy: [0.4896]
2021-02-20 23:21:23,013 - [INFO] - => Epoch: [  16/  70] | Testing  Loss:[1.5537e+00] | Testing  Accuracy: [0.4556]
2021-02-20 23:21:29,151 - [INFO] - => Epoch: [  17/  70] | Training Loss:[1.4529e+00] | Training Accuracy: [0.4917]
2021-02-20 23:21:30,402 - [INFO] - => Epoch: [  17/  70] | Testing  Loss:[1.6364e+00] | Testing  Accuracy: [0.4616]
2021-02-20 23:21:30,412 - [INFO] - => Best parameters are updated
2021-02-20 23:21:36,563 - [INFO] - => Epoch: [  18/  70] | Training Loss:[1.7746e+00] | Training Accuracy: [0.4927]
2021-02-20 23:21:37,847 - [INFO] - => Epoch: [  18/  70] | Testing  Loss:[1.5507e+00] | Testing  Accuracy: [0.4636]
2021-02-20 23:21:37,857 - [INFO] - => Best parameters are updated
2021-02-20 23:21:43,925 - [INFO] - => Epoch: [  19/  70] | Training Loss:[1.2556e+00] | Training Accuracy: [0.4964]
2021-02-20 23:21:45,199 - [INFO] - => Epoch: [  19/  70] | Testing  Loss:[1.6003e+00] | Testing  Accuracy: [0.4645]
2021-02-20 23:21:45,210 - [INFO] - => Best parameters are updated
2021-02-20 23:21:51,403 - [INFO] - => Epoch: [  20/  70] | Training Loss:[1.3200e+00] | Training Accuracy: [0.4981]
2021-02-20 23:21:52,838 - [INFO] - => Epoch: [  20/  70] | Testing  Loss:[1.4636e+00] | Testing  Accuracy: [0.4593]
2021-02-20 23:21:58,964 - [INFO] - => Epoch: [  21/  70] | Training Loss:[1.3455e+00] | Training Accuracy: [0.4990]
2021-02-20 23:22:00,133 - [INFO] - => Epoch: [  21/  70] | Testing  Loss:[1.5337e+00] | Testing  Accuracy: [0.4627]
2021-02-20 23:22:06,349 - [INFO] - => Epoch: [  22/  70] | Training Loss:[1.3283e+00] | Training Accuracy: [0.5017]
2021-02-20 23:22:07,584 - [INFO] - => Epoch: [  22/  70] | Testing  Loss:[1.5550e+00] | Testing  Accuracy: [0.4645]
2021-02-20 23:22:13,795 - [INFO] - => Epoch: [  23/  70] | Training Loss:[1.3257e+00] | Training Accuracy: [0.5031]
2021-02-20 23:22:14,941 - [INFO] - => Epoch: [  23/  70] | Testing  Loss:[1.5305e+00] | Testing  Accuracy: [0.4626]
2021-02-20 23:22:21,130 - [INFO] - => Epoch: [  24/  70] | Training Loss:[1.5033e+00] | Training Accuracy: [0.5046]
2021-02-20 23:22:22,494 - [INFO] - => Epoch: [  24/  70] | Testing  Loss:[1.5345e+00] | Testing  Accuracy: [0.4650]
2021-02-20 23:22:22,505 - [INFO] - => Best parameters are updated
2021-02-20 23:22:28,533 - [INFO] - => Epoch: [  25/  70] | Training Loss:[1.8386e+00] | Training Accuracy: [0.5054]
2021-02-20 23:22:29,784 - [INFO] - => Epoch: [  25/  70] | Testing  Loss:[1.5216e+00] | Testing  Accuracy: [0.4699]
2021-02-20 23:22:29,792 - [INFO] - => Best parameters are updated
2021-02-20 23:22:35,874 - [INFO] - => Epoch: [  26/  70] | Training Loss:[1.4157e+00] | Training Accuracy: [0.5066]
2021-02-20 23:22:37,138 - [INFO] - => Epoch: [  26/  70] | Testing  Loss:[1.4770e+00] | Testing  Accuracy: [0.4689]
2021-02-20 23:22:43,265 - [INFO] - => Epoch: [  27/  70] | Training Loss:[1.3855e+00] | Training Accuracy: [0.5108]
2021-02-20 23:22:44,453 - [INFO] - => Epoch: [  27/  70] | Testing  Loss:[1.4581e+00] | Testing  Accuracy: [0.4645]
2021-02-20 23:22:50,597 - [INFO] - => Epoch: [  28/  70] | Training Loss:[1.1184e+00] | Training Accuracy: [0.5115]
2021-02-20 23:22:51,831 - [INFO] - => Epoch: [  28/  70] | Testing  Loss:[1.4171e+00] | Testing  Accuracy: [0.4700]
2021-02-20 23:22:51,840 - [INFO] - => Best parameters are updated
2021-02-20 23:22:57,967 - [INFO] - => Epoch: [  29/  70] | Training Loss:[1.1627e+00] | Training Accuracy: [0.5123]
2021-02-20 23:22:59,176 - [INFO] - => Epoch: [  29/  70] | Testing  Loss:[1.5080e+00] | Testing  Accuracy: [0.4679]
2021-02-20 23:22:59,184 - [INFO] - => Learning rate is updated!
2021-02-20 23:23:05,261 - [INFO] - => Epoch: [  30/  70] | Training Loss:[1.5315e+00] | Training Accuracy: [0.5182]
2021-02-20 23:23:06,434 - [INFO] - => Epoch: [  30/  70] | Testing  Loss:[1.5237e+00] | Testing  Accuracy: [0.4700]
2021-02-20 23:23:12,620 - [INFO] - => Epoch: [  31/  70] | Training Loss:[1.1066e+00] | Training Accuracy: [0.5187]
2021-02-20 23:23:13,884 - [INFO] - => Epoch: [  31/  70] | Testing  Loss:[1.5470e+00] | Testing  Accuracy: [0.4694]
2021-02-20 23:23:20,101 - [INFO] - => Epoch: [  32/  70] | Training Loss:[1.3046e+00] | Training Accuracy: [0.5204]
2021-02-20 23:23:21,297 - [INFO] - => Epoch: [  32/  70] | Testing  Loss:[1.4941e+00] | Testing  Accuracy: [0.4702]
2021-02-20 23:23:21,308 - [INFO] - => Best parameters are updated
2021-02-20 23:23:27,447 - [INFO] - => Epoch: [  33/  70] | Training Loss:[1.5713e+00] | Training Accuracy: [0.5215]
2021-02-20 23:23:28,755 - [INFO] - => Epoch: [  33/  70] | Testing  Loss:[1.4869e+00] | Testing  Accuracy: [0.4684]
2021-02-20 23:23:34,923 - [INFO] - => Epoch: [  34/  70] | Training Loss:[1.0903e+00] | Training Accuracy: [0.5223]
2021-02-20 23:23:36,173 - [INFO] - => Epoch: [  34/  70] | Testing  Loss:[1.4135e+00] | Testing  Accuracy: [0.4675]
2021-02-20 23:23:42,234 - [INFO] - => Epoch: [  35/  70] | Training Loss:[1.2949e+00] | Training Accuracy: [0.5231]
2021-02-20 23:23:43,485 - [INFO] - => Epoch: [  35/  70] | Testing  Loss:[1.4587e+00] | Testing  Accuracy: [0.4686]
2021-02-20 23:23:49,455 - [INFO] - => Epoch: [  36/  70] | Training Loss:[1.0879e+00] | Training Accuracy: [0.5231]
2021-02-20 23:23:50,814 - [INFO] - => Epoch: [  36/  70] | Testing  Loss:[1.3932e+00] | Testing  Accuracy: [0.4719]
2021-02-20 23:23:50,822 - [INFO] - => Best parameters are updated
2021-02-20 23:23:56,932 - [INFO] - => Epoch: [  37/  70] | Training Loss:[1.2960e+00] | Training Accuracy: [0.5242]
2021-02-20 23:23:58,138 - [INFO] - => Epoch: [  37/  70] | Testing  Loss:[1.4633e+00] | Testing  Accuracy: [0.4712]
2021-02-20 23:24:04,521 - [INFO] - => Epoch: [  38/  70] | Training Loss:[1.0858e+00] | Training Accuracy: [0.5250]
2021-02-20 23:24:05,729 - [INFO] - => Epoch: [  38/  70] | Testing  Loss:[1.4248e+00] | Testing  Accuracy: [0.4711]
2021-02-20 23:24:11,857 - [INFO] - => Epoch: [  39/  70] | Training Loss:[1.0484e+00] | Training Accuracy: [0.5268]
2021-02-20 23:24:13,080 - [INFO] - => Epoch: [  39/  70] | Testing  Loss:[1.4303e+00] | Testing  Accuracy: [0.4668]
2021-02-20 23:24:19,238 - [INFO] - => Epoch: [  40/  70] | Training Loss:[1.4092e+00] | Training Accuracy: [0.5256]
2021-02-20 23:24:20,518 - [INFO] - => Epoch: [  40/  70] | Testing  Loss:[1.4837e+00] | Testing  Accuracy: [0.4676]
2021-02-20 23:24:26,511 - [INFO] - => Epoch: [  41/  70] | Training Loss:[1.3268e+00] | Training Accuracy: [0.5272]
2021-02-20 23:24:27,702 - [INFO] - => Epoch: [  41/  70] | Testing  Loss:[1.4544e+00] | Testing  Accuracy: [0.4693]
2021-02-20 23:24:33,892 - [INFO] - => Epoch: [  42/  70] | Training Loss:[1.3853e+00] | Training Accuracy: [0.5267]
2021-02-20 23:24:35,100 - [INFO] - => Epoch: [  42/  70] | Testing  Loss:[1.4718e+00] | Testing  Accuracy: [0.4684]
2021-02-20 23:24:41,239 - [INFO] - => Epoch: [  43/  70] | Training Loss:[1.3638e+00] | Training Accuracy: [0.5280]
2021-02-20 23:24:42,427 - [INFO] - => Epoch: [  43/  70] | Testing  Loss:[1.5145e+00] | Testing  Accuracy: [0.4690]
2021-02-20 23:24:48,532 - [INFO] - => Epoch: [  44/  70] | Training Loss:[1.9801e+00] | Training Accuracy: [0.5289]
2021-02-20 23:24:49,797 - [INFO] - => Epoch: [  44/  70] | Testing  Loss:[1.5257e+00] | Testing  Accuracy: [0.4719]
2021-02-20 23:24:55,836 - [INFO] - => Epoch: [  45/  70] | Training Loss:[1.1097e+00] | Training Accuracy: [0.5294]
2021-02-20 23:24:57,219 - [INFO] - => Epoch: [  45/  70] | Testing  Loss:[1.4754e+00] | Testing  Accuracy: [0.4710]
2021-02-20 23:25:03,406 - [INFO] - => Epoch: [  46/  70] | Training Loss:[1.4665e+00] | Training Accuracy: [0.5303]
2021-02-20 23:25:04,768 - [INFO] - => Epoch: [  46/  70] | Testing  Loss:[1.4575e+00] | Testing  Accuracy: [0.4711]
2021-02-20 23:25:10,919 - [INFO] - => Epoch: [  47/  70] | Training Loss:[1.1140e+00] | Training Accuracy: [0.5306]
2021-02-20 23:25:12,139 - [INFO] - => Epoch: [  47/  70] | Testing  Loss:[1.4559e+00] | Testing  Accuracy: [0.4692]
2021-02-20 23:25:18,188 - [INFO] - => Epoch: [  48/  70] | Training Loss:[1.2167e+00] | Training Accuracy: [0.5306]
2021-02-20 23:25:19,544 - [INFO] - => Epoch: [  48/  70] | Testing  Loss:[1.4524e+00] | Testing  Accuracy: [0.4671]
2021-02-20 23:25:25,674 - [INFO] - => Epoch: [  49/  70] | Training Loss:[1.1726e+00] | Training Accuracy: [0.5318]
2021-02-20 23:25:26,883 - [INFO] - => Epoch: [  49/  70] | Testing  Loss:[1.4168e+00] | Testing  Accuracy: [0.4691]
2021-02-20 23:25:33,113 - [INFO] - => Epoch: [  50/  70] | Training Loss:[9.1515e-01] | Training Accuracy: [0.5323]
2021-02-20 23:25:34,385 - [INFO] - => Epoch: [  50/  70] | Testing  Loss:[1.4617e+00] | Testing  Accuracy: [0.4694]
2021-02-20 23:25:40,688 - [INFO] - => Epoch: [  51/  70] | Training Loss:[1.6521e+00] | Training Accuracy: [0.5326]
2021-02-20 23:25:42,107 - [INFO] - => Epoch: [  51/  70] | Testing  Loss:[1.4808e+00] | Testing  Accuracy: [0.4702]
2021-02-20 23:25:48,223 - [INFO] - => Epoch: [  52/  70] | Training Loss:[1.3885e+00] | Training Accuracy: [0.5324]
2021-02-20 23:25:49,479 - [INFO] - => Epoch: [  52/  70] | Testing  Loss:[1.4024e+00] | Testing  Accuracy: [0.4686]
2021-02-20 23:25:55,640 - [INFO] - => Epoch: [  53/  70] | Training Loss:[1.5853e+00] | Training Accuracy: [0.5336]
2021-02-20 23:25:56,875 - [INFO] - => Epoch: [  53/  70] | Testing  Loss:[1.4697e+00] | Testing  Accuracy: [0.4694]
2021-02-20 23:26:03,186 - [INFO] - => Epoch: [  54/  70] | Training Loss:[1.1891e+00] | Training Accuracy: [0.5337]
2021-02-20 23:26:04,435 - [INFO] - => Epoch: [  54/  70] | Testing  Loss:[1.4344e+00] | Testing  Accuracy: [0.4661]
2021-02-20 23:26:10,583 - [INFO] - => Epoch: [  55/  70] | Training Loss:[1.1663e+00] | Training Accuracy: [0.5361]
2021-02-20 23:26:11,856 - [INFO] - => Epoch: [  55/  70] | Testing  Loss:[1.4100e+00] | Testing  Accuracy: [0.4692]
2021-02-20 23:26:18,032 - [INFO] - => Epoch: [  56/  70] | Training Loss:[1.4668e+00] | Training Accuracy: [0.5351]
2021-02-20 23:26:19,307 - [INFO] - => Epoch: [  56/  70] | Testing  Loss:[1.4214e+00] | Testing  Accuracy: [0.4694]
2021-02-20 23:26:25,367 - [INFO] - => Epoch: [  57/  70] | Training Loss:[6.7324e-01] | Training Accuracy: [0.5371]
2021-02-20 23:26:26,533 - [INFO] - => Epoch: [  57/  70] | Testing  Loss:[1.4259e+00] | Testing  Accuracy: [0.4722]
2021-02-20 23:26:26,542 - [INFO] - => Best parameters are updated
2021-02-20 23:26:32,580 - [INFO] - => Epoch: [  58/  70] | Training Loss:[1.0305e+00] | Training Accuracy: [0.5370]
2021-02-20 23:26:33,832 - [INFO] - => Epoch: [  58/  70] | Testing  Loss:[1.4542e+00] | Testing  Accuracy: [0.4665]
2021-02-20 23:26:39,956 - [INFO] - => Epoch: [  59/  70] | Training Loss:[1.9083e+00] | Training Accuracy: [0.5366]
2021-02-20 23:26:41,161 - [INFO] - => Epoch: [  59/  70] | Testing  Loss:[1.4723e+00] | Testing  Accuracy: [0.4713]
2021-02-20 23:26:41,169 - [INFO] - => Learning rate is updated!
2021-02-20 23:26:47,249 - [INFO] - => Epoch: [  60/  70] | Training Loss:[1.4884e+00] | Training Accuracy: [0.5404]
2021-02-20 23:26:48,458 - [INFO] - => Epoch: [  60/  70] | Testing  Loss:[1.4541e+00] | Testing  Accuracy: [0.4714]
2021-02-20 23:26:54,786 - [INFO] - => Epoch: [  61/  70] | Training Loss:[9.7855e-01] | Training Accuracy: [0.5415]
2021-02-20 23:26:56,044 - [INFO] - => Epoch: [  61/  70] | Testing  Loss:[1.4409e+00] | Testing  Accuracy: [0.4732]
2021-02-20 23:26:56,056 - [INFO] - => Best parameters are updated
2021-02-20 23:27:02,195 - [INFO] - => Epoch: [  62/  70] | Training Loss:[1.3456e+00] | Training Accuracy: [0.5423]
2021-02-20 23:27:03,486 - [INFO] - => Epoch: [  62/  70] | Testing  Loss:[1.4578e+00] | Testing  Accuracy: [0.4734]
2021-02-20 23:27:03,495 - [INFO] - => Best parameters are updated
2021-02-20 23:27:09,585 - [INFO] - => Epoch: [  63/  70] | Training Loss:[1.2676e+00] | Training Accuracy: [0.5425]
2021-02-20 23:27:10,972 - [INFO] - => Epoch: [  63/  70] | Testing  Loss:[1.4810e+00] | Testing  Accuracy: [0.4731]
2021-02-20 23:27:17,251 - [INFO] - => Epoch: [  64/  70] | Training Loss:[1.0086e+00] | Training Accuracy: [0.5429]
2021-02-20 23:27:18,603 - [INFO] - => Epoch: [  64/  70] | Testing  Loss:[1.4393e+00] | Testing  Accuracy: [0.4693]
2021-02-20 23:27:24,647 - [INFO] - => Epoch: [  65/  70] | Training Loss:[1.1749e+00] | Training Accuracy: [0.5418]
2021-02-20 23:27:25,894 - [INFO] - => Epoch: [  65/  70] | Testing  Loss:[1.4759e+00] | Testing  Accuracy: [0.4715]
2021-02-20 23:27:32,046 - [INFO] - => Epoch: [  66/  70] | Training Loss:[1.4141e+00] | Training Accuracy: [0.5430]
2021-02-20 23:27:33,418 - [INFO] - => Epoch: [  66/  70] | Testing  Loss:[1.4418e+00] | Testing  Accuracy: [0.4722]
2021-02-20 23:27:39,523 - [INFO] - => Epoch: [  67/  70] | Training Loss:[1.2263e+00] | Training Accuracy: [0.5433]
2021-02-20 23:27:40,650 - [INFO] - => Epoch: [  67/  70] | Testing  Loss:[1.4750e+00] | Testing  Accuracy: [0.4716]
2021-02-20 23:27:46,690 - [INFO] - => Epoch: [  68/  70] | Training Loss:[8.3537e-01] | Training Accuracy: [0.5421]
2021-02-20 23:27:48,094 - [INFO] - => Epoch: [  68/  70] | Testing  Loss:[1.4362e+00] | Testing  Accuracy: [0.4724]
2021-02-20 23:27:54,211 - [INFO] - => Epoch: [  69/  70] | Training Loss:[8.6005e-01] | Training Accuracy: [0.5427]
2021-02-20 23:27:55,457 - [INFO] - => Epoch: [  69/  70] | Testing  Loss:[1.4734e+00] | Testing  Accuracy: [0.4729]
2021-02-20 23:28:01,609 - [INFO] - => Epoch: [  70/  70] | Training Loss:[1.2921e+00] | Training Accuracy: [0.5431]
2021-02-20 23:28:02,820 - [INFO] - => Epoch: [  70/  70] | Testing  Loss:[1.4491e+00] | Testing  Accuracy: [0.4721]
2021-02-20 23:28:02,828 - [INFO] - Trained on [70] epoch, with test accuracy [0.4721337579617834].
              => During the training stages, historical best test accuracy is          [0.4734275477707006]
