2021-02-21 01:27:43,245 - [INFO] - Number of GPU available: 2
2021-02-21 01:27:43,247 - [INFO] - => Training the resnet from scratch...
2021-02-21 01:27:51,989 - [INFO] - => Epoch: [   1/  50] | Training Loss:[2.2959e+00] | Training Accuracy: [0.1532]
2021-02-21 01:27:53,298 - [INFO] - => Epoch: [   1/  50] | Testing  Loss:[2.2913e+00] | Testing  Accuracy: [0.1742]
2021-02-21 01:27:53,318 - [INFO] - => Best parameters are updated
2021-02-21 01:27:59,713 - [INFO] - => Epoch: [   2/  50] | Training Loss:[2.2156e+00] | Training Accuracy: [0.2127]
2021-02-21 01:28:00,982 - [INFO] - => Epoch: [   2/  50] | Testing  Loss:[1.9427e+00] | Testing  Accuracy: [0.2284]
2021-02-21 01:28:01,003 - [INFO] - => Best parameters are updated
2021-02-21 01:28:07,503 - [INFO] - => Epoch: [   3/  50] | Training Loss:[1.5559e+00] | Training Accuracy: [0.2731]
2021-02-21 01:28:08,808 - [INFO] - => Epoch: [   3/  50] | Testing  Loss:[1.6989e+00] | Testing  Accuracy: [0.3115]
2021-02-21 01:28:08,825 - [INFO] - => Best parameters are updated
2021-02-21 01:28:15,311 - [INFO] - => Epoch: [   4/  50] | Training Loss:[1.7292e+00] | Training Accuracy: [0.3437]
2021-02-21 01:28:16,530 - [INFO] - => Epoch: [   4/  50] | Testing  Loss:[1.7389e+00] | Testing  Accuracy: [0.3576]
2021-02-21 01:28:16,550 - [INFO] - => Best parameters are updated
2021-02-21 01:28:23,008 - [INFO] - => Epoch: [   5/  50] | Training Loss:[1.6524e+00] | Training Accuracy: [0.3871]
2021-02-21 01:28:24,327 - [INFO] - => Epoch: [   5/  50] | Testing  Loss:[1.5793e+00] | Testing  Accuracy: [0.4075]
2021-02-21 01:28:24,348 - [INFO] - => Best parameters are updated
2021-02-21 01:28:30,803 - [INFO] - => Epoch: [   6/  50] | Training Loss:[1.2028e+00] | Training Accuracy: [0.4197]
2021-02-21 01:28:32,054 - [INFO] - => Epoch: [   6/  50] | Testing  Loss:[1.4163e+00] | Testing  Accuracy: [0.4375]
2021-02-21 01:28:32,070 - [INFO] - => Best parameters are updated
2021-02-21 01:28:38,537 - [INFO] - => Epoch: [   7/  50] | Training Loss:[1.4450e+00] | Training Accuracy: [0.4471]
2021-02-21 01:28:39,822 - [INFO] - => Epoch: [   7/  50] | Testing  Loss:[1.3075e+00] | Testing  Accuracy: [0.4544]
2021-02-21 01:28:39,843 - [INFO] - => Best parameters are updated
2021-02-21 01:28:46,355 - [INFO] - => Epoch: [   8/  50] | Training Loss:[1.5295e+00] | Training Accuracy: [0.4734]
2021-02-21 01:28:47,550 - [INFO] - => Epoch: [   8/  50] | Testing  Loss:[1.0437e+00] | Testing  Accuracy: [0.4762]
2021-02-21 01:28:47,565 - [INFO] - => Best parameters are updated
2021-02-21 01:28:54,054 - [INFO] - => Epoch: [   9/  50] | Training Loss:[1.7046e+00] | Training Accuracy: [0.4961]
2021-02-21 01:28:55,462 - [INFO] - => Epoch: [   9/  50] | Testing  Loss:[1.2582e+00] | Testing  Accuracy: [0.5010]
2021-02-21 01:28:55,484 - [INFO] - => Best parameters are updated
2021-02-21 01:29:02,015 - [INFO] - => Epoch: [  10/  50] | Training Loss:[1.2491e+00] | Training Accuracy: [0.5166]
2021-02-21 01:29:03,257 - [INFO] - => Epoch: [  10/  50] | Testing  Loss:[1.1192e+00] | Testing  Accuracy: [0.5242]
2021-02-21 01:29:03,272 - [INFO] - => Best parameters are updated
2021-02-21 01:29:09,716 - [INFO] - => Epoch: [  11/  50] | Training Loss:[1.6378e+00] | Training Accuracy: [0.5373]
2021-02-21 01:29:10,942 - [INFO] - => Epoch: [  11/  50] | Testing  Loss:[1.0600e+00] | Testing  Accuracy: [0.5389]
2021-02-21 01:29:10,959 - [INFO] - => Best parameters are updated
2021-02-21 01:29:17,445 - [INFO] - => Epoch: [  12/  50] | Training Loss:[1.1630e+00] | Training Accuracy: [0.5574]
2021-02-21 01:29:18,760 - [INFO] - => Epoch: [  12/  50] | Testing  Loss:[9.4445e-01] | Testing  Accuracy: [0.5495]
2021-02-21 01:29:18,776 - [INFO] - => Best parameters are updated
2021-02-21 01:29:25,333 - [INFO] - => Epoch: [  13/  50] | Training Loss:[1.1450e+00] | Training Accuracy: [0.5764]
2021-02-21 01:29:26,562 - [INFO] - => Epoch: [  13/  50] | Testing  Loss:[1.0294e+00] | Testing  Accuracy: [0.5511]
2021-02-21 01:29:26,580 - [INFO] - => Best parameters are updated
2021-02-21 01:29:33,122 - [INFO] - => Epoch: [  14/  50] | Training Loss:[1.0079e+00] | Training Accuracy: [0.5970]
2021-02-21 01:29:34,405 - [INFO] - => Epoch: [  14/  50] | Testing  Loss:[9.8995e-01] | Testing  Accuracy: [0.5913]
2021-02-21 01:29:34,425 - [INFO] - => Best parameters are updated
2021-02-21 01:29:40,898 - [INFO] - => Epoch: [  15/  50] | Training Loss:[1.0174e+00] | Training Accuracy: [0.6134]
2021-02-21 01:29:42,275 - [INFO] - => Epoch: [  15/  50] | Testing  Loss:[9.0065e-01] | Testing  Accuracy: [0.6141]
2021-02-21 01:29:42,296 - [INFO] - => Best parameters are updated
2021-02-21 01:29:48,854 - [INFO] - => Epoch: [  16/  50] | Training Loss:[1.2926e+00] | Training Accuracy: [0.6298]
2021-02-21 01:29:50,168 - [INFO] - => Epoch: [  16/  50] | Testing  Loss:[9.1332e-01] | Testing  Accuracy: [0.6128]
2021-02-21 01:29:56,732 - [INFO] - => Epoch: [  17/  50] | Training Loss:[1.2973e+00] | Training Accuracy: [0.6441]
2021-02-21 01:29:57,949 - [INFO] - => Epoch: [  17/  50] | Testing  Loss:[8.8609e-01] | Testing  Accuracy: [0.6321]
2021-02-21 01:29:57,971 - [INFO] - => Best parameters are updated
2021-02-21 01:30:04,481 - [INFO] - => Epoch: [  18/  50] | Training Loss:[9.6800e-01] | Training Accuracy: [0.6577]
2021-02-21 01:30:05,821 - [INFO] - => Epoch: [  18/  50] | Testing  Loss:[7.9441e-01] | Testing  Accuracy: [0.6374]
2021-02-21 01:30:05,845 - [INFO] - => Best parameters are updated
2021-02-21 01:30:12,393 - [INFO] - => Epoch: [  19/  50] | Training Loss:[8.3607e-01] | Training Accuracy: [0.6702]
2021-02-21 01:30:13,612 - [INFO] - => Epoch: [  19/  50] | Testing  Loss:[7.2907e-01] | Testing  Accuracy: [0.6385]
2021-02-21 01:30:13,632 - [INFO] - => Best parameters are updated
2021-02-21 01:30:20,149 - [INFO] - => Epoch: [  20/  50] | Training Loss:[9.1817e-01] | Training Accuracy: [0.6791]
2021-02-21 01:30:21,378 - [INFO] - => Epoch: [  20/  50] | Testing  Loss:[8.6119e-01] | Testing  Accuracy: [0.6491]
2021-02-21 01:30:21,397 - [INFO] - => Best parameters are updated
2021-02-21 01:30:27,838 - [INFO] - => Epoch: [  21/  50] | Training Loss:[5.1428e-01] | Training Accuracy: [0.6888]
2021-02-21 01:30:29,206 - [INFO] - => Epoch: [  21/  50] | Testing  Loss:[8.1655e-01] | Testing  Accuracy: [0.6590]
2021-02-21 01:30:29,226 - [INFO] - => Best parameters are updated
2021-02-21 01:30:35,682 - [INFO] - => Epoch: [  22/  50] | Training Loss:[1.2381e+00] | Training Accuracy: [0.6955]
2021-02-21 01:30:36,924 - [INFO] - => Epoch: [  22/  50] | Testing  Loss:[8.0248e-01] | Testing  Accuracy: [0.6675]
2021-02-21 01:30:36,944 - [INFO] - => Best parameters are updated
2021-02-21 01:30:43,473 - [INFO] - => Epoch: [  23/  50] | Training Loss:[7.2335e-01] | Training Accuracy: [0.7066]
2021-02-21 01:30:44,757 - [INFO] - => Epoch: [  23/  50] | Testing  Loss:[8.4127e-01] | Testing  Accuracy: [0.6707]
2021-02-21 01:30:44,775 - [INFO] - => Best parameters are updated
2021-02-21 01:30:51,217 - [INFO] - => Epoch: [  24/  50] | Training Loss:[6.6937e-01] | Training Accuracy: [0.7157]
2021-02-21 01:30:52,480 - [INFO] - => Epoch: [  24/  50] | Testing  Loss:[7.9951e-01] | Testing  Accuracy: [0.6723]
2021-02-21 01:30:52,500 - [INFO] - => Best parameters are updated
2021-02-21 01:30:59,029 - [INFO] - => Epoch: [  25/  50] | Training Loss:[1.1284e+00] | Training Accuracy: [0.7242]
2021-02-21 01:31:00,303 - [INFO] - => Epoch: [  25/  50] | Testing  Loss:[7.8962e-01] | Testing  Accuracy: [0.6794]
2021-02-21 01:31:00,365 - [INFO] - => Best parameters are updated
2021-02-21 01:31:06,980 - [INFO] - => Epoch: [  26/  50] | Training Loss:[6.9324e-01] | Training Accuracy: [0.7318]
2021-02-21 01:31:08,369 - [INFO] - => Epoch: [  26/  50] | Testing  Loss:[5.9624e-01] | Testing  Accuracy: [0.6874]
2021-02-21 01:31:08,386 - [INFO] - => Best parameters are updated
2021-02-21 01:31:14,824 - [INFO] - => Epoch: [  27/  50] | Training Loss:[6.6513e-01] | Training Accuracy: [0.7407]
2021-02-21 01:31:16,090 - [INFO] - => Epoch: [  27/  50] | Testing  Loss:[8.9175e-01] | Testing  Accuracy: [0.6682]
2021-02-21 01:31:22,614 - [INFO] - => Epoch: [  28/  50] | Training Loss:[9.7268e-01] | Training Accuracy: [0.7467]
2021-02-21 01:31:23,914 - [INFO] - => Epoch: [  28/  50] | Testing  Loss:[5.6958e-01] | Testing  Accuracy: [0.6921]
2021-02-21 01:31:23,939 - [INFO] - => Best parameters are updated
2021-02-21 01:31:30,521 - [INFO] - => Epoch: [  29/  50] | Training Loss:[4.1804e-01] | Training Accuracy: [0.7541]
2021-02-21 01:31:31,754 - [INFO] - => Epoch: [  29/  50] | Testing  Loss:[8.3590e-01] | Testing  Accuracy: [0.6862]
2021-02-21 01:31:31,762 - [INFO] - => Learning rate is updated!
2021-02-21 01:31:38,148 - [INFO] - => Epoch: [  30/  50] | Training Loss:[4.8172e-01] | Training Accuracy: [0.7728]
2021-02-21 01:31:39,425 - [INFO] - => Epoch: [  30/  50] | Testing  Loss:[5.4738e-01] | Testing  Accuracy: [0.7056]
2021-02-21 01:31:39,466 - [INFO] - => Best parameters are updated
2021-02-21 01:31:45,927 - [INFO] - => Epoch: [  31/  50] | Training Loss:[5.8702e-01] | Training Accuracy: [0.7783]
2021-02-21 01:31:47,293 - [INFO] - => Epoch: [  31/  50] | Testing  Loss:[6.1548e-01] | Testing  Accuracy: [0.7043]
2021-02-21 01:31:53,735 - [INFO] - => Epoch: [  32/  50] | Training Loss:[6.7140e-01] | Training Accuracy: [0.7812]
2021-02-21 01:31:54,941 - [INFO] - => Epoch: [  32/  50] | Testing  Loss:[5.8704e-01] | Testing  Accuracy: [0.7046]
2021-02-21 01:32:01,425 - [INFO] - => Epoch: [  33/  50] | Training Loss:[1.2831e+00] | Training Accuracy: [0.7845]
2021-02-21 01:32:02,680 - [INFO] - => Epoch: [  33/  50] | Testing  Loss:[7.0299e-01] | Testing  Accuracy: [0.6992]
2021-02-21 01:32:09,110 - [INFO] - => Epoch: [  34/  50] | Training Loss:[6.0200e-01] | Training Accuracy: [0.7891]
2021-02-21 01:32:10,425 - [INFO] - => Epoch: [  34/  50] | Testing  Loss:[6.3117e-01] | Testing  Accuracy: [0.7066]
2021-02-21 01:32:10,451 - [INFO] - => Best parameters are updated
2021-02-21 01:32:16,884 - [INFO] - => Epoch: [  35/  50] | Training Loss:[3.0034e-01] | Training Accuracy: [0.7930]
2021-02-21 01:32:18,157 - [INFO] - => Epoch: [  35/  50] | Testing  Loss:[5.2884e-01] | Testing  Accuracy: [0.7077]
2021-02-21 01:32:18,177 - [INFO] - => Best parameters are updated
2021-02-21 01:32:24,645 - [INFO] - => Epoch: [  36/  50] | Training Loss:[5.4979e-01] | Training Accuracy: [0.7950]
2021-02-21 01:32:25,915 - [INFO] - => Epoch: [  36/  50] | Testing  Loss:[5.2393e-01] | Testing  Accuracy: [0.7050]
2021-02-21 01:32:32,430 - [INFO] - => Epoch: [  37/  50] | Training Loss:[1.0282e+00] | Training Accuracy: [0.7992]
2021-02-21 01:32:33,738 - [INFO] - => Epoch: [  37/  50] | Testing  Loss:[6.0584e-01] | Testing  Accuracy: [0.7064]
2021-02-21 01:32:40,258 - [INFO] - => Epoch: [  38/  50] | Training Loss:[7.2573e-01] | Training Accuracy: [0.8007]
2021-02-21 01:32:41,521 - [INFO] - => Epoch: [  38/  50] | Testing  Loss:[5.5970e-01] | Testing  Accuracy: [0.7023]
2021-02-21 01:32:48,021 - [INFO] - => Epoch: [  39/  50] | Training Loss:[6.3185e-01] | Training Accuracy: [0.8046]
2021-02-21 01:32:49,228 - [INFO] - => Epoch: [  39/  50] | Testing  Loss:[5.2325e-01] | Testing  Accuracy: [0.7108]
2021-02-21 01:32:49,246 - [INFO] - => Best parameters are updated
2021-02-21 01:32:55,790 - [INFO] - => Epoch: [  40/  50] | Training Loss:[3.2868e-01] | Training Accuracy: [0.8064]
2021-02-21 01:32:57,053 - [INFO] - => Epoch: [  40/  50] | Testing  Loss:[4.9444e-01] | Testing  Accuracy: [0.7165]
2021-02-21 01:32:57,071 - [INFO] - => Best parameters are updated
2021-02-21 01:33:03,487 - [INFO] - => Epoch: [  41/  50] | Training Loss:[8.8897e-01] | Training Accuracy: [0.8114]
2021-02-21 01:33:04,806 - [INFO] - => Epoch: [  41/  50] | Testing  Loss:[5.5282e-01] | Testing  Accuracy: [0.7086]
2021-02-21 01:33:11,375 - [INFO] - => Epoch: [  42/  50] | Training Loss:[7.0473e-01] | Training Accuracy: [0.8159]
2021-02-21 01:33:12,594 - [INFO] - => Epoch: [  42/  50] | Testing  Loss:[6.4231e-01] | Testing  Accuracy: [0.7136]
2021-02-21 01:33:19,071 - [INFO] - => Epoch: [  43/  50] | Training Loss:[8.6534e-01] | Training Accuracy: [0.8168]
2021-02-21 01:33:20,391 - [INFO] - => Epoch: [  43/  50] | Testing  Loss:[6.0160e-01] | Testing  Accuracy: [0.7080]
2021-02-21 01:33:26,906 - [INFO] - => Epoch: [  44/  50] | Training Loss:[7.7437e-01] | Training Accuracy: [0.8194]
2021-02-21 01:33:28,213 - [INFO] - => Epoch: [  44/  50] | Testing  Loss:[5.6586e-01] | Testing  Accuracy: [0.7138]
2021-02-21 01:33:34,776 - [INFO] - => Epoch: [  45/  50] | Training Loss:[1.8020e-01] | Training Accuracy: [0.8237]
2021-02-21 01:33:36,021 - [INFO] - => Epoch: [  45/  50] | Testing  Loss:[4.9001e-01] | Testing  Accuracy: [0.7093]
2021-02-21 01:33:42,508 - [INFO] - => Epoch: [  46/  50] | Training Loss:[3.4326e-01] | Training Accuracy: [0.8272]
2021-02-21 01:33:43,751 - [INFO] - => Epoch: [  46/  50] | Testing  Loss:[5.4003e-01] | Testing  Accuracy: [0.7142]
2021-02-21 01:33:50,216 - [INFO] - => Epoch: [  47/  50] | Training Loss:[1.7916e-01] | Training Accuracy: [0.8292]
2021-02-21 01:33:51,516 - [INFO] - => Epoch: [  47/  50] | Testing  Loss:[6.2481e-01] | Testing  Accuracy: [0.7039]
2021-02-21 01:33:57,977 - [INFO] - => Epoch: [  48/  50] | Training Loss:[6.9400e-01] | Training Accuracy: [0.8321]
2021-02-21 01:33:59,287 - [INFO] - => Epoch: [  48/  50] | Testing  Loss:[4.8168e-01] | Testing  Accuracy: [0.7139]
2021-02-21 01:34:05,756 - [INFO] - => Epoch: [  49/  50] | Training Loss:[3.6961e-01] | Training Accuracy: [0.8351]
2021-02-21 01:34:06,998 - [INFO] - => Epoch: [  49/  50] | Testing  Loss:[4.9024e-01] | Testing  Accuracy: [0.7008]
2021-02-21 01:34:13,462 - [INFO] - => Epoch: [  50/  50] | Training Loss:[4.2298e-01] | Training Accuracy: [0.8398]
2021-02-21 01:34:14,759 - [INFO] - => Epoch: [  50/  50] | Testing  Loss:[6.1073e-01] | Testing  Accuracy: [0.7052]
2021-02-21 01:34:14,768 - [INFO] - Trained on [50] epoch, with test accuracy [0.7052149681528662].
              => During the training stages, historical best test accuracy is          [0.7164609872611465]
