2021-02-18 03:27:56,757 - [INFO] - Number of GPU available: 1
2021-02-18 03:27:56,758 - [INFO] - => Training the resnet from scratch...
2021-02-18 03:28:02,258 - [INFO] - => Epoch: [   1/  30] | Training Loss:[7.5752e-01] | Training Accuracy: [0.6440]
2021-02-18 03:28:03,249 - [INFO] - => Epoch: [   1/  30] | Testing  Loss:[5.1623e-01] | Testing  Accuracy: [0.8202]
2021-02-18 03:28:03,256 - [INFO] - => Best parameters are updated
2021-02-18 03:28:08,620 - [INFO] - => Epoch: [   2/  30] | Training Loss:[3.6558e-01] | Training Accuracy: [0.8562]
2021-02-18 03:28:09,881 - [INFO] - => Epoch: [   2/  30] | Testing  Loss:[2.4937e-01] | Testing  Accuracy: [0.8640]
2021-02-18 03:28:09,887 - [INFO] - => Best parameters are updated
2021-02-18 03:28:15,365 - [INFO] - => Epoch: [   3/  30] | Training Loss:[5.8119e-01] | Training Accuracy: [0.8810]
2021-02-18 03:28:16,305 - [INFO] - => Epoch: [   3/  30] | Testing  Loss:[1.7835e-01] | Testing  Accuracy: [0.8801]
2021-02-18 03:28:16,311 - [INFO] - => Best parameters are updated
2021-02-18 03:28:22,002 - [INFO] - => Epoch: [   4/  30] | Training Loss:[4.0005e-01] | Training Accuracy: [0.8916]
2021-02-18 03:28:22,907 - [INFO] - => Epoch: [   4/  30] | Testing  Loss:[1.5191e-01] | Testing  Accuracy: [0.8863]
2021-02-18 03:28:22,913 - [INFO] - => Best parameters are updated
2021-02-18 03:28:28,167 - [INFO] - => Epoch: [   5/  30] | Training Loss:[2.7237e-01] | Training Accuracy: [0.8971]
2021-02-18 03:28:29,097 - [INFO] - => Epoch: [   5/  30] | Testing  Loss:[1.6521e-01] | Testing  Accuracy: [0.8924]
2021-02-18 03:28:29,104 - [INFO] - => Best parameters are updated
2021-02-18 03:28:35,066 - [INFO] - => Epoch: [   6/  30] | Training Loss:[4.8939e-01] | Training Accuracy: [0.9012]
2021-02-18 03:28:36,332 - [INFO] - => Epoch: [   6/  30] | Testing  Loss:[1.4615e-01] | Testing  Accuracy: [0.8955]
2021-02-18 03:28:36,337 - [INFO] - => Best parameters are updated
2021-02-18 03:28:41,893 - [INFO] - => Epoch: [   7/  30] | Training Loss:[4.5758e-01] | Training Accuracy: [0.9054]
2021-02-18 03:28:42,874 - [INFO] - => Epoch: [   7/  30] | Testing  Loss:[1.3002e-01] | Testing  Accuracy: [0.9013]
2021-02-18 03:28:42,880 - [INFO] - => Best parameters are updated
2021-02-18 03:28:48,389 - [INFO] - => Epoch: [   8/  30] | Training Loss:[3.3028e-01] | Training Accuracy: [0.9085]
2021-02-18 03:28:49,309 - [INFO] - => Epoch: [   8/  30] | Testing  Loss:[1.3442e-01] | Testing  Accuracy: [0.9020]
2021-02-18 03:28:49,314 - [INFO] - => Best parameters are updated
2021-02-18 03:28:54,918 - [INFO] - => Epoch: [   9/  30] | Training Loss:[3.4518e-01] | Training Accuracy: [0.9116]
2021-02-18 03:28:55,882 - [INFO] - => Epoch: [   9/  30] | Testing  Loss:[1.5520e-01] | Testing  Accuracy: [0.9047]
2021-02-18 03:28:55,886 - [INFO] - => Best parameters are updated
2021-02-18 03:29:01,305 - [INFO] - => Epoch: [  10/  30] | Training Loss:[2.2471e-01] | Training Accuracy: [0.9123]
2021-02-18 03:29:02,371 - [INFO] - => Epoch: [  10/  30] | Testing  Loss:[1.5776e-01] | Testing  Accuracy: [0.9058]
2021-02-18 03:29:02,375 - [INFO] - => Best parameters are updated
2021-02-18 03:29:07,808 - [INFO] - => Epoch: [  11/  30] | Training Loss:[2.5045e-01] | Training Accuracy: [0.9149]
2021-02-18 03:29:08,682 - [INFO] - => Epoch: [  11/  30] | Testing  Loss:[1.4137e-01] | Testing  Accuracy: [0.9075]
2021-02-18 03:29:08,689 - [INFO] - => Best parameters are updated
2021-02-18 03:29:14,540 - [INFO] - => Epoch: [  12/  30] | Training Loss:[2.2852e-01] | Training Accuracy: [0.9158]
2021-02-18 03:29:15,485 - [INFO] - => Epoch: [  12/  30] | Testing  Loss:[1.5528e-01] | Testing  Accuracy: [0.9085]
2021-02-18 03:29:15,491 - [INFO] - => Best parameters are updated
2021-02-18 03:29:21,101 - [INFO] - => Epoch: [  13/  30] | Training Loss:[2.1142e-01] | Training Accuracy: [0.9175]
2021-02-18 03:29:22,124 - [INFO] - => Epoch: [  13/  30] | Testing  Loss:[1.6865e-01] | Testing  Accuracy: [0.9088]
2021-02-18 03:29:22,128 - [INFO] - => Best parameters are updated
2021-02-18 03:29:27,871 - [INFO] - => Epoch: [  14/  30] | Training Loss:[1.7340e-01] | Training Accuracy: [0.9185]
2021-02-18 03:29:28,843 - [INFO] - => Epoch: [  14/  30] | Testing  Loss:[1.3929e-01] | Testing  Accuracy: [0.9067]
2021-02-18 03:29:34,212 - [INFO] - => Epoch: [  15/  30] | Training Loss:[2.4633e-01] | Training Accuracy: [0.9195]
2021-02-18 03:29:35,199 - [INFO] - => Epoch: [  15/  30] | Testing  Loss:[1.1958e-01] | Testing  Accuracy: [0.9091]
2021-02-18 03:29:35,205 - [INFO] - => Best parameters are updated
2021-02-18 03:29:40,839 - [INFO] - => Epoch: [  16/  30] | Training Loss:[3.7925e-01] | Training Accuracy: [0.9214]
2021-02-18 03:29:41,794 - [INFO] - => Epoch: [  16/  30] | Testing  Loss:[1.3684e-01] | Testing  Accuracy: [0.9101]
2021-02-18 03:29:41,800 - [INFO] - => Best parameters are updated
2021-02-18 03:29:47,279 - [INFO] - => Epoch: [  17/  30] | Training Loss:[2.3055e-01] | Training Accuracy: [0.9218]
2021-02-18 03:29:48,481 - [INFO] - => Epoch: [  17/  30] | Testing  Loss:[1.2893e-01] | Testing  Accuracy: [0.9091]
2021-02-18 03:29:53,712 - [INFO] - => Epoch: [  18/  30] | Training Loss:[2.3979e-01] | Training Accuracy: [0.9225]
2021-02-18 03:29:54,929 - [INFO] - => Epoch: [  18/  30] | Testing  Loss:[1.0699e-01] | Testing  Accuracy: [0.9124]
2021-02-18 03:29:54,933 - [INFO] - => Best parameters are updated
2021-02-18 03:30:00,740 - [INFO] - => Epoch: [  19/  30] | Training Loss:[1.8751e-01] | Training Accuracy: [0.9238]
2021-02-18 03:30:01,708 - [INFO] - => Epoch: [  19/  30] | Testing  Loss:[1.0848e-01] | Testing  Accuracy: [0.9104]
2021-02-18 03:30:07,189 - [INFO] - => Epoch: [  20/  30] | Training Loss:[1.8544e-01] | Training Accuracy: [0.9239]
2021-02-18 03:30:08,135 - [INFO] - => Epoch: [  20/  30] | Testing  Loss:[1.1245e-01] | Testing  Accuracy: [0.9110]
2021-02-18 03:30:13,425 - [INFO] - => Epoch: [  21/  30] | Training Loss:[2.9052e-01] | Training Accuracy: [0.9253]
2021-02-18 03:30:14,430 - [INFO] - => Epoch: [  21/  30] | Testing  Loss:[1.1982e-01] | Testing  Accuracy: [0.9140]
2021-02-18 03:30:14,437 - [INFO] - => Best parameters are updated
2021-02-18 03:30:19,883 - [INFO] - => Epoch: [  22/  30] | Training Loss:[1.6726e-01] | Training Accuracy: [0.9266]
2021-02-18 03:30:20,918 - [INFO] - => Epoch: [  22/  30] | Testing  Loss:[1.1626e-01] | Testing  Accuracy: [0.9141]
2021-02-18 03:30:20,925 - [INFO] - => Best parameters are updated
2021-02-18 03:30:26,507 - [INFO] - => Epoch: [  23/  30] | Training Loss:[2.1483e-01] | Training Accuracy: [0.9272]
2021-02-18 03:30:27,513 - [INFO] - => Epoch: [  23/  30] | Testing  Loss:[1.1374e-01] | Testing  Accuracy: [0.9156]
2021-02-18 03:30:27,520 - [INFO] - => Best parameters are updated
2021-02-18 03:30:32,972 - [INFO] - => Epoch: [  24/  30] | Training Loss:[1.8067e-01] | Training Accuracy: [0.9279]
2021-02-18 03:30:33,976 - [INFO] - => Epoch: [  24/  30] | Testing  Loss:[1.2620e-01] | Testing  Accuracy: [0.9148]
2021-02-18 03:30:39,529 - [INFO] - => Epoch: [  25/  30] | Training Loss:[2.9094e-01] | Training Accuracy: [0.9287]
2021-02-18 03:30:40,464 - [INFO] - => Epoch: [  25/  30] | Testing  Loss:[9.4024e-02] | Testing  Accuracy: [0.9170]
2021-02-18 03:30:40,470 - [INFO] - => Best parameters are updated
2021-02-18 03:30:46,072 - [INFO] - => Epoch: [  26/  30] | Training Loss:[2.7310e-01] | Training Accuracy: [0.9288]
2021-02-18 03:30:47,071 - [INFO] - => Epoch: [  26/  30] | Testing  Loss:[9.8080e-02] | Testing  Accuracy: [0.9163]
2021-02-18 03:30:52,860 - [INFO] - => Epoch: [  27/  30] | Training Loss:[2.4049e-01] | Training Accuracy: [0.9297]
2021-02-18 03:30:54,101 - [INFO] - => Epoch: [  27/  30] | Testing  Loss:[1.0672e-01] | Testing  Accuracy: [0.9188]
2021-02-18 03:30:54,107 - [INFO] - => Best parameters are updated
2021-02-18 03:30:59,580 - [INFO] - => Epoch: [  28/  30] | Training Loss:[3.0950e-01] | Training Accuracy: [0.9314]
2021-02-18 03:31:00,518 - [INFO] - => Epoch: [  28/  30] | Testing  Loss:[7.4747e-02] | Testing  Accuracy: [0.9161]
2021-02-18 03:31:06,304 - [INFO] - => Epoch: [  29/  30] | Training Loss:[1.7055e-01] | Training Accuracy: [0.9320]
2021-02-18 03:31:07,330 - [INFO] - => Epoch: [  29/  30] | Testing  Loss:[9.4013e-02] | Testing  Accuracy: [0.9195]
2021-02-18 03:31:07,337 - [INFO] - => Best parameters are updated
2021-02-18 03:31:07,338 - [INFO] - => Learning rate is updated!
2021-02-18 03:31:12,683 - [INFO] - => Epoch: [  30/  30] | Training Loss:[2.8363e-01] | Training Accuracy: [0.9331]
2021-02-18 03:31:13,886 - [INFO] - => Epoch: [  30/  30] | Testing  Loss:[8.4111e-02] | Testing  Accuracy: [0.9198]
2021-02-18 03:31:13,890 - [INFO] - => Best parameters are updated
2021-02-18 03:31:13,891 - [INFO] - Trained on [30] epoch, with test accuracy [0.9197982594936709].
              => During the training stages, historical best test accuracy is          [0.9197982594936709]
