2021-02-21 01:06:13,859 - [INFO] - Number of GPU available: 2
2021-02-21 01:06:13,861 - [INFO] - => Training the resnet from scratch...
2021-02-21 01:06:18,706 - [INFO] - => Epoch: [   1/  20] | Training Loss:[1.8837e+00] | Training Accuracy: [0.4379]
2021-02-21 01:06:19,517 - [INFO] - => Epoch: [   1/  20] | Testing  Loss:[1.8174e+00] | Testing  Accuracy: [0.6680]
2021-02-21 01:06:19,528 - [INFO] - => Best parameters are updated
2021-02-21 01:06:24,448 - [INFO] - => Epoch: [   2/  20] | Training Loss:[4.9311e-01] | Training Accuracy: [0.8170]
2021-02-21 01:06:25,356 - [INFO] - => Epoch: [   2/  20] | Testing  Loss:[2.8311e-01] | Testing  Accuracy: [0.8972]
2021-02-21 01:06:25,367 - [INFO] - => Best parameters are updated
2021-02-21 01:06:30,248 - [INFO] - => Epoch: [   3/  20] | Training Loss:[1.5262e-01] | Training Accuracy: [0.9181]
2021-02-21 01:06:31,065 - [INFO] - => Epoch: [   3/  20] | Testing  Loss:[9.3554e-02] | Testing  Accuracy: [0.9307]
2021-02-21 01:06:31,085 - [INFO] - => Best parameters are updated
2021-02-21 01:06:36,252 - [INFO] - => Epoch: [   4/  20] | Training Loss:[2.8645e-01] | Training Accuracy: [0.9424]
2021-02-21 01:06:37,058 - [INFO] - => Epoch: [   4/  20] | Testing  Loss:[3.8955e-02] | Testing  Accuracy: [0.9451]
2021-02-21 01:06:37,068 - [INFO] - => Best parameters are updated
2021-02-21 01:06:41,878 - [INFO] - => Epoch: [   5/  20] | Training Loss:[9.1722e-02] | Training Accuracy: [0.9543]
2021-02-21 01:06:42,740 - [INFO] - => Epoch: [   5/  20] | Testing  Loss:[2.6196e-02] | Testing  Accuracy: [0.9527]
2021-02-21 01:06:42,751 - [INFO] - => Best parameters are updated
2021-02-21 01:06:47,771 - [INFO] - => Epoch: [   6/  20] | Training Loss:[9.1429e-02] | Training Accuracy: [0.9618]
2021-02-21 01:06:48,722 - [INFO] - => Epoch: [   6/  20] | Testing  Loss:[1.6749e-02] | Testing  Accuracy: [0.9580]
2021-02-21 01:06:48,773 - [INFO] - => Best parameters are updated
2021-02-21 01:06:53,662 - [INFO] - => Epoch: [   7/  20] | Training Loss:[1.0349e-01] | Training Accuracy: [0.9670]
2021-02-21 01:06:54,502 - [INFO] - => Epoch: [   7/  20] | Testing  Loss:[1.3849e-02] | Testing  Accuracy: [0.9620]
2021-02-21 01:06:54,513 - [INFO] - => Best parameters are updated
2021-02-21 01:06:59,447 - [INFO] - => Epoch: [   8/  20] | Training Loss:[1.6043e-01] | Training Accuracy: [0.9704]
2021-02-21 01:07:00,509 - [INFO] - => Epoch: [   8/  20] | Testing  Loss:[1.2545e-02] | Testing  Accuracy: [0.9641]
2021-02-21 01:07:00,520 - [INFO] - => Best parameters are updated
2021-02-21 01:07:05,443 - [INFO] - => Epoch: [   9/  20] | Training Loss:[9.1376e-02] | Training Accuracy: [0.9728]
2021-02-21 01:07:06,303 - [INFO] - => Epoch: [   9/  20] | Testing  Loss:[7.2243e-03] | Testing  Accuracy: [0.9665]
2021-02-21 01:07:06,312 - [INFO] - => Best parameters are updated
2021-02-21 01:07:11,243 - [INFO] - => Epoch: [  10/  20] | Training Loss:[3.8326e-02] | Training Accuracy: [0.9753]
2021-02-21 01:07:12,143 - [INFO] - => Epoch: [  10/  20] | Testing  Loss:[6.6370e-03] | Testing  Accuracy: [0.9675]
2021-02-21 01:07:12,154 - [INFO] - => Best parameters are updated
2021-02-21 01:07:17,031 - [INFO] - => Epoch: [  11/  20] | Training Loss:[6.5095e-02] | Training Accuracy: [0.9767]
2021-02-21 01:07:17,944 - [INFO] - => Epoch: [  11/  20] | Testing  Loss:[6.0099e-03] | Testing  Accuracy: [0.9692]
2021-02-21 01:07:17,953 - [INFO] - => Best parameters are updated
2021-02-21 01:07:22,869 - [INFO] - => Epoch: [  12/  20] | Training Loss:[6.2388e-02] | Training Accuracy: [0.9783]
2021-02-21 01:07:23,761 - [INFO] - => Epoch: [  12/  20] | Testing  Loss:[4.7949e-03] | Testing  Accuracy: [0.9701]
2021-02-21 01:07:23,777 - [INFO] - => Best parameters are updated
2021-02-21 01:07:28,872 - [INFO] - => Epoch: [  13/  20] | Training Loss:[4.0278e-02] | Training Accuracy: [0.9794]
2021-02-21 01:07:29,908 - [INFO] - => Epoch: [  13/  20] | Testing  Loss:[5.5606e-03] | Testing  Accuracy: [0.9698]
2021-02-21 01:07:34,868 - [INFO] - => Epoch: [  14/  20] | Training Loss:[6.9816e-02] | Training Accuracy: [0.9802]
2021-02-21 01:07:35,832 - [INFO] - => Epoch: [  14/  20] | Testing  Loss:[4.2749e-03] | Testing  Accuracy: [0.9714]
2021-02-21 01:07:35,844 - [INFO] - => Best parameters are updated
2021-02-21 01:07:40,662 - [INFO] - => Epoch: [  15/  20] | Training Loss:[1.1267e-01] | Training Accuracy: [0.9810]
2021-02-21 01:07:41,611 - [INFO] - => Epoch: [  15/  20] | Testing  Loss:[4.9606e-03] | Testing  Accuracy: [0.9710]
2021-02-21 01:07:46,526 - [INFO] - => Epoch: [  16/  20] | Training Loss:[5.4086e-02] | Training Accuracy: [0.9819]
2021-02-21 01:07:47,615 - [INFO] - => Epoch: [  16/  20] | Testing  Loss:[2.8352e-03] | Testing  Accuracy: [0.9720]
2021-02-21 01:07:47,626 - [INFO] - => Best parameters are updated
2021-02-21 01:07:52,621 - [INFO] - => Epoch: [  17/  20] | Training Loss:[3.1454e-02] | Training Accuracy: [0.9824]
2021-02-21 01:07:53,429 - [INFO] - => Epoch: [  17/  20] | Testing  Loss:[2.8821e-03] | Testing  Accuracy: [0.9727]
2021-02-21 01:07:53,438 - [INFO] - => Best parameters are updated
2021-02-21 01:07:58,421 - [INFO] - => Epoch: [  18/  20] | Training Loss:[2.7512e-02] | Training Accuracy: [0.9830]
2021-02-21 01:07:59,262 - [INFO] - => Epoch: [  18/  20] | Testing  Loss:[5.2643e-03] | Testing  Accuracy: [0.9721]
2021-02-21 01:08:04,322 - [INFO] - => Epoch: [  19/  20] | Training Loss:[3.5482e-02] | Training Accuracy: [0.9836]
2021-02-21 01:08:05,130 - [INFO] - => Epoch: [  19/  20] | Testing  Loss:[3.0452e-03] | Testing  Accuracy: [0.9738]
2021-02-21 01:08:05,140 - [INFO] - => Best parameters are updated
2021-02-21 01:08:10,082 - [INFO] - => Epoch: [  20/  20] | Training Loss:[6.2215e-02] | Training Accuracy: [0.9840]
2021-02-21 01:08:11,061 - [INFO] - => Epoch: [  20/  20] | Testing  Loss:[2.2585e-03] | Testing  Accuracy: [0.9740]
2021-02-21 01:08:11,078 - [INFO] - => Best parameters are updated
2021-02-21 01:08:11,078 - [INFO] - Trained on [20] epoch, with test accuracy [0.9739912974683544].
              => During the training stages, historical best test accuracy is          [0.9739912974683544]
